{"total": {"lines":{"total":18258,"covered":14234,"skipped":0,"pct":77.96},"statements":{"total":19971,"covered":15470,"skipped":0,"pct":77.46},"functions":{"total":10083,"covered":7243,"skipped":0,"pct":71.83},"branches":{"total":8387,"covered":5459,"skipped":0,"pct":65.08},"branchesTrue":{"total":0,"covered":0,"skipped":0,"pct":100}}
,"/home/runner/work/alfa/alfa/packages/alfa-act/src/audit.ts": {"lines":{"total":8,"covered":0,"skipped":0,"pct":0},"functions":{"total":5,"covered":1,"skipped":0,"pct":20},"statements":{"total":8,"covered":0,"skipped":0,"pct":0},"branches":{"total":1,"covered":0,"skipped":0,"pct":0}}
,"/home/runner/work/alfa/alfa/packages/alfa-act/src/cache.ts": {"lines":{"total":7,"covered":7,"skipped":0,"pct":100},"functions":{"total":3,"covered":3,"skipped":0,"pct":100},"statements":{"total":7,"covered":7,"skipped":0,"pct":100},"branches":{"total":2,"covered":1,"skipped":0,"pct":50}}
,"/home/runner/work/alfa/alfa/packages/alfa-act/src/diagnostic.ts": {"lines":{"total":10,"covered":7,"skipped":0,"pct":70},"functions":{"total":8,"covered":5,"skipped":0,"pct":62.5},"statements":{"total":10,"covered":7,"skipped":0,"pct":70},"branches":{"total":4,"covered":1,"skipped":0,"pct":25}}
,"/home/runner/work/alfa/alfa/packages/alfa-act/src/index.ts": {"lines":{"total":0,"covered":0,"skipped":0,"pct":0},"functions":{"total":0,"covered":0,"skipped":0,"pct":0},"statements":{"total":0,"covered":0,"skipped":0,"pct":0},"branches":{"total":0,"covered":0,"skipped":0,"pct":0}}
,"/home/runner/work/alfa/alfa/packages/alfa-act/src/interview.ts": {"lines":{"total":13,"covered":13,"skipped":0,"pct":100},"functions":{"total":7,"covered":7,"skipped":0,"pct":100},"statements":{"total":13,"covered":13,"skipped":0,"pct":100},"branches":{"total":7,"covered":7,"skipped":0,"pct":100}}
,"/home/runner/work/alfa/alfa/packages/alfa-act/src/oracle.ts": {"lines":{"total":0,"covered":0,"skipped":0,"pct":0},"functions":{"total":0,"covered":0,"skipped":0,"pct":0},"statements":{"total":0,"covered":0,"skipped":0,"pct":0},"branches":{"total":0,"covered":0,"skipped":0,"pct":0}}
,"/home/runner/work/alfa/alfa/packages/alfa-act/src/outcome.ts": {"lines":{"total":138,"covered":75,"skipped":0,"pct":54.34},"functions":{"total":72,"covered":45,"skipped":0,"pct":62.5},"statements":{"total":138,"covered":75,"skipped":0,"pct":54.34},"branches":{"total":39,"covered":19,"skipped":0,"pct":48.71}}
,"/home/runner/work/alfa/alfa/packages/alfa-act/src/question.ts": {"lines":{"total":60,"covered":50,"skipped":0,"pct":83.33},"functions":{"total":29,"covered":18,"skipped":0,"pct":62.06},"statements":{"total":61,"covered":50,"skipped":0,"pct":81.96},"branches":{"total":21,"covered":19,"skipped":0,"pct":90.47}}
,"/home/runner/work/alfa/alfa/packages/alfa-act/src/requirement.ts": {"lines":{"total":10,"covered":5,"skipped":0,"pct":50},"functions":{"total":8,"covered":3,"skipped":0,"pct":37.5},"statements":{"total":10,"covered":5,"skipped":0,"pct":50},"branches":{"total":4,"covered":1,"skipped":0,"pct":25}}
,"/home/runner/work/alfa/alfa/packages/alfa-act/src/rule.ts": {"lines":{"total":123,"covered":86,"skipped":0,"pct":69.91},"functions":{"total":86,"covered":54,"skipped":0,"pct":62.79},"statements":{"total":123,"covered":86,"skipped":0,"pct":69.91},"branches":{"total":52,"covered":34,"skipped":0,"pct":65.38}}
,"/home/runner/work/alfa/alfa/packages/alfa-act/src/tag.ts": {"lines":{"total":5,"covered":3,"skipped":0,"pct":60},"functions":{"total":5,"covered":3,"skipped":0,"pct":60},"statements":{"total":5,"covered":3,"skipped":0,"pct":60},"branches":{"total":7,"covered":1,"skipped":0,"pct":14.28}}
,"/home/runner/work/alfa/alfa/packages/alfa-affine/src/index.ts": {"lines":{"total":0,"covered":0,"skipped":0,"pct":0},"functions":{"total":0,"covered":0,"skipped":0,"pct":0},"statements":{"total":0,"covered":0,"skipped":0,"pct":0},"branches":{"total":0,"covered":0,"skipped":0,"pct":0}}
,"/home/runner/work/alfa/alfa/packages/alfa-affine/src/transformation.ts": {"lines":{"total":78,"covered":61,"skipped":0,"pct":78.2},"functions":{"total":22,"covered":15,"skipped":0,"pct":68.18},"statements":{"total":82,"covered":64,"skipped":0,"pct":78.04},"branches":{"total":50,"covered":40,"skipped":0,"pct":80}}
,"/home/runner/work/alfa/alfa/packages/alfa-applicative/src/applicative.ts": {"lines":{"total":0,"covered":0,"skipped":0,"pct":0},"functions":{"total":0,"covered":0,"skipped":0,"pct":0},"statements":{"total":0,"covered":0,"skipped":0,"pct":0},"branches":{"total":0,"covered":0,"skipped":0,"pct":0}}
,"/home/runner/work/alfa/alfa/packages/alfa-applicative/src/index.ts": {"lines":{"total":0,"covered":0,"skipped":0,"pct":0},"functions":{"total":0,"covered":0,"skipped":0,"pct":0},"statements":{"total":0,"covered":0,"skipped":0,"pct":0},"branches":{"total":0,"covered":0,"skipped":0,"pct":0}}
,"/home/runner/work/alfa/alfa/packages/alfa-aria/src/attribute.ts": {"lines":{"total":21,"covered":16,"skipped":0,"pct":76.19},"functions":{"total":13,"covered":11,"skipped":0,"pct":84.61},"statements":{"total":21,"covered":16,"skipped":0,"pct":76.19},"branches":{"total":9,"covered":6,"skipped":0,"pct":66.66}}
,"/home/runner/work/alfa/alfa/packages/alfa-aria/src/feature.ts": {"lines":{"total":224,"covered":176,"skipped":0,"pct":78.57},"functions":{"total":111,"covered":97,"skipped":0,"pct":87.38},"statements":{"total":228,"covered":180,"skipped":0,"pct":78.94},"branches":{"total":87,"covered":64,"skipped":0,"pct":73.56}}
,"/home/runner/work/alfa/alfa/packages/alfa-aria/src/index.ts": {"lines":{"total":2,"covered":2,"skipped":0,"pct":100},"functions":{"total":1,"covered":1,"skipped":0,"pct":100},"statements":{"total":2,"covered":2,"skipped":0,"pct":100},"branches":{"total":2,"covered":2,"skipped":0,"pct":100}}
,"/home/runner/work/alfa/alfa/packages/alfa-aria/src/node.ts": {"lines":{"total":117,"covered":114,"skipped":0,"pct":97.43},"functions":{"total":43,"covered":42,"skipped":0,"pct":97.67},"statements":{"total":120,"covered":117,"skipped":0,"pct":97.5},"branches":{"total":62,"covered":59,"skipped":0,"pct":95.16}}
,"/home/runner/work/alfa/alfa/packages/alfa-aria/src/role.ts": {"lines":{"total":88,"covered":85,"skipped":0,"pct":96.59},"functions":{"total":53,"covered":51,"skipped":0,"pct":96.22},"statements":{"total":89,"covered":86,"skipped":0,"pct":96.62},"branches":{"total":29,"covered":25,"skipped":0,"pct":86.2}}
,"/home/runner/work/alfa/alfa/packages/alfa-aria/src/attribute/data.ts": {"lines":{"total":1,"covered":1,"skipped":0,"pct":100},"functions":{"total":0,"covered":0,"skipped":0,"pct":100},"statements":{"total":1,"covered":1,"skipped":0,"pct":100},"branches":{"total":0,"covered":0,"skipped":0,"pct":100}}
,"/home/runner/work/alfa/alfa/packages/alfa-aria/src/dom/dom.ts": {"lines":{"total":0,"covered":0,"skipped":0,"pct":0},"functions":{"total":0,"covered":0,"skipped":0,"pct":0},"statements":{"total":0,"covered":0,"skipped":0,"pct":0},"branches":{"total":0,"covered":0,"skipped":0,"pct":0}}
,"/home/runner/work/alfa/alfa/packages/alfa-aria/src/dom/predicate/has-accessible-name.ts": {"lines":{"total":4,"covered":4,"skipped":0,"pct":100},"functions":{"total":3,"covered":3,"skipped":0,"pct":100},"statements":{"total":5,"covered":5,"skipped":0,"pct":100},"branches":{"total":3,"covered":2,"skipped":0,"pct":66.66}}
,"/home/runner/work/alfa/alfa/packages/alfa-aria/src/dom/predicate/has-explicit-role.ts": {"lines":{"total":6,"covered":6,"skipped":0,"pct":100},"functions":{"total":3,"covered":3,"skipped":0,"pct":100},"statements":{"total":7,"covered":7,"skipped":0,"pct":100},"branches":{"total":3,"covered":3,"skipped":0,"pct":100}}
,"/home/runner/work/alfa/alfa/packages/alfa-aria/src/dom/predicate/has-heading-level.ts": {"lines":{"total":4,"covered":3,"skipped":0,"pct":75},"functions":{"total":4,"covered":3,"skipped":0,"pct":75},"statements":{"total":4,"covered":3,"skipped":0,"pct":75},"branches":{"total":1,"covered":0,"skipped":0,"pct":0}}
,"/home/runner/work/alfa/alfa/packages/alfa-aria/src/dom/predicate/has-implicit-role.ts": {"lines":{"total":5,"covered":4,"skipped":0,"pct":80},"functions":{"total":2,"covered":2,"skipped":0,"pct":100},"statements":{"total":6,"covered":5,"skipped":0,"pct":83.33},"branches":{"total":2,"covered":1,"skipped":0,"pct":50}}
,"/home/runner/work/alfa/alfa/packages/alfa-aria/src/dom/predicate/has-incorrect-role-without-name.ts": {"lines":{"total":4,"covered":4,"skipped":0,"pct":100},"functions":{"total":1,"covered":1,"skipped":0,"pct":100},"statements":{"total":4,"covered":4,"skipped":0,"pct":100},"branches":{"total":0,"covered":0,"skipped":0,"pct":100}}
,"/home/runner/work/alfa/alfa/packages/alfa-aria/src/dom/predicate/has-non-default-role.ts": {"lines":{"total":4,"covered":4,"skipped":0,"pct":100},"functions":{"total":3,"covered":3,"skipped":0,"pct":100},"statements":{"total":4,"covered":4,"skipped":0,"pct":100},"branches":{"total":0,"covered":0,"skipped":0,"pct":100}}
,"/home/runner/work/alfa/alfa/packages/alfa-aria/src/dom/predicate/has-non-empty-accessible-name.ts": {"lines":{"total":2,"covered":2,"skipped":0,"pct":100},"functions":{"total":2,"covered":2,"skipped":0,"pct":100},"statements":{"total":2,"covered":2,"skipped":0,"pct":100},"branches":{"total":0,"covered":0,"skipped":0,"pct":100}}
,"/home/runner/work/alfa/alfa/packages/alfa-aria/src/dom/predicate/has-role.ts": {"lines":{"total":5,"covered":4,"skipped":0,"pct":80},"functions":{"total":3,"covered":2,"skipped":0,"pct":66.66},"statements":{"total":6,"covered":5,"skipped":0,"pct":83.33},"branches":{"total":3,"covered":2,"skipped":0,"pct":66.66}}
,"/home/runner/work/alfa/alfa/packages/alfa-aria/src/dom/predicate/is-included-accessibility-tree.ts": {"lines":{"total":2,"covered":2,"skipped":0,"pct":100},"functions":{"total":4,"covered":4,"skipped":0,"pct":100},"statements":{"total":4,"covered":4,"skipped":0,"pct":100},"branches":{"total":0,"covered":0,"skipped":0,"pct":100}}
,"/home/runner/work/alfa/alfa/packages/alfa-aria/src/dom/predicate/is-marked-decorative.ts": {"lines":{"total":10,"covered":10,"skipped":0,"pct":100},"functions":{"total":5,"covered":5,"skipped":0,"pct":100},"statements":{"total":11,"covered":11,"skipped":0,"pct":100},"branches":{"total":6,"covered":6,"skipped":0,"pct":100}}
,"/home/runner/work/alfa/alfa/packages/alfa-aria/src/dom/predicate/is-perceivable.ts": {"lines":{"total":4,"covered":4,"skipped":0,"pct":100},"functions":{"total":2,"covered":2,"skipped":0,"pct":100},"statements":{"total":4,"covered":4,"skipped":0,"pct":100},"branches":{"total":0,"covered":0,"skipped":0,"pct":100}}
,"/home/runner/work/alfa/alfa/packages/alfa-aria/src/dom/predicate/is-programmatically-hidden.ts": {"lines":{"total":10,"covered":10,"skipped":0,"pct":100},"functions":{"total":5,"covered":5,"skipped":0,"pct":100},"statements":{"total":10,"covered":10,"skipped":0,"pct":100},"branches":{"total":1,"covered":1,"skipped":0,"pct":100}}
,"/home/runner/work/alfa/alfa/packages/alfa-aria/src/dom/predicate/is-semantically-disabled.ts": {"lines":{"total":2,"covered":2,"skipped":0,"pct":100},"functions":{"total":0,"covered":0,"skipped":0,"pct":100},"statements":{"total":2,"covered":2,"skipped":0,"pct":100},"branches":{"total":0,"covered":0,"skipped":0,"pct":100}}
,"/home/runner/work/alfa/alfa/packages/alfa-aria/src/name/index.ts": {"lines":{"total":0,"covered":0,"skipped":0,"pct":0},"functions":{"total":0,"covered":0,"skipped":0,"pct":0},"statements":{"total":0,"covered":0,"skipped":0,"pct":0},"branches":{"total":0,"covered":0,"skipped":0,"pct":0}}
,"/home/runner/work/alfa/alfa/packages/alfa-aria/src/name/name.ts": {"lines":{"total":127,"covered":123,"skipped":0,"pct":96.85},"functions":{"total":58,"covered":55,"skipped":0,"pct":94.82},"statements":{"total":130,"covered":126,"skipped":0,"pct":96.92},"branches":{"total":83,"covered":76,"skipped":0,"pct":91.56}}
,"/home/runner/work/alfa/alfa/packages/alfa-aria/src/name/source.ts": {"lines":{"total":60,"covered":43,"skipped":0,"pct":71.66},"functions":{"total":44,"covered":27,"skipped":0,"pct":61.36},"statements":{"total":60,"covered":43,"skipped":0,"pct":71.66},"branches":{"total":14,"covered":2,"skipped":0,"pct":14.28}}
,"/home/runner/work/alfa/alfa/packages/alfa-aria/src/name/state.ts": {"lines":{"total":31,"covered":23,"skipped":0,"pct":74.19},"functions":{"total":18,"covered":11,"skipped":0,"pct":61.11},"statements":{"total":31,"covered":23,"skipped":0,"pct":74.19},"branches":{"total":16,"covered":8,"skipped":0,"pct":50}}
,"/home/runner/work/alfa/alfa/packages/alfa-aria/src/name/predicate/has-value.ts": {"lines":{"total":5,"covered":4,"skipped":0,"pct":80},"functions":{"total":2,"covered":2,"skipped":0,"pct":100},"statements":{"total":6,"covered":5,"skipped":0,"pct":83.33},"branches":{"total":2,"covered":1,"skipped":0,"pct":50}}
,"/home/runner/work/alfa/alfa/packages/alfa-aria/src/name/predicate/index.ts": {"lines":{"total":0,"covered":0,"skipped":0,"pct":0},"functions":{"total":0,"covered":0,"skipped":0,"pct":0},"statements":{"total":0,"covered":0,"skipped":0,"pct":0},"branches":{"total":0,"covered":0,"skipped":0,"pct":0}}
,"/home/runner/work/alfa/alfa/packages/alfa-aria/src/node/container.ts": {"lines":{"total":11,"covered":7,"skipped":0,"pct":63.63},"functions":{"total":10,"covered":6,"skipped":0,"pct":60},"statements":{"total":11,"covered":7,"skipped":0,"pct":63.63},"branches":{"total":3,"covered":2,"skipped":0,"pct":66.66}}
,"/home/runner/work/alfa/alfa/packages/alfa-aria/src/node/element.ts": {"lines":{"total":34,"covered":25,"skipped":0,"pct":73.52},"functions":{"total":26,"covered":17,"skipped":0,"pct":65.38},"statements":{"total":36,"covered":26,"skipped":0,"pct":72.22},"branches":{"total":18,"covered":10,"skipped":0,"pct":55.55}}
,"/home/runner/work/alfa/alfa/packages/alfa-aria/src/node/inert.ts": {"lines":{"total":8,"covered":6,"skipped":0,"pct":75},"functions":{"total":6,"covered":4,"skipped":0,"pct":66.66},"statements":{"total":8,"covered":6,"skipped":0,"pct":75},"branches":{"total":0,"covered":0,"skipped":0,"pct":100}}
,"/home/runner/work/alfa/alfa/packages/alfa-aria/src/node/predicate.ts": {"lines":{"total":0,"covered":0,"skipped":0,"pct":0},"functions":{"total":0,"covered":0,"skipped":0,"pct":0},"statements":{"total":0,"covered":0,"skipped":0,"pct":0},"branches":{"total":0,"covered":0,"skipped":0,"pct":0}}
,"/home/runner/work/alfa/alfa/packages/alfa-aria/src/node/text.ts": {"lines":{"total":11,"covered":8,"skipped":0,"pct":72.72},"functions":{"total":9,"covered":5,"skipped":0,"pct":55.55},"statements":{"total":12,"covered":8,"skipped":0,"pct":66.66},"branches":{"total":0,"covered":0,"skipped":0,"pct":100}}
,"/home/runner/work/alfa/alfa/packages/alfa-aria/src/node/predicate/has-attribute.ts": {"lines":{"total":7,"covered":5,"skipped":0,"pct":71.42},"functions":{"total":4,"covered":2,"skipped":0,"pct":50},"statements":{"total":9,"covered":6,"skipped":0,"pct":66.66},"branches":{"total":3,"covered":1,"skipped":0,"pct":33.33}}
,"/home/runner/work/alfa/alfa/packages/alfa-aria/src/node/predicate/has-name.ts": {"lines":{"total":3,"covered":2,"skipped":0,"pct":66.66},"functions":{"total":3,"covered":2,"skipped":0,"pct":66.66},"statements":{"total":4,"covered":3,"skipped":0,"pct":75},"branches":{"total":3,"covered":1,"skipped":0,"pct":33.33}}
,"/home/runner/work/alfa/alfa/packages/alfa-aria/src/node/predicate/has-role.ts": {"lines":{"total":5,"covered":3,"skipped":0,"pct":60},"functions":{"total":3,"covered":2,"skipped":0,"pct":66.66},"statements":{"total":6,"covered":4,"skipped":0,"pct":66.66},"branches":{"total":3,"covered":1,"skipped":0,"pct":33.33}}
,"/home/runner/work/alfa/alfa/packages/alfa-aria/src/role/data.ts": {"lines":{"total":1,"covered":1,"skipped":0,"pct":100},"functions":{"total":0,"covered":0,"skipped":0,"pct":100},"statements":{"total":1,"covered":1,"skipped":0,"pct":100},"branches":{"total":0,"covered":0,"skipped":0,"pct":100}}
,"/home/runner/work/alfa/alfa/packages/alfa-aria/src/role/predicate.ts": {"lines":{"total":0,"covered":0,"skipped":0,"pct":0},"functions":{"total":0,"covered":0,"skipped":0,"pct":0},"statements":{"total":0,"covered":0,"skipped":0,"pct":0},"branches":{"total":0,"covered":0,"skipped":0,"pct":0}}
,"/home/runner/work/alfa/alfa/packages/alfa-aria/src/role/predicate/has-name.ts": {"lines":{"total":5,"covered":4,"skipped":0,"pct":80},"functions":{"total":2,"covered":2,"skipped":0,"pct":100},"statements":{"total":6,"covered":5,"skipped":0,"pct":83.33},"branches":{"total":2,"covered":1,"skipped":0,"pct":50}}
,"/home/runner/work/alfa/alfa/packages/alfa-array/src/array.ts": {"lines":{"total":183,"covered":183,"skipped":0,"pct":100},"functions":{"total":55,"covered":55,"skipped":0,"pct":100},"statements":{"total":217,"covered":217,"skipped":0,"pct":100},"branches":{"total":49,"covered":49,"skipped":0,"pct":100}}
,"/home/runner/work/alfa/alfa/packages/alfa-array/src/builtin.ts": {"lines":{"total":1,"covered":1,"skipped":0,"pct":100},"functions":{"total":0,"covered":0,"skipped":0,"pct":100},"statements":{"total":1,"covered":1,"skipped":0,"pct":100},"branches":{"total":0,"covered":0,"skipped":0,"pct":100}}
,"/home/runner/work/alfa/alfa/packages/alfa-array/src/index.ts": {"lines":{"total":0,"covered":0,"skipped":0,"pct":0},"functions":{"total":0,"covered":0,"skipped":0,"pct":0},"statements":{"total":0,"covered":0,"skipped":0,"pct":0},"branches":{"total":0,"covered":0,"skipped":0,"pct":0}}
,"/home/runner/work/alfa/alfa/packages/alfa-bits/src/bits.ts": {"lines":{"total":20,"covered":20,"skipped":0,"pct":100},"functions":{"total":8,"covered":8,"skipped":0,"pct":100},"statements":{"total":20,"covered":20,"skipped":0,"pct":100},"branches":{"total":2,"covered":2,"skipped":0,"pct":100}}
,"/home/runner/work/alfa/alfa/packages/alfa-bits/src/index.ts": {"lines":{"total":0,"covered":0,"skipped":0,"pct":0},"functions":{"total":0,"covered":0,"skipped":0,"pct":0},"statements":{"total":0,"covered":0,"skipped":0,"pct":0},"branches":{"total":0,"covered":0,"skipped":0,"pct":0}}
,"/home/runner/work/alfa/alfa/packages/alfa-branched/src/branched.ts": {"lines":{"total":112,"covered":56,"skipped":0,"pct":50},"functions":{"total":90,"covered":42,"skipped":0,"pct":46.66},"statements":{"total":120,"covered":61,"skipped":0,"pct":50.83},"branches":{"total":34,"covered":25,"skipped":0,"pct":73.52}}
,"/home/runner/work/alfa/alfa/packages/alfa-branched/src/index.ts": {"lines":{"total":0,"covered":0,"skipped":0,"pct":0},"functions":{"total":0,"covered":0,"skipped":0,"pct":0},"statements":{"total":0,"covered":0,"skipped":0,"pct":0},"branches":{"total":0,"covered":0,"skipped":0,"pct":0}}
,"/home/runner/work/alfa/alfa/packages/alfa-cache/src/cache.ts": {"lines":{"total":33,"covered":33,"skipped":0,"pct":100},"functions":{"total":13,"covered":13,"skipped":0,"pct":100},"statements":{"total":33,"covered":33,"skipped":0,"pct":100},"branches":{"total":16,"covered":15,"skipped":0,"pct":93.75}}
,"/home/runner/work/alfa/alfa/packages/alfa-cache/src/index.ts": {"lines":{"total":0,"covered":0,"skipped":0,"pct":0},"functions":{"total":0,"covered":0,"skipped":0,"pct":0},"statements":{"total":0,"covered":0,"skipped":0,"pct":0},"branches":{"total":0,"covered":0,"skipped":0,"pct":0}}
,"/home/runner/work/alfa/alfa/packages/alfa-callback/src/callback.ts": {"lines":{"total":3,"covered":3,"skipped":0,"pct":100},"functions":{"total":3,"covered":3,"skipped":0,"pct":100},"statements":{"total":4,"covered":4,"skipped":0,"pct":100},"branches":{"total":2,"covered":2,"skipped":0,"pct":100}}
,"/home/runner/work/alfa/alfa/packages/alfa-callback/src/index.ts": {"lines":{"total":0,"covered":0,"skipped":0,"pct":0},"functions":{"total":0,"covered":0,"skipped":0,"pct":0},"statements":{"total":0,"covered":0,"skipped":0,"pct":0},"branches":{"total":0,"covered":0,"skipped":0,"pct":0}}
,"/home/runner/work/alfa/alfa/packages/alfa-cascade/src/ancestor-filter.ts": {"lines":{"total":46,"covered":42,"skipped":0,"pct":91.3},"functions":{"total":14,"covered":14,"skipped":0,"pct":100},"statements":{"total":46,"covered":42,"skipped":0,"pct":91.3},"branches":{"total":27,"covered":19,"skipped":0,"pct":70.37}}
,"/home/runner/work/alfa/alfa/packages/alfa-cascade/src/block.ts": {"lines":{"total":39,"covered":36,"skipped":0,"pct":92.3},"functions":{"total":19,"covered":16,"skipped":0,"pct":84.21},"statements":{"total":39,"covered":36,"skipped":0,"pct":92.3},"branches":{"total":28,"covered":19,"skipped":0,"pct":67.85}}
,"/home/runner/work/alfa/alfa/packages/alfa-cascade/src/cascade.ts": {"lines":{"total":39,"covered":39,"skipped":0,"pct":100},"functions":{"total":14,"covered":14,"skipped":0,"pct":100},"statements":{"total":39,"covered":39,"skipped":0,"pct":100},"branches":{"total":9,"covered":9,"skipped":0,"pct":100}}
,"/home/runner/work/alfa/alfa/packages/alfa-cascade/src/index.ts": {"lines":{"total":0,"covered":0,"skipped":0,"pct":0},"functions":{"total":0,"covered":0,"skipped":0,"pct":0},"statements":{"total":0,"covered":0,"skipped":0,"pct":0},"branches":{"total":0,"covered":0,"skipped":0,"pct":0}}
,"/home/runner/work/alfa/alfa/packages/alfa-cascade/src/rule-tree.ts": {"lines":{"total":31,"covered":30,"skipped":0,"pct":96.77},"functions":{"total":16,"covered":15,"skipped":0,"pct":93.75},"statements":{"total":32,"covered":31,"skipped":0,"pct":96.87},"branches":{"total":14,"covered":13,"skipped":0,"pct":92.85}}
,"/home/runner/work/alfa/alfa/packages/alfa-cascade/src/selector-map.ts": {"lines":{"total":101,"covered":98,"skipped":0,"pct":97.02},"functions":{"total":39,"covered":38,"skipped":0,"pct":97.43},"statements":{"total":108,"covered":104,"skipped":0,"pct":96.29},"branches":{"total":36,"covered":32,"skipped":0,"pct":88.88}}
,"/home/runner/work/alfa/alfa/packages/alfa-cascade/src/user-agent.ts": {"lines":{"total":1,"covered":1,"skipped":0,"pct":100},"functions":{"total":0,"covered":0,"skipped":0,"pct":100},"statements":{"total":1,"covered":1,"skipped":0,"pct":100},"branches":{"total":0,"covered":0,"skipped":0,"pct":100}}
,"/home/runner/work/alfa/alfa/packages/alfa-cascade/src/precedence/encapsulation.ts": {"lines":{"total":2,"covered":2,"skipped":0,"pct":100},"functions":{"total":1,"covered":1,"skipped":0,"pct":100},"statements":{"total":2,"covered":2,"skipped":0,"pct":100},"branches":{"total":2,"covered":2,"skipped":0,"pct":100}}
,"/home/runner/work/alfa/alfa/packages/alfa-cascade/src/precedence/index.ts": {"lines":{"total":0,"covered":0,"skipped":0,"pct":0},"functions":{"total":0,"covered":0,"skipped":0,"pct":0},"statements":{"total":0,"covered":0,"skipped":0,"pct":0},"branches":{"total":0,"covered":0,"skipped":0,"pct":0}}
,"/home/runner/work/alfa/alfa/packages/alfa-cascade/src/precedence/layer.ts": {"lines":{"total":43,"covered":39,"skipped":0,"pct":90.69},"functions":{"total":19,"covered":16,"skipped":0,"pct":84.21},"statements":{"total":44,"covered":40,"skipped":0,"pct":90.9},"branches":{"total":13,"covered":8,"skipped":0,"pct":61.53}}
,"/home/runner/work/alfa/alfa/packages/alfa-cascade/src/precedence/order.ts": {"lines":{"total":2,"covered":2,"skipped":0,"pct":100},"functions":{"total":1,"covered":1,"skipped":0,"pct":100},"statements":{"total":2,"covered":2,"skipped":0,"pct":100},"branches":{"total":2,"covered":2,"skipped":0,"pct":100}}
,"/home/runner/work/alfa/alfa/packages/alfa-cascade/src/precedence/origin.ts": {"lines":{"total":15,"covered":15,"skipped":0,"pct":100},"functions":{"total":4,"covered":4,"skipped":0,"pct":100},"statements":{"total":15,"covered":15,"skipped":0,"pct":100},"branches":{"total":8,"covered":7,"skipped":0,"pct":87.5}}
,"/home/runner/work/alfa/alfa/packages/alfa-cascade/src/precedence/precedence.ts": {"lines":{"total":12,"covered":11,"skipped":0,"pct":91.66},"functions":{"total":6,"covered":5,"skipped":0,"pct":83.33},"statements":{"total":12,"covered":11,"skipped":0,"pct":91.66},"branches":{"total":8,"covered":2,"skipped":0,"pct":25}}
,"/home/runner/work/alfa/alfa/packages/alfa-cascade/test/common/common.ts": {"lines":{"total":6,"covered":6,"skipped":0,"pct":100},"functions":{"total":4,"covered":4,"skipped":0,"pct":100},"statements":{"total":6,"covered":6,"skipped":0,"pct":100},"branches":{"total":4,"covered":4,"skipped":0,"pct":100}}
,"/home/runner/work/alfa/alfa/packages/alfa-cascade/test/common/parser.ts": {"lines":{"total":3,"covered":1,"skipped":0,"pct":33.33},"functions":{"total":4,"covered":1,"skipped":0,"pct":25},"statements":{"total":4,"covered":1,"skipped":0,"pct":25},"branches":{"total":0,"covered":0,"skipped":0,"pct":100}}
,"/home/runner/work/alfa/alfa/packages/alfa-clone/src/clone.ts": {"lines":{"total":3,"covered":3,"skipped":0,"pct":100},"functions":{"total":2,"covered":2,"skipped":0,"pct":100},"statements":{"total":3,"covered":3,"skipped":0,"pct":100},"branches":{"total":2,"covered":2,"skipped":0,"pct":100}}
,"/home/runner/work/alfa/alfa/packages/alfa-clone/src/index.ts": {"lines":{"total":0,"covered":0,"skipped":0,"pct":0},"functions":{"total":0,"covered":0,"skipped":0,"pct":0},"statements":{"total":0,"covered":0,"skipped":0,"pct":0},"branches":{"total":0,"covered":0,"skipped":0,"pct":0}}
,"/home/runner/work/alfa/alfa/packages/alfa-collection/src/collection.ts": {"lines":{"total":0,"covered":0,"skipped":0,"pct":0},"functions":{"total":0,"covered":0,"skipped":0,"pct":0},"statements":{"total":0,"covered":0,"skipped":0,"pct":0},"branches":{"total":0,"covered":0,"skipped":0,"pct":0}}
,"/home/runner/work/alfa/alfa/packages/alfa-collection/src/index.ts": {"lines":{"total":0,"covered":0,"skipped":0,"pct":0},"functions":{"total":0,"covered":0,"skipped":0,"pct":0},"statements":{"total":0,"covered":0,"skipped":0,"pct":0},"branches":{"total":0,"covered":0,"skipped":0,"pct":0}}
,"/home/runner/work/alfa/alfa/packages/alfa-comparable/src/comparable.ts": {"lines":{"total":46,"covered":34,"skipped":0,"pct":73.91},"functions":{"total":15,"covered":9,"skipped":0,"pct":60},"statements":{"total":47,"covered":35,"skipped":0,"pct":74.46},"branches":{"total":18,"covered":12,"skipped":0,"pct":66.66}}
,"/home/runner/work/alfa/alfa/packages/alfa-comparable/src/comparer.ts": {"lines":{"total":0,"covered":0,"skipped":0,"pct":0},"functions":{"total":0,"covered":0,"skipped":0,"pct":0},"statements":{"total":0,"covered":0,"skipped":0,"pct":0},"branches":{"total":0,"covered":0,"skipped":0,"pct":0}}
,"/home/runner/work/alfa/alfa/packages/alfa-comparable/src/comparison.ts": {"lines":{"total":4,"covered":4,"skipped":0,"pct":100},"functions":{"total":1,"covered":1,"skipped":0,"pct":100},"statements":{"total":4,"covered":4,"skipped":0,"pct":100},"branches":{"total":2,"covered":2,"skipped":0,"pct":100}}
,"/home/runner/work/alfa/alfa/packages/alfa-comparable/src/index.ts": {"lines":{"total":0,"covered":0,"skipped":0,"pct":0},"functions":{"total":0,"covered":0,"skipped":0,"pct":0},"statements":{"total":0,"covered":0,"skipped":0,"pct":0},"branches":{"total":0,"covered":0,"skipped":0,"pct":0}}
,"/home/runner/work/alfa/alfa/packages/alfa-compatibility/src/browser.ts": {"lines":{"total":70,"covered":0,"skipped":0,"pct":0},"functions":{"total":47,"covered":0,"skipped":0,"pct":0},"statements":{"total":94,"covered":0,"skipped":0,"pct":0},"branches":{"total":41,"covered":0,"skipped":0,"pct":0}}
,"/home/runner/work/alfa/alfa/packages/alfa-compatibility/src/feature.ts": {"lines":{"total":15,"covered":0,"skipped":0,"pct":0},"functions":{"total":12,"covered":0,"skipped":0,"pct":0},"statements":{"total":22,"covered":0,"skipped":0,"pct":0},"branches":{"total":8,"covered":0,"skipped":0,"pct":0}}
,"/home/runner/work/alfa/alfa/packages/alfa-compatibility/src/index.ts": {"lines":{"total":0,"covered":0,"skipped":0,"pct":0},"functions":{"total":0,"covered":0,"skipped":0,"pct":0},"statements":{"total":0,"covered":0,"skipped":0,"pct":0},"branches":{"total":0,"covered":0,"skipped":0,"pct":0}}
,"/home/runner/work/alfa/alfa/packages/alfa-compatibility/src/browser/data.ts": {"lines":{"total":1,"covered":0,"skipped":0,"pct":0},"functions":{"total":0,"covered":0,"skipped":0,"pct":100},"statements":{"total":1,"covered":0,"skipped":0,"pct":0},"branches":{"total":0,"covered":0,"skipped":0,"pct":100}}
,"/home/runner/work/alfa/alfa/packages/alfa-compatibility/src/feature/data.ts": {"lines":{"total":1,"covered":0,"skipped":0,"pct":0},"functions":{"total":0,"covered":0,"skipped":0,"pct":100},"statements":{"total":1,"covered":0,"skipped":0,"pct":0},"branches":{"total":0,"covered":0,"skipped":0,"pct":100}}
,"/home/runner/work/alfa/alfa/packages/alfa-continuation/src/continuation.ts": {"lines":{"total":10,"covered":0,"skipped":0,"pct":0},"functions":{"total":18,"covered":0,"skipped":0,"pct":0},"statements":{"total":21,"covered":0,"skipped":0,"pct":0},"branches":{"total":4,"covered":0,"skipped":0,"pct":0}}
,"/home/runner/work/alfa/alfa/packages/alfa-continuation/src/index.ts": {"lines":{"total":0,"covered":0,"skipped":0,"pct":0},"functions":{"total":0,"covered":0,"skipped":0,"pct":0},"statements":{"total":0,"covered":0,"skipped":0,"pct":0},"branches":{"total":0,"covered":0,"skipped":0,"pct":0}}
,"/home/runner/work/alfa/alfa/packages/alfa-css-feature/src/feature.ts": {"lines":{"total":0,"covered":0,"skipped":0,"pct":0},"functions":{"total":0,"covered":0,"skipped":0,"pct":0},"statements":{"total":0,"covered":0,"skipped":0,"pct":0},"branches":{"total":0,"covered":0,"skipped":0,"pct":0}}
,"/home/runner/work/alfa/alfa/packages/alfa-css-feature/src/index.ts": {"lines":{"total":15,"covered":15,"skipped":0,"pct":100},"functions":{"total":1,"covered":1,"skipped":0,"pct":100},"statements":{"total":15,"covered":15,"skipped":0,"pct":100},"branches":{"total":2,"covered":2,"skipped":0,"pct":100}}
,"/home/runner/work/alfa/alfa/packages/alfa-css-feature/src/condition/and.ts": {"lines":{"total":18,"covered":10,"skipped":0,"pct":55.55},"functions":{"total":13,"covered":6,"skipped":0,"pct":46.15},"statements":{"total":18,"covered":10,"skipped":0,"pct":55.55},"branches":{"total":7,"covered":3,"skipped":0,"pct":42.85}}
,"/home/runner/work/alfa/alfa/packages/alfa-css-feature/src/condition/condition.ts": {"lines":{"total":15,"covered":14,"skipped":0,"pct":93.33},"functions":{"total":12,"covered":11,"skipped":0,"pct":91.66},"statements":{"total":16,"covered":15,"skipped":0,"pct":93.75},"branches":{"total":5,"covered":2,"skipped":0,"pct":40}}
,"/home/runner/work/alfa/alfa/packages/alfa-css-feature/src/condition/index.ts": {"lines":{"total":0,"covered":0,"skipped":0,"pct":0},"functions":{"total":0,"covered":0,"skipped":0,"pct":0},"statements":{"total":0,"covered":0,"skipped":0,"pct":0},"branches":{"total":0,"covered":0,"skipped":0,"pct":0}}
,"/home/runner/work/alfa/alfa/packages/alfa-css-feature/src/condition/not.ts": {"lines":{"total":15,"covered":9,"skipped":0,"pct":60},"functions":{"total":12,"covered":6,"skipped":0,"pct":50},"statements":{"total":15,"covered":9,"skipped":0,"pct":60},"branches":{"total":4,"covered":1,"skipped":0,"pct":25}}
,"/home/runner/work/alfa/alfa/packages/alfa-css-feature/src/condition/or.ts": {"lines":{"total":18,"covered":10,"skipped":0,"pct":55.55},"functions":{"total":13,"covered":6,"skipped":0,"pct":46.15},"statements":{"total":18,"covered":10,"skipped":0,"pct":55.55},"branches":{"total":7,"covered":3,"skipped":0,"pct":42.85}}
,"/home/runner/work/alfa/alfa/packages/alfa-css-feature/src/media/index.ts": {"lines":{"total":12,"covered":12,"skipped":0,"pct":100},"functions":{"total":1,"covered":1,"skipped":0,"pct":100},"statements":{"total":12,"covered":12,"skipped":0,"pct":100},"branches":{"total":2,"covered":2,"skipped":0,"pct":100}}
,"/home/runner/work/alfa/alfa/packages/alfa-css-feature/src/media/list.ts": {"lines":{"total":20,"covered":15,"skipped":0,"pct":75},"functions":{"total":18,"covered":13,"skipped":0,"pct":72.22},"statements":{"total":21,"covered":16,"skipped":0,"pct":76.19},"branches":{"total":7,"covered":3,"skipped":0,"pct":42.85}}
,"/home/runner/work/alfa/alfa/packages/alfa-css-feature/src/media/modifier.ts": {"lines":{"total":8,"covered":8,"skipped":0,"pct":100},"functions":{"total":4,"covered":4,"skipped":0,"pct":100},"statements":{"total":8,"covered":8,"skipped":0,"pct":100},"branches":{"total":4,"covered":3,"skipped":0,"pct":75}}
,"/home/runner/work/alfa/alfa/packages/alfa-css-feature/src/media/query.ts": {"lines":{"total":33,"covered":22,"skipped":0,"pct":66.66},"functions":{"total":23,"covered":14,"skipped":0,"pct":60.86},"statements":{"total":34,"covered":23,"skipped":0,"pct":67.64},"branches":{"total":12,"covered":3,"skipped":0,"pct":25}}
,"/home/runner/work/alfa/alfa/packages/alfa-css-feature/src/media/type.ts": {"lines":{"total":23,"covered":14,"skipped":0,"pct":60.86},"functions":{"total":13,"covered":7,"skipped":0,"pct":53.84},"statements":{"total":23,"covered":14,"skipped":0,"pct":60.86},"branches":{"total":14,"covered":5,"skipped":0,"pct":35.71}}
,"/home/runner/work/alfa/alfa/packages/alfa-css-feature/src/media/feature/comparison.ts": {"lines":{"total":17,"covered":16,"skipped":0,"pct":94.11},"functions":{"total":6,"covered":5,"skipped":0,"pct":83.33},"statements":{"total":17,"covered":16,"skipped":0,"pct":94.11},"branches":{"total":11,"covered":10,"skipped":0,"pct":90.9}}
,"/home/runner/work/alfa/alfa/packages/alfa-css-feature/src/media/feature/discrete.ts": {"lines":{"total":22,"covered":22,"skipped":0,"pct":100},"functions":{"total":11,"covered":11,"skipped":0,"pct":100},"statements":{"total":22,"covered":22,"skipped":0,"pct":100},"branches":{"total":4,"covered":4,"skipped":0,"pct":100}}
,"/home/runner/work/alfa/alfa/packages/alfa-css-feature/src/media/feature/height.ts": {"lines":{"total":15,"covered":13,"skipped":0,"pct":86.66},"functions":{"total":11,"covered":10,"skipped":0,"pct":90.9},"statements":{"total":16,"covered":14,"skipped":0,"pct":87.5},"branches":{"total":4,"covered":2,"skipped":0,"pct":50}}
,"/home/runner/work/alfa/alfa/packages/alfa-css-feature/src/media/feature/index.ts": {"lines":{"total":17,"covered":17,"skipped":0,"pct":100},"functions":{"total":1,"covered":1,"skipped":0,"pct":100},"statements":{"total":17,"covered":17,"skipped":0,"pct":100},"branches":{"total":2,"covered":2,"skipped":0,"pct":100}}
,"/home/runner/work/alfa/alfa/packages/alfa-css-feature/src/media/feature/media.ts": {"lines":{"total":44,"covered":36,"skipped":0,"pct":81.81},"functions":{"total":33,"covered":27,"skipped":0,"pct":81.81},"statements":{"total":48,"covered":39,"skipped":0,"pct":81.25},"branches":{"total":27,"covered":19,"skipped":0,"pct":70.37}}
,"/home/runner/work/alfa/alfa/packages/alfa-css-feature/src/media/feature/resolver.ts": {"lines":{"total":8,"covered":8,"skipped":0,"pct":100},"functions":{"total":2,"covered":2,"skipped":0,"pct":100},"statements":{"total":8,"covered":8,"skipped":0,"pct":100},"branches":{"total":2,"covered":2,"skipped":0,"pct":100}}
,"/home/runner/work/alfa/alfa/packages/alfa-css-feature/src/media/feature/scripting.ts": {"lines":{"total":10,"covered":8,"skipped":0,"pct":80},"functions":{"total":8,"covered":6,"skipped":0,"pct":75},"statements":{"total":10,"covered":8,"skipped":0,"pct":80},"branches":{"total":4,"covered":2,"skipped":0,"pct":50}}
,"/home/runner/work/alfa/alfa/packages/alfa-css-feature/src/media/feature/width.ts": {"lines":{"total":15,"covered":14,"skipped":0,"pct":93.33},"functions":{"total":11,"covered":10,"skipped":0,"pct":90.9},"statements":{"total":16,"covered":15,"skipped":0,"pct":93.75},"branches":{"total":4,"covered":2,"skipped":0,"pct":50}}
,"/home/runner/work/alfa/alfa/packages/alfa-css-feature/src/media/feature/value/bound.ts": {"lines":{"total":8,"covered":7,"skipped":0,"pct":87.5},"functions":{"total":7,"covered":6,"skipped":0,"pct":85.71},"statements":{"total":8,"covered":7,"skipped":0,"pct":87.5},"branches":{"total":0,"covered":0,"skipped":0,"pct":100}}
,"/home/runner/work/alfa/alfa/packages/alfa-css-feature/src/media/feature/value/discrete.ts": {"lines":{"total":10,"covered":6,"skipped":0,"pct":60},"functions":{"total":9,"covered":5,"skipped":0,"pct":55.55},"statements":{"total":10,"covered":6,"skipped":0,"pct":60},"branches":{"total":2,"covered":1,"skipped":0,"pct":50}}
,"/home/runner/work/alfa/alfa/packages/alfa-css-feature/src/media/feature/value/index.ts": {"lines":{"total":0,"covered":0,"skipped":0,"pct":0},"functions":{"total":0,"covered":0,"skipped":0,"pct":0},"statements":{"total":0,"covered":0,"skipped":0,"pct":0},"branches":{"total":0,"covered":0,"skipped":0,"pct":0}}
,"/home/runner/work/alfa/alfa/packages/alfa-css-feature/src/media/feature/value/range.ts": {"lines":{"total":37,"covered":29,"skipped":0,"pct":78.37},"functions":{"total":21,"covered":14,"skipped":0,"pct":66.66},"statements":{"total":37,"covered":29,"skipped":0,"pct":78.37},"branches":{"total":22,"covered":13,"skipped":0,"pct":59.09}}
,"/home/runner/work/alfa/alfa/packages/alfa-css-feature/src/media/feature/value/value.ts": {"lines":{"total":7,"covered":7,"skipped":0,"pct":100},"functions":{"total":1,"covered":1,"skipped":0,"pct":100},"statements":{"total":7,"covered":7,"skipped":0,"pct":100},"branches":{"total":2,"covered":2,"skipped":0,"pct":100}}
,"/home/runner/work/alfa/alfa/packages/alfa-css-feature/src/supports/index.ts": {"lines":{"total":6,"covered":6,"skipped":0,"pct":100},"functions":{"total":1,"covered":1,"skipped":0,"pct":100},"statements":{"total":6,"covered":6,"skipped":0,"pct":100},"branches":{"total":2,"covered":2,"skipped":0,"pct":100}}
,"/home/runner/work/alfa/alfa/packages/alfa-css-feature/src/supports/query.ts": {"lines":{"total":15,"covered":9,"skipped":0,"pct":60},"functions":{"total":12,"covered":6,"skipped":0,"pct":50},"statements":{"total":15,"covered":9,"skipped":0,"pct":60},"branches":{"total":4,"covered":1,"skipped":0,"pct":25}}
,"/home/runner/work/alfa/alfa/packages/alfa-css-feature/src/supports/feature/index.ts": {"lines":{"total":0,"covered":0,"skipped":0,"pct":0},"functions":{"total":0,"covered":0,"skipped":0,"pct":0},"statements":{"total":0,"covered":0,"skipped":0,"pct":0},"branches":{"total":0,"covered":0,"skipped":0,"pct":0}}
,"/home/runner/work/alfa/alfa/packages/alfa-css-feature/src/supports/feature/property.ts": {"lines":{"total":32,"covered":25,"skipped":0,"pct":78.12},"functions":{"total":14,"covered":7,"skipped":0,"pct":50},"statements":{"total":32,"covered":25,"skipped":0,"pct":78.12},"branches":{"total":15,"covered":11,"skipped":0,"pct":73.33}}
,"/home/runner/work/alfa/alfa/packages/alfa-css/src/index.ts": {"lines":{"total":0,"covered":0,"skipped":0,"pct":0},"functions":{"total":0,"covered":0,"skipped":0,"pct":0},"statements":{"total":0,"covered":0,"skipped":0,"pct":0},"branches":{"total":0,"covered":0,"skipped":0,"pct":0}}
,"/home/runner/work/alfa/alfa/packages/alfa-css/src/calculation/index.ts": {"lines":{"total":0,"covered":0,"skipped":0,"pct":0},"functions":{"total":0,"covered":0,"skipped":0,"pct":0},"statements":{"total":0,"covered":0,"skipped":0,"pct":0},"branches":{"total":0,"covered":0,"skipped":0,"pct":0}}
,"/home/runner/work/alfa/alfa/packages/alfa-css/src/calculation/math-expression/expression.ts": {"lines":{"total":9,"covered":5,"skipped":0,"pct":55.55},"functions":{"total":8,"covered":4,"skipped":0,"pct":50},"statements":{"total":9,"covered":5,"skipped":0,"pct":55.55},"branches":{"total":0,"covered":0,"skipped":0,"pct":100}}
,"/home/runner/work/alfa/alfa/packages/alfa-css/src/calculation/math-expression/function.ts": {"lines":{"total":41,"covered":37,"skipped":0,"pct":90.24},"functions":{"total":26,"covered":22,"skipped":0,"pct":84.61},"statements":{"total":46,"covered":42,"skipped":0,"pct":91.3},"branches":{"total":20,"covered":15,"skipped":0,"pct":75}}
,"/home/runner/work/alfa/alfa/packages/alfa-css/src/calculation/math-expression/index.ts": {"lines":{"total":0,"covered":0,"skipped":0,"pct":0},"functions":{"total":0,"covered":0,"skipped":0,"pct":0},"statements":{"total":0,"covered":0,"skipped":0,"pct":0},"branches":{"total":0,"covered":0,"skipped":0,"pct":0}}
,"/home/runner/work/alfa/alfa/packages/alfa-css/src/calculation/math-expression/kind.ts": {"lines":{"total":51,"covered":41,"skipped":0,"pct":80.39},"functions":{"total":20,"covered":12,"skipped":0,"pct":60},"statements":{"total":56,"covered":42,"skipped":0,"pct":75},"branches":{"total":39,"covered":30,"skipped":0,"pct":76.92}}
,"/home/runner/work/alfa/alfa/packages/alfa-css/src/calculation/math-expression/math.ts": {"lines":{"total":71,"covered":64,"skipped":0,"pct":90.14},"functions":{"total":51,"covered":46,"skipped":0,"pct":90.19},"statements":{"total":73,"covered":66,"skipped":0,"pct":90.41},"branches":{"total":16,"covered":11,"skipped":0,"pct":68.75}}
,"/home/runner/work/alfa/alfa/packages/alfa-css/src/calculation/math-expression/operation.ts": {"lines":{"total":101,"covered":87,"skipped":0,"pct":86.13},"functions":{"total":34,"covered":28,"skipped":0,"pct":82.35},"statements":{"total":103,"covered":89,"skipped":0,"pct":86.4},"branches":{"total":65,"covered":49,"skipped":0,"pct":75.38}}
,"/home/runner/work/alfa/alfa/packages/alfa-css/src/calculation/math-expression/value.ts": {"lines":{"total":53,"covered":50,"skipped":0,"pct":94.33},"functions":{"total":28,"covered":26,"skipped":0,"pct":92.85},"statements":{"total":53,"covered":50,"skipped":0,"pct":94.33},"branches":{"total":24,"covered":20,"skipped":0,"pct":83.33}}
,"/home/runner/work/alfa/alfa/packages/alfa-css/src/calculation/numeric/angle.ts": {"lines":{"total":19,"covered":16,"skipped":0,"pct":84.21},"functions":{"total":13,"covered":11,"skipped":0,"pct":84.61},"statements":{"total":19,"covered":16,"skipped":0,"pct":84.21},"branches":{"total":7,"covered":3,"skipped":0,"pct":42.85}}
,"/home/runner/work/alfa/alfa/packages/alfa-css/src/calculation/numeric/dimension.ts": {"lines":{"total":9,"covered":7,"skipped":0,"pct":77.77},"functions":{"total":7,"covered":5,"skipped":0,"pct":71.42},"statements":{"total":9,"covered":7,"skipped":0,"pct":77.77},"branches":{"total":5,"covered":1,"skipped":0,"pct":20}}
,"/home/runner/work/alfa/alfa/packages/alfa-css/src/calculation/numeric/index.ts": {"lines":{"total":0,"covered":0,"skipped":0,"pct":0},"functions":{"total":0,"covered":0,"skipped":0,"pct":0},"statements":{"total":0,"covered":0,"skipped":0,"pct":0},"branches":{"total":0,"covered":0,"skipped":0,"pct":0}}
,"/home/runner/work/alfa/alfa/packages/alfa-css/src/calculation/numeric/integer.ts": {"lines":{"total":13,"covered":9,"skipped":0,"pct":69.23},"functions":{"total":10,"covered":6,"skipped":0,"pct":60},"statements":{"total":13,"covered":9,"skipped":0,"pct":69.23},"branches":{"total":4,"covered":1,"skipped":0,"pct":25}}
,"/home/runner/work/alfa/alfa/packages/alfa-css/src/calculation/numeric/length.ts": {"lines":{"total":24,"covered":20,"skipped":0,"pct":83.33},"functions":{"total":16,"covered":14,"skipped":0,"pct":87.5},"statements":{"total":24,"covered":20,"skipped":0,"pct":83.33},"branches":{"total":13,"covered":8,"skipped":0,"pct":61.53}}
,"/home/runner/work/alfa/alfa/packages/alfa-css/src/calculation/numeric/number.ts": {"lines":{"total":14,"covered":12,"skipped":0,"pct":85.71},"functions":{"total":10,"covered":8,"skipped":0,"pct":80},"statements":{"total":14,"covered":12,"skipped":0,"pct":85.71},"branches":{"total":4,"covered":1,"skipped":0,"pct":25}}
,"/home/runner/work/alfa/alfa/packages/alfa-css/src/calculation/numeric/numeric.ts": {"lines":{"total":12,"covered":8,"skipped":0,"pct":66.66},"functions":{"total":9,"covered":5,"skipped":0,"pct":55.55},"statements":{"total":12,"covered":8,"skipped":0,"pct":66.66},"branches":{"total":4,"covered":1,"skipped":0,"pct":25}}
,"/home/runner/work/alfa/alfa/packages/alfa-css/src/calculation/numeric/percentage.ts": {"lines":{"total":12,"covered":10,"skipped":0,"pct":83.33},"functions":{"total":9,"covered":7,"skipped":0,"pct":77.77},"statements":{"total":12,"covered":10,"skipped":0,"pct":83.33},"branches":{"total":4,"covered":1,"skipped":0,"pct":25}}
,"/home/runner/work/alfa/alfa/packages/alfa-css/src/syntax/block.ts": {"lines":{"total":23,"covered":18,"skipped":0,"pct":78.26},"functions":{"total":15,"covered":10,"skipped":0,"pct":66.66},"statements":{"total":23,"covered":18,"skipped":0,"pct":78.26},"branches":{"total":6,"covered":1,"skipped":0,"pct":16.66}}
,"/home/runner/work/alfa/alfa/packages/alfa-css/src/syntax/comma.ts": {"lines":{"total":3,"covered":3,"skipped":0,"pct":100},"functions":{"total":1,"covered":1,"skipped":0,"pct":100},"statements":{"total":3,"covered":3,"skipped":0,"pct":100},"branches":{"total":2,"covered":2,"skipped":0,"pct":100}}
,"/home/runner/work/alfa/alfa/packages/alfa-css/src/syntax/component.ts": {"lines":{"total":17,"covered":13,"skipped":0,"pct":76.47},"functions":{"total":15,"covered":11,"skipped":0,"pct":73.33},"statements":{"total":18,"covered":14,"skipped":0,"pct":77.77},"branches":{"total":5,"covered":1,"skipped":0,"pct":20}}
,"/home/runner/work/alfa/alfa/packages/alfa-css/src/syntax/declaration.ts": {"lines":{"total":64,"covered":46,"skipped":0,"pct":71.87},"functions":{"total":18,"covered":13,"skipped":0,"pct":72.22},"statements":{"total":65,"covered":47,"skipped":0,"pct":72.3},"branches":{"total":34,"covered":20,"skipped":0,"pct":58.82}}
,"/home/runner/work/alfa/alfa/packages/alfa-css/src/syntax/function.ts": {"lines":{"total":37,"covered":32,"skipped":0,"pct":86.48},"functions":{"total":19,"covered":16,"skipped":0,"pct":84.21},"statements":{"total":38,"covered":33,"skipped":0,"pct":86.84},"branches":{"total":14,"covered":7,"skipped":0,"pct":50}}
,"/home/runner/work/alfa/alfa/packages/alfa-css/src/syntax/index.ts": {"lines":{"total":0,"covered":0,"skipped":0,"pct":0},"functions":{"total":0,"covered":0,"skipped":0,"pct":0},"statements":{"total":0,"covered":0,"skipped":0,"pct":0},"branches":{"total":0,"covered":0,"skipped":0,"pct":0}}
,"/home/runner/work/alfa/alfa/packages/alfa-css/src/syntax/lexer.ts": {"lines":{"total":320,"covered":272,"skipped":0,"pct":85},"functions":{"total":26,"covered":25,"skipped":0,"pct":96.15},"statements":{"total":324,"covered":276,"skipped":0,"pct":85.18},"branches":{"total":206,"covered":168,"skipped":0,"pct":81.55}}
,"/home/runner/work/alfa/alfa/packages/alfa-css/src/syntax/nth.ts": {"lines":{"total":50,"covered":37,"skipped":0,"pct":74},"functions":{"total":40,"covered":32,"skipped":0,"pct":80},"statements":{"total":51,"covered":37,"skipped":0,"pct":72.54},"branches":{"total":32,"covered":19,"skipped":0,"pct":59.37}}
,"/home/runner/work/alfa/alfa/packages/alfa-css/src/syntax/parser.ts": {"lines":{"total":0,"covered":0,"skipped":0,"pct":0},"functions":{"total":0,"covered":0,"skipped":0,"pct":0},"statements":{"total":0,"covered":0,"skipped":0,"pct":0},"branches":{"total":0,"covered":0,"skipped":0,"pct":0}}
,"/home/runner/work/alfa/alfa/packages/alfa-css/src/syntax/token.ts": {"lines":{"total":344,"covered":275,"skipped":0,"pct":79.94},"functions":{"total":232,"covered":167,"skipped":0,"pct":71.98},"statements":{"total":353,"covered":282,"skipped":0,"pct":79.88},"branches":{"total":102,"covered":50,"skipped":0,"pct":49.01}}
,"/home/runner/work/alfa/alfa/packages/alfa-css/src/unit/converter.ts": {"lines":{"total":16,"covered":16,"skipped":0,"pct":100},"functions":{"total":5,"covered":5,"skipped":0,"pct":100},"statements":{"total":17,"covered":17,"skipped":0,"pct":100},"branches":{"total":2,"covered":2,"skipped":0,"pct":100}}
,"/home/runner/work/alfa/alfa/packages/alfa-css/src/unit/index.ts": {"lines":{"total":0,"covered":0,"skipped":0,"pct":0},"functions":{"total":0,"covered":0,"skipped":0,"pct":0},"statements":{"total":0,"covered":0,"skipped":0,"pct":0},"branches":{"total":0,"covered":0,"skipped":0,"pct":0}}
,"/home/runner/work/alfa/alfa/packages/alfa-css/src/unit/unit.ts": {"lines":{"total":54,"covered":41,"skipped":0,"pct":75.92},"functions":{"total":20,"covered":14,"skipped":0,"pct":70},"statements":{"total":54,"covered":41,"skipped":0,"pct":75.92},"branches":{"total":42,"covered":34,"skipped":0,"pct":80.95}}
,"/home/runner/work/alfa/alfa/packages/alfa-css/src/value/box.ts": {"lines":{"total":8,"covered":8,"skipped":0,"pct":100},"functions":{"total":1,"covered":1,"skipped":0,"pct":100},"statements":{"total":8,"covered":8,"skipped":0,"pct":100},"branches":{"total":2,"covered":2,"skipped":0,"pct":100}}
,"/home/runner/work/alfa/alfa/packages/alfa-css/src/value/index.ts": {"lines":{"total":0,"covered":0,"skipped":0,"pct":0},"functions":{"total":0,"covered":0,"skipped":0,"pct":0},"statements":{"total":0,"covered":0,"skipped":0,"pct":0},"branches":{"total":0,"covered":0,"skipped":0,"pct":0}}
,"/home/runner/work/alfa/alfa/packages/alfa-css/src/value/resolvable.ts": {"lines":{"total":0,"covered":0,"skipped":0,"pct":0},"functions":{"total":0,"covered":0,"skipped":0,"pct":0},"statements":{"total":0,"covered":0,"skipped":0,"pct":0},"branches":{"total":0,"covered":0,"skipped":0,"pct":0}}
,"/home/runner/work/alfa/alfa/packages/alfa-css/src/value/shadow.ts": {"lines":{"total":55,"covered":52,"skipped":0,"pct":94.54},"functions":{"total":21,"covered":18,"skipped":0,"pct":85.71},"statements":{"total":55,"covered":52,"skipped":0,"pct":94.54},"branches":{"total":45,"covered":35,"skipped":0,"pct":77.77}}
,"/home/runner/work/alfa/alfa/packages/alfa-css/src/value/value.ts": {"lines":{"total":11,"covered":9,"skipped":0,"pct":81.81},"functions":{"total":9,"covered":7,"skipped":0,"pct":77.77},"statements":{"total":12,"covered":10,"skipped":0,"pct":83.33},"branches":{"total":5,"covered":1,"skipped":0,"pct":20}}
,"/home/runner/work/alfa/alfa/packages/alfa-css/src/value/collection/index.ts": {"lines":{"total":0,"covered":0,"skipped":0,"pct":0},"functions":{"total":0,"covered":0,"skipped":0,"pct":0},"statements":{"total":0,"covered":0,"skipped":0,"pct":0},"branches":{"total":0,"covered":0,"skipped":0,"pct":0}}
,"/home/runner/work/alfa/alfa/packages/alfa-css/src/value/collection/list.ts": {"lines":{"total":41,"covered":36,"skipped":0,"pct":87.8},"functions":{"total":24,"covered":21,"skipped":0,"pct":87.5},"statements":{"total":42,"covered":37,"skipped":0,"pct":88.09},"branches":{"total":14,"covered":13,"skipped":0,"pct":92.85}}
,"/home/runner/work/alfa/alfa/packages/alfa-css/src/value/collection/tuple.ts": {"lines":{"total":19,"covered":14,"skipped":0,"pct":73.68},"functions":{"total":15,"covered":12,"skipped":0,"pct":80},"statements":{"total":19,"covered":14,"skipped":0,"pct":73.68},"branches":{"total":5,"covered":4,"skipped":0,"pct":80}}
,"/home/runner/work/alfa/alfa/packages/alfa-css/src/value/color/color.ts": {"lines":{"total":18,"covered":16,"skipped":0,"pct":88.88},"functions":{"total":7,"covered":5,"skipped":0,"pct":71.42},"statements":{"total":18,"covered":16,"skipped":0,"pct":88.88},"branches":{"total":4,"covered":4,"skipped":0,"pct":100}}
,"/home/runner/work/alfa/alfa/packages/alfa-css/src/value/color/current.ts": {"lines":{"total":2,"covered":2,"skipped":0,"pct":100},"functions":{"total":1,"covered":1,"skipped":0,"pct":100},"statements":{"total":2,"covered":2,"skipped":0,"pct":100},"branches":{"total":2,"covered":2,"skipped":0,"pct":100}}
,"/home/runner/work/alfa/alfa/packages/alfa-css/src/value/color/format.ts": {"lines":{"total":7,"covered":7,"skipped":0,"pct":100},"functions":{"total":5,"covered":5,"skipped":0,"pct":100},"statements":{"total":7,"covered":7,"skipped":0,"pct":100},"branches":{"total":4,"covered":3,"skipped":0,"pct":75}}
,"/home/runner/work/alfa/alfa/packages/alfa-css/src/value/color/hex.ts": {"lines":{"total":29,"covered":24,"skipped":0,"pct":82.75},"functions":{"total":17,"covered":13,"skipped":0,"pct":76.47},"statements":{"total":29,"covered":24,"skipped":0,"pct":82.75},"branches":{"total":13,"covered":10,"skipped":0,"pct":76.92}}
,"/home/runner/work/alfa/alfa/packages/alfa-css/src/value/color/hsl.ts": {"lines":{"total":53,"covered":45,"skipped":0,"pct":84.9},"functions":{"total":26,"covered":19,"skipped":0,"pct":73.07},"statements":{"total":53,"covered":45,"skipped":0,"pct":84.9},"branches":{"total":26,"covered":17,"skipped":0,"pct":65.38}}
,"/home/runner/work/alfa/alfa/packages/alfa-css/src/value/color/index.ts": {"lines":{"total":0,"covered":0,"skipped":0,"pct":0},"functions":{"total":0,"covered":0,"skipped":0,"pct":0},"statements":{"total":0,"covered":0,"skipped":0,"pct":0},"branches":{"total":0,"covered":0,"skipped":0,"pct":0}}
,"/home/runner/work/alfa/alfa/packages/alfa-css/src/value/color/named.ts": {"lines":{"total":20,"covered":17,"skipped":0,"pct":85},"functions":{"total":16,"covered":13,"skipped":0,"pct":81.25},"statements":{"total":20,"covered":17,"skipped":0,"pct":85},"branches":{"total":6,"covered":4,"skipped":0,"pct":66.66}}
,"/home/runner/work/alfa/alfa/packages/alfa-css/src/value/color/rgb.ts": {"lines":{"total":40,"covered":39,"skipped":0,"pct":97.5},"functions":{"total":24,"covered":23,"skipped":0,"pct":95.83},"statements":{"total":40,"covered":39,"skipped":0,"pct":97.5},"branches":{"total":13,"covered":12,"skipped":0,"pct":92.3}}
,"/home/runner/work/alfa/alfa/packages/alfa-css/src/value/color/system.ts": {"lines":{"total":2,"covered":2,"skipped":0,"pct":100},"functions":{"total":1,"covered":1,"skipped":0,"pct":100},"statements":{"total":2,"covered":2,"skipped":0,"pct":100},"branches":{"total":2,"covered":2,"skipped":0,"pct":100}}
,"/home/runner/work/alfa/alfa/packages/alfa-css/src/value/flags/contain.ts": {"lines":{"total":26,"covered":21,"skipped":0,"pct":80.76},"functions":{"total":17,"covered":13,"skipped":0,"pct":76.47},"statements":{"total":27,"covered":22,"skipped":0,"pct":81.48},"branches":{"total":12,"covered":8,"skipped":0,"pct":66.66}}
,"/home/runner/work/alfa/alfa/packages/alfa-css/src/value/flags/index.ts": {"lines":{"total":0,"covered":0,"skipped":0,"pct":0},"functions":{"total":0,"covered":0,"skipped":0,"pct":0},"statements":{"total":0,"covered":0,"skipped":0,"pct":0},"branches":{"total":0,"covered":0,"skipped":0,"pct":0}}
,"/home/runner/work/alfa/alfa/packages/alfa-css/src/value/flags/trim.ts": {"lines":{"total":22,"covered":18,"skipped":0,"pct":81.81},"functions":{"total":15,"covered":11,"skipped":0,"pct":73.33},"statements":{"total":23,"covered":19,"skipped":0,"pct":82.6},"branches":{"total":8,"covered":5,"skipped":0,"pct":62.5}}
,"/home/runner/work/alfa/alfa/packages/alfa-css/src/value/image/image.ts": {"lines":{"total":17,"covered":15,"skipped":0,"pct":88.23},"functions":{"total":13,"covered":11,"skipped":0,"pct":84.61},"statements":{"total":17,"covered":15,"skipped":0,"pct":88.23},"branches":{"total":4,"covered":3,"skipped":0,"pct":75}}
,"/home/runner/work/alfa/alfa/packages/alfa-css/src/value/image/index.ts": {"lines":{"total":0,"covered":0,"skipped":0,"pct":0},"functions":{"total":0,"covered":0,"skipped":0,"pct":0},"statements":{"total":0,"covered":0,"skipped":0,"pct":0},"branches":{"total":0,"covered":0,"skipped":0,"pct":0}}
,"/home/runner/work/alfa/alfa/packages/alfa-css/src/value/image/gradient/gradient.ts": {"lines":{"total":6,"covered":6,"skipped":0,"pct":100},"functions":{"total":1,"covered":1,"skipped":0,"pct":100},"statements":{"total":6,"covered":6,"skipped":0,"pct":100},"branches":{"total":2,"covered":2,"skipped":0,"pct":100}}
,"/home/runner/work/alfa/alfa/packages/alfa-css/src/value/image/gradient/index.ts": {"lines":{"total":0,"covered":0,"skipped":0,"pct":0},"functions":{"total":0,"covered":0,"skipped":0,"pct":0},"statements":{"total":0,"covered":0,"skipped":0,"pct":0},"branches":{"total":0,"covered":0,"skipped":0,"pct":0}}
,"/home/runner/work/alfa/alfa/packages/alfa-css/src/value/image/gradient/item/hint.ts": {"lines":{"total":13,"covered":7,"skipped":0,"pct":53.84},"functions":{"total":10,"covered":4,"skipped":0,"pct":40},"statements":{"total":13,"covered":7,"skipped":0,"pct":53.84},"branches":{"total":4,"covered":1,"skipped":0,"pct":25}}
,"/home/runner/work/alfa/alfa/packages/alfa-css/src/value/image/gradient/item/index.ts": {"lines":{"total":0,"covered":0,"skipped":0,"pct":0},"functions":{"total":0,"covered":0,"skipped":0,"pct":0},"statements":{"total":0,"covered":0,"skipped":0,"pct":0},"branches":{"total":0,"covered":0,"skipped":0,"pct":0}}
,"/home/runner/work/alfa/alfa/packages/alfa-css/src/value/image/gradient/item/item.ts": {"lines":{"total":10,"covered":9,"skipped":0,"pct":90},"functions":{"total":4,"covered":2,"skipped":0,"pct":50},"statements":{"total":11,"covered":9,"skipped":0,"pct":81.81},"branches":{"total":2,"covered":2,"skipped":0,"pct":100}}
,"/home/runner/work/alfa/alfa/packages/alfa-css/src/value/image/gradient/item/stop.ts": {"lines":{"total":24,"covered":20,"skipped":0,"pct":83.33},"functions":{"total":17,"covered":13,"skipped":0,"pct":76.47},"statements":{"total":24,"covered":20,"skipped":0,"pct":83.33},"branches":{"total":8,"covered":7,"skipped":0,"pct":87.5}}
,"/home/runner/work/alfa/alfa/packages/alfa-css/src/value/image/gradient/linear/corner.ts": {"lines":{"total":18,"covered":11,"skipped":0,"pct":61.11},"functions":{"total":13,"covered":6,"skipped":0,"pct":46.15},"statements":{"total":18,"covered":11,"skipped":0,"pct":61.11},"branches":{"total":5,"covered":1,"skipped":0,"pct":20}}
,"/home/runner/work/alfa/alfa/packages/alfa-css/src/value/image/gradient/linear/direction.ts": {"lines":{"total":3,"covered":3,"skipped":0,"pct":100},"functions":{"total":1,"covered":1,"skipped":0,"pct":100},"statements":{"total":3,"covered":3,"skipped":0,"pct":100},"branches":{"total":2,"covered":2,"skipped":0,"pct":100}}
,"/home/runner/work/alfa/alfa/packages/alfa-css/src/value/image/gradient/linear/index.ts": {"lines":{"total":0,"covered":0,"skipped":0,"pct":0},"functions":{"total":0,"covered":0,"skipped":0,"pct":0},"statements":{"total":0,"covered":0,"skipped":0,"pct":0},"branches":{"total":0,"covered":0,"skipped":0,"pct":0}}
,"/home/runner/work/alfa/alfa/packages/alfa-css/src/value/image/gradient/linear/linear.ts": {"lines":{"total":29,"covered":20,"skipped":0,"pct":68.96},"functions":{"total":19,"covered":13,"skipped":0,"pct":68.42},"statements":{"total":29,"covered":20,"skipped":0,"pct":68.96},"branches":{"total":11,"covered":9,"skipped":0,"pct":81.81}}
,"/home/runner/work/alfa/alfa/packages/alfa-css/src/value/image/gradient/linear/position.ts": {"lines":{"total":9,"covered":9,"skipped":0,"pct":100},"functions":{"total":5,"covered":5,"skipped":0,"pct":100},"statements":{"total":9,"covered":9,"skipped":0,"pct":100},"branches":{"total":6,"covered":6,"skipped":0,"pct":100}}
,"/home/runner/work/alfa/alfa/packages/alfa-css/src/value/image/gradient/linear/side.ts": {"lines":{"total":13,"covered":11,"skipped":0,"pct":84.61},"functions":{"total":10,"covered":8,"skipped":0,"pct":80},"statements":{"total":13,"covered":11,"skipped":0,"pct":84.61},"branches":{"total":4,"covered":3,"skipped":0,"pct":75}}
,"/home/runner/work/alfa/alfa/packages/alfa-css/src/value/image/gradient/radial/circle.ts": {"lines":{"total":29,"covered":24,"skipped":0,"pct":82.75},"functions":{"total":10,"covered":5,"skipped":0,"pct":50},"statements":{"total":29,"covered":24,"skipped":0,"pct":82.75},"branches":{"total":14,"covered":11,"skipped":0,"pct":78.57}}
,"/home/runner/work/alfa/alfa/packages/alfa-css/src/value/image/gradient/radial/ellipse.ts": {"lines":{"total":35,"covered":27,"skipped":0,"pct":77.14},"functions":{"total":13,"covered":5,"skipped":0,"pct":38.46},"statements":{"total":35,"covered":27,"skipped":0,"pct":77.14},"branches":{"total":19,"covered":15,"skipped":0,"pct":78.94}}
,"/home/runner/work/alfa/alfa/packages/alfa-css/src/value/image/gradient/radial/extent.ts": {"lines":{"total":42,"covered":36,"skipped":0,"pct":85.71},"functions":{"total":15,"covered":9,"skipped":0,"pct":60},"statements":{"total":42,"covered":36,"skipped":0,"pct":85.71},"branches":{"total":23,"covered":19,"skipped":0,"pct":82.6}}
,"/home/runner/work/alfa/alfa/packages/alfa-css/src/value/image/gradient/radial/index.ts": {"lines":{"total":0,"covered":0,"skipped":0,"pct":0},"functions":{"total":0,"covered":0,"skipped":0,"pct":0},"statements":{"total":0,"covered":0,"skipped":0,"pct":0},"branches":{"total":0,"covered":0,"skipped":0,"pct":0}}
,"/home/runner/work/alfa/alfa/packages/alfa-css/src/value/image/gradient/radial/radial.ts": {"lines":{"total":40,"covered":23,"skipped":0,"pct":57.5},"functions":{"total":25,"covered":12,"skipped":0,"pct":48},"statements":{"total":40,"covered":23,"skipped":0,"pct":57.5},"branches":{"total":12,"covered":3,"skipped":0,"pct":25}}
,"/home/runner/work/alfa/alfa/packages/alfa-css/src/value/image/gradient/radial/shape.ts": {"lines":{"total":8,"covered":4,"skipped":0,"pct":50},"functions":{"total":5,"covered":1,"skipped":0,"pct":20},"statements":{"total":8,"covered":4,"skipped":0,"pct":50},"branches":{"total":2,"covered":2,"skipped":0,"pct":100}}
,"/home/runner/work/alfa/alfa/packages/alfa-css/src/value/numeric/angle-percentage.ts": {"lines":{"total":34,"covered":21,"skipped":0,"pct":61.76},"functions":{"total":13,"covered":7,"skipped":0,"pct":53.84},"statements":{"total":34,"covered":21,"skipped":0,"pct":61.76},"branches":{"total":24,"covered":9,"skipped":0,"pct":37.5}}
,"/home/runner/work/alfa/alfa/packages/alfa-css/src/value/numeric/angle.ts": {"lines":{"total":35,"covered":31,"skipped":0,"pct":88.57},"functions":{"total":19,"covered":15,"skipped":0,"pct":78.94},"statements":{"total":35,"covered":31,"skipped":0,"pct":88.57},"branches":{"total":16,"covered":12,"skipped":0,"pct":75}}
,"/home/runner/work/alfa/alfa/packages/alfa-css/src/value/numeric/dimension.ts": {"lines":{"total":25,"covered":17,"skipped":0,"pct":68},"functions":{"total":16,"covered":9,"skipped":0,"pct":56.25},"statements":{"total":25,"covered":17,"skipped":0,"pct":68},"branches":{"total":11,"covered":6,"skipped":0,"pct":54.54}}
,"/home/runner/work/alfa/alfa/packages/alfa-css/src/value/numeric/index.ts": {"lines":{"total":0,"covered":0,"skipped":0,"pct":0},"functions":{"total":0,"covered":0,"skipped":0,"pct":0},"statements":{"total":0,"covered":0,"skipped":0,"pct":0},"branches":{"total":0,"covered":0,"skipped":0,"pct":0}}
,"/home/runner/work/alfa/alfa/packages/alfa-css/src/value/numeric/integer.ts": {"lines":{"total":28,"covered":19,"skipped":0,"pct":67.85},"functions":{"total":20,"covered":11,"skipped":0,"pct":55},"statements":{"total":28,"covered":19,"skipped":0,"pct":67.85},"branches":{"total":10,"covered":6,"skipped":0,"pct":60}}
,"/home/runner/work/alfa/alfa/packages/alfa-css/src/value/numeric/length-percentage.ts": {"lines":{"total":41,"covered":33,"skipped":0,"pct":80.48},"functions":{"total":18,"covered":15,"skipped":0,"pct":83.33},"statements":{"total":41,"covered":33,"skipped":0,"pct":80.48},"branches":{"total":24,"covered":18,"skipped":0,"pct":75}}
,"/home/runner/work/alfa/alfa/packages/alfa-css/src/value/numeric/length.ts": {"lines":{"total":56,"covered":48,"skipped":0,"pct":85.71},"functions":{"total":27,"covered":24,"skipped":0,"pct":88.88},"statements":{"total":56,"covered":48,"skipped":0,"pct":85.71},"branches":{"total":34,"covered":27,"skipped":0,"pct":79.41}}
,"/home/runner/work/alfa/alfa/packages/alfa-css/src/value/numeric/number.ts": {"lines":{"total":28,"covered":23,"skipped":0,"pct":82.14},"functions":{"total":19,"covered":14,"skipped":0,"pct":73.68},"statements":{"total":28,"covered":23,"skipped":0,"pct":82.14},"branches":{"total":10,"covered":9,"skipped":0,"pct":90}}
,"/home/runner/work/alfa/alfa/packages/alfa-css/src/value/numeric/numeric.ts": {"lines":{"total":29,"covered":24,"skipped":0,"pct":82.75},"functions":{"total":21,"covered":16,"skipped":0,"pct":76.19},"statements":{"total":29,"covered":24,"skipped":0,"pct":82.75},"branches":{"total":8,"covered":6,"skipped":0,"pct":75}}
,"/home/runner/work/alfa/alfa/packages/alfa-css/src/value/numeric/percentage.ts": {"lines":{"total":38,"covered":35,"skipped":0,"pct":92.1},"functions":{"total":27,"covered":24,"skipped":0,"pct":88.88},"statements":{"total":38,"covered":35,"skipped":0,"pct":92.1},"branches":{"total":16,"covered":15,"skipped":0,"pct":93.75}}
,"/home/runner/work/alfa/alfa/packages/alfa-css/src/value/position/component.ts": {"lines":{"total":11,"covered":11,"skipped":0,"pct":100},"functions":{"total":7,"covered":7,"skipped":0,"pct":100},"statements":{"total":13,"covered":13,"skipped":0,"pct":100},"branches":{"total":6,"covered":5,"skipped":0,"pct":83.33}}
,"/home/runner/work/alfa/alfa/packages/alfa-css/src/value/position/index.ts": {"lines":{"total":0,"covered":0,"skipped":0,"pct":0},"functions":{"total":0,"covered":0,"skipped":0,"pct":0},"statements":{"total":0,"covered":0,"skipped":0,"pct":0},"branches":{"total":0,"covered":0,"skipped":0,"pct":0}}
,"/home/runner/work/alfa/alfa/packages/alfa-css/src/value/position/keywords.ts": {"lines":{"total":4,"covered":4,"skipped":0,"pct":100},"functions":{"total":1,"covered":1,"skipped":0,"pct":100},"statements":{"total":4,"covered":4,"skipped":0,"pct":100},"branches":{"total":2,"covered":2,"skipped":0,"pct":100}}
,"/home/runner/work/alfa/alfa/packages/alfa-css/src/value/position/position.ts": {"lines":{"total":32,"covered":30,"skipped":0,"pct":93.75},"functions":{"total":18,"covered":16,"skipped":0,"pct":88.88},"statements":{"total":32,"covered":30,"skipped":0,"pct":93.75},"branches":{"total":8,"covered":7,"skipped":0,"pct":87.5}}
,"/home/runner/work/alfa/alfa/packages/alfa-css/src/value/position/side.ts": {"lines":{"total":28,"covered":25,"skipped":0,"pct":89.28},"functions":{"total":18,"covered":15,"skipped":0,"pct":83.33},"statements":{"total":28,"covered":25,"skipped":0,"pct":89.28},"branches":{"total":7,"covered":5,"skipped":0,"pct":71.42}}
,"/home/runner/work/alfa/alfa/packages/alfa-css/src/value/shape/basic-shape.ts": {"lines":{"total":4,"covered":3,"skipped":0,"pct":75},"functions":{"total":3,"covered":2,"skipped":0,"pct":66.66},"statements":{"total":4,"covered":3,"skipped":0,"pct":75},"branches":{"total":0,"covered":0,"skipped":0,"pct":100}}
,"/home/runner/work/alfa/alfa/packages/alfa-css/src/value/shape/circle.ts": {"lines":{"total":18,"covered":10,"skipped":0,"pct":55.55},"functions":{"total":13,"covered":5,"skipped":0,"pct":38.46},"statements":{"total":18,"covered":10,"skipped":0,"pct":55.55},"branches":{"total":5,"covered":1,"skipped":0,"pct":20}}
,"/home/runner/work/alfa/alfa/packages/alfa-css/src/value/shape/corner.ts": {"lines":{"total":16,"covered":5,"skipped":0,"pct":31.25},"functions":{"total":8,"covered":2,"skipped":0,"pct":25},"statements":{"total":16,"covered":5,"skipped":0,"pct":31.25},"branches":{"total":14,"covered":5,"skipped":0,"pct":35.71}}
,"/home/runner/work/alfa/alfa/packages/alfa-css/src/value/shape/ellipse.ts": {"lines":{"total":21,"covered":12,"skipped":0,"pct":57.14},"functions":{"total":14,"covered":5,"skipped":0,"pct":35.71},"statements":{"total":21,"covered":12,"skipped":0,"pct":57.14},"branches":{"total":6,"covered":1,"skipped":0,"pct":16.66}}
,"/home/runner/work/alfa/alfa/packages/alfa-css/src/value/shape/index.ts": {"lines":{"total":0,"covered":0,"skipped":0,"pct":0},"functions":{"total":0,"covered":0,"skipped":0,"pct":0},"statements":{"total":0,"covered":0,"skipped":0,"pct":0},"branches":{"total":0,"covered":0,"skipped":0,"pct":0}}
,"/home/runner/work/alfa/alfa/packages/alfa-css/src/value/shape/inset.ts": {"lines":{"total":50,"covered":21,"skipped":0,"pct":42},"functions":{"total":35,"covered":11,"skipped":0,"pct":31.42},"statements":{"total":55,"covered":21,"skipped":0,"pct":38.18},"branches":{"total":25,"covered":11,"skipped":0,"pct":44}}
,"/home/runner/work/alfa/alfa/packages/alfa-css/src/value/shape/polygon.ts": {"lines":{"total":26,"covered":13,"skipped":0,"pct":50},"functions":{"total":18,"covered":6,"skipped":0,"pct":33.33},"statements":{"total":28,"covered":13,"skipped":0,"pct":46.42},"branches":{"total":7,"covered":3,"skipped":0,"pct":42.85}}
,"/home/runner/work/alfa/alfa/packages/alfa-css/src/value/shape/radius.ts": {"lines":{"total":27,"covered":11,"skipped":0,"pct":40.74},"functions":{"total":14,"covered":7,"skipped":0,"pct":50},"statements":{"total":27,"covered":11,"skipped":0,"pct":40.74},"branches":{"total":14,"covered":3,"skipped":0,"pct":21.42}}
,"/home/runner/work/alfa/alfa/packages/alfa-css/src/value/shape/rectangle.ts": {"lines":{"total":22,"covered":15,"skipped":0,"pct":68.18},"functions":{"total":14,"covered":7,"skipped":0,"pct":50},"statements":{"total":22,"covered":15,"skipped":0,"pct":68.18},"branches":{"total":7,"covered":1,"skipped":0,"pct":14.28}}
,"/home/runner/work/alfa/alfa/packages/alfa-css/src/value/shape/shape.ts": {"lines":{"total":41,"covered":32,"skipped":0,"pct":78.04},"functions":{"total":18,"covered":9,"skipped":0,"pct":50},"statements":{"total":41,"covered":32,"skipped":0,"pct":78.04},"branches":{"total":19,"covered":16,"skipped":0,"pct":84.21}}
,"/home/runner/work/alfa/alfa/packages/alfa-css/src/value/textual/custom-ident.ts": {"lines":{"total":13,"covered":10,"skipped":0,"pct":76.92},"functions":{"total":9,"covered":6,"skipped":0,"pct":66.66},"statements":{"total":13,"covered":10,"skipped":0,"pct":76.92},"branches":{"total":7,"covered":3,"skipped":0,"pct":42.85}}
,"/home/runner/work/alfa/alfa/packages/alfa-css/src/value/textual/ident.ts": {"lines":{"total":12,"covered":10,"skipped":0,"pct":83.33},"functions":{"total":10,"covered":8,"skipped":0,"pct":80},"statements":{"total":12,"covered":10,"skipped":0,"pct":83.33},"branches":{"total":4,"covered":3,"skipped":0,"pct":75}}
,"/home/runner/work/alfa/alfa/packages/alfa-css/src/value/textual/index.ts": {"lines":{"total":0,"covered":0,"skipped":0,"pct":0},"functions":{"total":0,"covered":0,"skipped":0,"pct":0},"statements":{"total":0,"covered":0,"skipped":0,"pct":0},"branches":{"total":0,"covered":0,"skipped":0,"pct":0}}
,"/home/runner/work/alfa/alfa/packages/alfa-css/src/value/textual/keyword.ts": {"lines":{"total":12,"covered":12,"skipped":0,"pct":100},"functions":{"total":8,"covered":8,"skipped":0,"pct":100},"statements":{"total":12,"covered":12,"skipped":0,"pct":100},"branches":{"total":4,"covered":3,"skipped":0,"pct":75}}
,"/home/runner/work/alfa/alfa/packages/alfa-css/src/value/textual/string.ts": {"lines":{"total":15,"covered":10,"skipped":0,"pct":66.66},"functions":{"total":11,"covered":6,"skipped":0,"pct":54.54},"statements":{"total":15,"covered":10,"skipped":0,"pct":66.66},"branches":{"total":4,"covered":1,"skipped":0,"pct":25}}
,"/home/runner/work/alfa/alfa/packages/alfa-css/src/value/textual/url.ts": {"lines":{"total":16,"covered":14,"skipped":0,"pct":87.5},"functions":{"total":12,"covered":10,"skipped":0,"pct":83.33},"statements":{"total":16,"covered":14,"skipped":0,"pct":87.5},"branches":{"total":4,"covered":1,"skipped":0,"pct":25}}
,"/home/runner/work/alfa/alfa/packages/alfa-css/src/value/transform/function.ts": {"lines":{"total":4,"covered":4,"skipped":0,"pct":100},"functions":{"total":3,"covered":3,"skipped":0,"pct":100},"statements":{"total":4,"covered":4,"skipped":0,"pct":100},"branches":{"total":0,"covered":0,"skipped":0,"pct":100}}
,"/home/runner/work/alfa/alfa/packages/alfa-css/src/value/transform/index.ts": {"lines":{"total":0,"covered":0,"skipped":0,"pct":0},"functions":{"total":0,"covered":0,"skipped":0,"pct":0},"statements":{"total":0,"covered":0,"skipped":0,"pct":0},"branches":{"total":0,"covered":0,"skipped":0,"pct":0}}
,"/home/runner/work/alfa/alfa/packages/alfa-css/src/value/transform/matrix.ts": {"lines":{"total":33,"covered":23,"skipped":0,"pct":69.69},"functions":{"total":20,"covered":14,"skipped":0,"pct":70},"statements":{"total":36,"covered":25,"skipped":0,"pct":69.44},"branches":{"total":16,"covered":1,"skipped":0,"pct":6.25}}
,"/home/runner/work/alfa/alfa/packages/alfa-css/src/value/transform/perspective.ts": {"lines":{"total":19,"covered":14,"skipped":0,"pct":73.68},"functions":{"total":13,"covered":8,"skipped":0,"pct":61.53},"statements":{"total":19,"covered":14,"skipped":0,"pct":73.68},"branches":{"total":6,"covered":4,"skipped":0,"pct":66.66}}
,"/home/runner/work/alfa/alfa/packages/alfa-css/src/value/transform/rotate.ts": {"lines":{"total":40,"covered":33,"skipped":0,"pct":82.5},"functions":{"total":22,"covered":17,"skipped":0,"pct":77.27},"statements":{"total":41,"covered":34,"skipped":0,"pct":82.92},"branches":{"total":12,"covered":2,"skipped":0,"pct":16.66}}
,"/home/runner/work/alfa/alfa/packages/alfa-css/src/value/transform/scale.ts": {"lines":{"total":42,"covered":27,"skipped":0,"pct":64.28},"functions":{"total":21,"covered":14,"skipped":0,"pct":66.66},"statements":{"total":42,"covered":27,"skipped":0,"pct":64.28},"branches":{"total":20,"covered":8,"skipped":0,"pct":40}}
,"/home/runner/work/alfa/alfa/packages/alfa-css/src/value/transform/skew.ts": {"lines":{"total":30,"covered":18,"skipped":0,"pct":60},"functions":{"total":16,"covered":8,"skipped":0,"pct":50},"statements":{"total":30,"covered":18,"skipped":0,"pct":60},"branches":{"total":11,"covered":3,"skipped":0,"pct":27.27}}
,"/home/runner/work/alfa/alfa/packages/alfa-css/src/value/transform/transform.ts": {"lines":{"total":21,"covered":14,"skipped":0,"pct":66.66},"functions":{"total":11,"covered":3,"skipped":0,"pct":27.27},"statements":{"total":22,"covered":14,"skipped":0,"pct":63.63},"branches":{"total":4,"covered":4,"skipped":0,"pct":100}}
,"/home/runner/work/alfa/alfa/packages/alfa-css/src/value/transform/translate.ts": {"lines":{"total":45,"covered":38,"skipped":0,"pct":84.44},"functions":{"total":27,"covered":22,"skipped":0,"pct":81.48},"statements":{"total":45,"covered":38,"skipped":0,"pct":84.44},"branches":{"total":18,"covered":6,"skipped":0,"pct":33.33}}
,"/home/runner/work/alfa/alfa/packages/alfa-css/test/common/parse.ts": {"lines":{"total":4,"covered":4,"skipped":0,"pct":100},"functions":{"total":7,"covered":7,"skipped":0,"pct":100},"statements":{"total":7,"covered":7,"skipped":0,"pct":100},"branches":{"total":0,"covered":0,"skipped":0,"pct":100}}
,"/home/runner/work/alfa/alfa/packages/alfa-device/src/device.ts": {"lines":{"total":36,"covered":24,"skipped":0,"pct":66.66},"functions":{"total":20,"covered":14,"skipped":0,"pct":70},"statements":{"total":36,"covered":24,"skipped":0,"pct":66.66},"branches":{"total":15,"covered":5,"skipped":0,"pct":33.33}}
,"/home/runner/work/alfa/alfa/packages/alfa-device/src/display.ts": {"lines":{"total":20,"covered":12,"skipped":0,"pct":60},"functions":{"total":11,"covered":7,"skipped":0,"pct":63.63},"statements":{"total":20,"covered":12,"skipped":0,"pct":60},"branches":{"total":10,"covered":4,"skipped":0,"pct":40}}
,"/home/runner/work/alfa/alfa/packages/alfa-device/src/index.ts": {"lines":{"total":0,"covered":0,"skipped":0,"pct":0},"functions":{"total":0,"covered":0,"skipped":0,"pct":0},"statements":{"total":0,"covered":0,"skipped":0,"pct":0},"branches":{"total":0,"covered":0,"skipped":0,"pct":0}}
,"/home/runner/work/alfa/alfa/packages/alfa-device/src/native.ts": {"lines":{"total":10,"covered":0,"skipped":0,"pct":0},"functions":{"total":8,"covered":0,"skipped":0,"pct":0},"statements":{"total":13,"covered":0,"skipped":0,"pct":0},"branches":{"total":10,"covered":0,"skipped":0,"pct":0}}
,"/home/runner/work/alfa/alfa/packages/alfa-device/src/preference.ts": {"lines":{"total":19,"covered":14,"skipped":0,"pct":73.68},"functions":{"total":12,"covered":7,"skipped":0,"pct":58.33},"statements":{"total":19,"covered":14,"skipped":0,"pct":73.68},"branches":{"total":15,"covered":8,"skipped":0,"pct":53.33}}
,"/home/runner/work/alfa/alfa/packages/alfa-device/src/scripting.ts": {"lines":{"total":11,"covered":8,"skipped":0,"pct":72.72},"functions":{"total":9,"covered":6,"skipped":0,"pct":66.66},"statements":{"total":11,"covered":8,"skipped":0,"pct":72.72},"branches":{"total":4,"covered":1,"skipped":0,"pct":25}}
,"/home/runner/work/alfa/alfa/packages/alfa-device/src/viewport.ts": {"lines":{"total":25,"covered":16,"skipped":0,"pct":64},"functions":{"total":14,"covered":10,"skipped":0,"pct":71.42},"statements":{"total":25,"covered":16,"skipped":0,"pct":64},"branches":{"total":12,"covered":5,"skipped":0,"pct":41.66}}
,"/home/runner/work/alfa/alfa/packages/alfa-dom/src/h.ts": {"lines":{"total":78,"covered":71,"skipped":0,"pct":91.02},"functions":{"total":35,"covered":29,"skipped":0,"pct":82.85},"statements":{"total":79,"covered":72,"skipped":0,"pct":91.13},"branches":{"total":87,"covered":77,"skipped":0,"pct":88.5}}
,"/home/runner/work/alfa/alfa/packages/alfa-dom/src/index.ts": {"lines":{"total":0,"covered":0,"skipped":0,"pct":0},"functions":{"total":0,"covered":0,"skipped":0,"pct":0},"statements":{"total":0,"covered":0,"skipped":0,"pct":0},"branches":{"total":0,"covered":0,"skipped":0,"pct":0}}
,"/home/runner/work/alfa/alfa/packages/alfa-dom/src/jsx-runtime.ts": {"lines":{"total":14,"covered":6,"skipped":0,"pct":42.85},"functions":{"total":3,"covered":1,"skipped":0,"pct":33.33},"statements":{"total":14,"covered":6,"skipped":0,"pct":42.85},"branches":{"total":8,"covered":4,"skipped":0,"pct":50}}
,"/home/runner/work/alfa/alfa/packages/alfa-dom/src/jsx.ts": {"lines":{"total":26,"covered":25,"skipped":0,"pct":96.15},"functions":{"total":1,"covered":1,"skipped":0,"pct":100},"statements":{"total":26,"covered":25,"skipped":0,"pct":96.15},"branches":{"total":18,"covered":14,"skipped":0,"pct":77.77}}
,"/home/runner/work/alfa/alfa/packages/alfa-dom/src/namespace.ts": {"lines":{"total":12,"covered":11,"skipped":0,"pct":91.66},"functions":{"total":3,"covered":3,"skipped":0,"pct":100},"statements":{"total":12,"covered":11,"skipped":0,"pct":91.66},"branches":{"total":11,"covered":7,"skipped":0,"pct":63.63}}
,"/home/runner/work/alfa/alfa/packages/alfa-dom/src/native.ts": {"lines":{"total":111,"covered":40,"skipped":0,"pct":36.03},"functions":{"total":33,"covered":17,"skipped":0,"pct":51.51},"statements":{"total":113,"covered":41,"skipped":0,"pct":36.28},"branches":{"total":82,"covered":27,"skipped":0,"pct":32.92}}
,"/home/runner/work/alfa/alfa/packages/alfa-dom/src/node.ts": {"lines":{"total":87,"covered":68,"skipped":0,"pct":78.16},"functions":{"total":32,"covered":22,"skipped":0,"pct":68.75},"statements":{"total":91,"covered":70,"skipped":0,"pct":76.92},"branches":{"total":55,"covered":44,"skipped":0,"pct":80}}
,"/home/runner/work/alfa/alfa/packages/alfa-dom/src/node/attribute.ts": {"lines":{"total":57,"covered":54,"skipped":0,"pct":94.73},"functions":{"total":24,"covered":22,"skipped":0,"pct":91.66},"statements":{"total":59,"covered":56,"skipped":0,"pct":94.91},"branches":{"total":30,"covered":22,"skipped":0,"pct":73.33}}
,"/home/runner/work/alfa/alfa/packages/alfa-dom/src/node/comment.ts": {"lines":{"total":27,"covered":8,"skipped":0,"pct":29.62},"functions":{"total":12,"covered":5,"skipped":0,"pct":41.66},"statements":{"total":27,"covered":8,"skipped":0,"pct":29.62},"branches":{"total":8,"covered":1,"skipped":0,"pct":12.5}}
,"/home/runner/work/alfa/alfa/packages/alfa-dom/src/node/document.ts": {"lines":{"total":41,"covered":36,"skipped":0,"pct":87.8},"functions":{"total":24,"covered":21,"skipped":0,"pct":87.5},"statements":{"total":43,"covered":38,"skipped":0,"pct":88.37},"branches":{"total":25,"covered":20,"skipped":0,"pct":80}}
,"/home/runner/work/alfa/alfa/packages/alfa-dom/src/node/element.ts": {"lines":{"total":134,"covered":121,"skipped":0,"pct":90.29},"functions":{"total":56,"covered":51,"skipped":0,"pct":91.07},"statements":{"total":137,"covered":124,"skipped":0,"pct":90.51},"branches":{"total":96,"covered":85,"skipped":0,"pct":88.54}}
,"/home/runner/work/alfa/alfa/packages/alfa-dom/src/node/fragment.ts": {"lines":{"total":22,"covered":6,"skipped":0,"pct":27.27},"functions":{"total":17,"covered":5,"skipped":0,"pct":29.41},"statements":{"total":23,"covered":6,"skipped":0,"pct":26.08},"branches":{"total":10,"covered":1,"skipped":0,"pct":10}}
,"/home/runner/work/alfa/alfa/packages/alfa-dom/src/node/predicate.ts": {"lines":{"total":0,"covered":0,"skipped":0,"pct":0},"functions":{"total":0,"covered":0,"skipped":0,"pct":0},"statements":{"total":0,"covered":0,"skipped":0,"pct":0},"branches":{"total":0,"covered":0,"skipped":0,"pct":0}}
,"/home/runner/work/alfa/alfa/packages/alfa-dom/src/node/shadow.ts": {"lines":{"total":51,"covered":38,"skipped":0,"pct":74.5},"functions":{"total":27,"covered":19,"skipped":0,"pct":70.37},"statements":{"total":54,"covered":39,"skipped":0,"pct":72.22},"branches":{"total":30,"covered":20,"skipped":0,"pct":66.66}}
,"/home/runner/work/alfa/alfa/packages/alfa-dom/src/node/slot.ts": {"lines":{"total":13,"covered":13,"skipped":0,"pct":100},"functions":{"total":5,"covered":5,"skipped":0,"pct":100},"statements":{"total":13,"covered":13,"skipped":0,"pct":100},"branches":{"total":10,"covered":8,"skipped":0,"pct":80}}
[...]
,"/home/runner/work/alfa/alfa/packages/alfa-thunk/src/index.ts": {"lines":{"total":0,"covered":0,"skipped":0,"pct":0},"functions":{"total":0,"covered":0,"skipped":0,"pct":0},"statements":{"total":0,"covered":0,"skipped":0,"pct":0},"branches":{"total":0,"covered":0,"skipped":0,"pct":0}}
,"/home/runner/work/alfa/alfa/packages/alfa-thunk/src/thunk.ts": {"lines":{"total":9,"covered":8,"skipped":0,"pct":88.88},"functions":{"total":8,"covered":7,"skipped":0,"pct":87.5},"statements":{"total":12,"covered":11,"skipped":0,"pct":91.66},"branches":{"total":2,"covered":2,"skipped":0,"pct":100}}
,"/home/runner/work/alfa/alfa/packages/alfa-time/src/index.ts": {"lines":{"total":0,"covered":0,"skipped":0,"pct":0},"functions":{"total":0,"covered":0,"skipped":0,"pct":0},"statements":{"total":0,"covered":0,"skipped":0,"pct":0},"branches":{"total":0,"covered":0,"skipped":0,"pct":0}}
,"/home/runner/work/alfa/alfa/packages/alfa-time/src/time.ts": {"lines":{"total":5,"covered":5,"skipped":0,"pct":100},"functions":{"total":5,"covered":5,"skipped":0,"pct":100},"statements":{"total":5,"covered":5,"skipped":0,"pct":100},"branches":{"total":1,"covered":1,"skipped":0,"pct":100}}
,"/home/runner/work/alfa/alfa/packages/alfa-time/src/timeout.ts": {"lines":{"total":8,"covered":0,"skipped":0,"pct":0},"functions":{"total":14,"covered":0,"skipped":0,"pct":0},"statements":{"total":8,"covered":0,"skipped":0,"pct":0},"branches":{"total":8,"covered":0,"skipped":0,"pct":0}}
,"/home/runner/work/alfa/alfa/packages/alfa-toolchain/src/common.ts": {"lines":{"total":1,"covered":0,"skipped":0,"pct":0},"functions":{"total":2,"covered":0,"skipped":0,"pct":0},"statements":{"total":1,"covered":0,"skipped":0,"pct":0},"branches":{"total":0,"covered":0,"skipped":0,"pct":100}}
,"/home/runner/work/alfa/alfa/packages/alfa-toolchain/src/create-alfa-package.ts": {"lines":{"total":54,"covered":0,"skipped":0,"pct":0},"functions":{"total":10,"covered":0,"skipped":0,"pct":0},"statements":{"total":69,"covered":0,"skipped":0,"pct":0},"branches":{"total":20,"covered":0,"skipped":0,"pct":0}}
,"/home/runner/work/alfa/alfa/packages/alfa-toolchain/src/index.ts": {"lines":{"total":0,"covered":0,"skipped":0,"pct":0},"functions":{"total":0,"covered":0,"skipped":0,"pct":0},"statements":{"total":0,"covered":0,"skipped":0,"pct":0},"branches":{"total":0,"covered":0,"skipped":0,"pct":0}}
,"/home/runner/work/alfa/alfa/packages/alfa-toolchain/src/changeset/build-changelog.ts": {"lines":{"total":44,"covered":21,"skipped":0,"pct":47.72},"functions":{"total":23,"covered":12,"skipped":0,"pct":52.17},"statements":{"total":46,"covered":23,"skipped":0,"pct":50},"branches":{"total":20,"covered":6,"skipped":0,"pct":30}}
,"/home/runner/work/alfa/alfa/packages/alfa-toolchain/src/changeset/changelog-global.ts": {"lines":{"total":32,"covered":0,"skipped":0,"pct":0},"functions":{"total":9,"covered":0,"skipped":0,"pct":0},"statements":{"total":49,"covered":0,"skipped":0,"pct":0},"branches":{"total":12,"covered":0,"skipped":0,"pct":0}}
,"/home/runner/work/alfa/alfa/packages/alfa-toolchain/src/changeset/get-changeset-details.ts": {"lines":{"total":12,"covered":12,"skipped":0,"pct":100},"functions":{"total":5,"covered":5,"skipped":0,"pct":100},"statements":{"total":13,"covered":13,"skipped":0,"pct":100},"branches":{"total":8,"covered":8,"skipped":0,"pct":100}}
,"/home/runner/work/alfa/alfa/packages/alfa-toolchain/src/changeset/helpers.ts": {"lines":{"total":28,"covered":6,"skipped":0,"pct":21.42},"functions":{"total":4,"covered":1,"skipped":0,"pct":25},"statements":{"total":28,"covered":6,"skipped":0,"pct":21.42},"branches":{"total":12,"covered":2,"skipped":0,"pct":16.66}}
,"/home/runner/work/alfa/alfa/packages/alfa-toolchain/src/coverage/generate-unit-test-coverage-report.ts": {"lines":{"total":11,"covered":0,"skipped":0,"pct":0},"functions":{"total":4,"covered":0,"skipped":0,"pct":0},"statements":{"total":16,"covered":0,"skipped":0,"pct":0},"branches":{"total":6,"covered":0,"skipped":0,"pct":0}}
,"/home/runner/work/alfa/alfa/packages/alfa-toolchain/src/coverage/transform-unit-test-coverage-data.ts": {"lines":{"total":20,"covered":17,"skipped":0,"pct":85},"functions":{"total":9,"covered":7,"skipped":0,"pct":77.77},"statements":{"total":21,"covered":18,"skipped":0,"pct":85.71},"branches":{"total":6,"covered":4,"skipped":0,"pct":66.66}}
,"/home/runner/work/alfa/alfa/packages/alfa-toolchain/src/coverage/upload-coverage-report.ts": {"lines":{"total":30,"covered":0,"skipped":0,"pct":0},"functions":{"total":2,"covered":0,"skipped":0,"pct":0},"statements":{"total":42,"covered":0,"skipped":0,"pct":0},"branches":{"total":24,"covered":0,"skipped":0,"pct":0}}
,"/home/runner/work/alfa/alfa/packages/alfa-toolchain/src/dependency-graph/dependency-graph.ts": {"lines":{"total":98,"covered":7,"skipped":0,"pct":7.14},"functions":{"total":27,"covered":3,"skipped":0,"pct":11.11},"statements":{"total":99,"covered":7,"skipped":0,"pct":7.07},"branches":{"total":37,"covered":3,"skipped":0,"pct":8.1}}
,"/home/runner/work/alfa/alfa/packages/alfa-toolchain/src/dependency-graph/generate-graphs.ts": {"lines":{"total":18,"covered":0,"skipped":0,"pct":0},"functions":{"total":10,"covered":0,"skipped":0,"pct":0},"statements":{"total":24,"covered":0,"skipped":0,"pct":0},"branches":{"total":8,"covered":0,"skipped":0,"pct":0}}
,"/home/runner/work/alfa/alfa/packages/alfa-toolchain/src/dependency-graph/helpers.ts": {"lines":{"total":49,"covered":28,"skipped":0,"pct":57.14},"functions":{"total":24,"covered":10,"skipped":0,"pct":41.66},"statements":{"total":56,"covered":29,"skipped":0,"pct":51.78},"branches":{"total":17,"covered":15,"skipped":0,"pct":88.23}}
,"/home/runner/work/alfa/alfa/packages/alfa-toolchain/src/dependency-graph/index.ts": {"lines":{"total":0,"covered":0,"skipped":0,"pct":0},"functions":{"total":0,"covered":0,"skipped":0,"pct":0},"statements":{"total":0,"covered":0,"skipped":0,"pct":0},"branches":{"total":0,"covered":0,"skipped":0,"pct":0}}
,"/home/runner/work/alfa/alfa/packages/alfa-toolchain/src/dependency-graph/rainbow.ts": {"lines":{"total":11,"covered":2,"skipped":0,"pct":18.18},"functions":{"total":6,"covered":1,"skipped":0,"pct":16.66},"statements":{"total":12,"covered":2,"skipped":0,"pct":16.66},"branches":{"total":3,"covered":2,"skipped":0,"pct":66.66}}
,"/home/runner/work/alfa/alfa/packages/alfa-toolchain/src/validation/has-extractor-config.ts": {"lines":{"total":8,"covered":0,"skipped":0,"pct":0},"functions":{"total":2,"covered":0,"skipped":0,"pct":0},"statements":{"total":11,"covered":0,"skipped":0,"pct":0},"branches":{"total":4,"covered":0,"skipped":0,"pct":0}}
,"/home/runner/work/alfa/alfa/packages/alfa-toolchain/src/validation/index.ts": {"lines":{"total":0,"covered":0,"skipped":0,"pct":0},"functions":{"total":0,"covered":0,"skipped":0,"pct":0},"statements":{"total":0,"covered":0,"skipped":0,"pct":0},"branches":{"total":0,"covered":0,"skipped":0,"pct":0}}
,"/home/runner/work/alfa/alfa/packages/alfa-toolchain/src/validation/is-in-clusters.ts": {"lines":{"total":7,"covered":0,"skipped":0,"pct":0},"functions":{"total":6,"covered":0,"skipped":0,"pct":0},"statements":{"total":9,"covered":0,"skipped":0,"pct":0},"branches":{"total":4,"covered":0,"skipped":0,"pct":0}}
,"/home/runner/work/alfa/alfa/packages/alfa-toolchain/src/validation/validate-all.ts": {"lines":{"total":24,"covered":0,"skipped":0,"pct":0},"functions":{"total":3,"covered":0,"skipped":0,"pct":0},"statements":{"total":30,"covered":0,"skipped":0,"pct":0},"branches":{"total":30,"covered":0,"skipped":0,"pct":0}}
,"/home/runner/work/alfa/alfa/packages/alfa-toolchain/src/validation/validate-changesets.ts": {"lines":{"total":9,"covered":0,"skipped":0,"pct":0},"functions":{"total":8,"covered":0,"skipped":0,"pct":0},"statements":{"total":13,"covered":0,"skipped":0,"pct":0},"branches":{"total":8,"covered":0,"skipped":0,"pct":0}}
,"/home/runner/work/alfa/alfa/packages/alfa-toolchain/src/validation/validate-package-json.ts": {"lines":{"total":19,"covered":0,"skipped":0,"pct":0},"functions":{"total":2,"covered":0,"skipped":0,"pct":0},"statements":{"total":22,"covered":0,"skipped":0,"pct":0},"branches":{"total":38,"covered":0,"skipped":0,"pct":0}}
,"/home/runner/work/alfa/alfa/packages/alfa-toolchain/src/validation/validate-workspace-tsconfig.ts": {"lines":{"total":21,"covered":0,"skipped":0,"pct":0},"functions":{"total":17,"covered":0,"skipped":0,"pct":0},"statements":{"total":33,"covered":0,"skipped":0,"pct":0},"branches":{"total":16,"covered":0,"skipped":0,"pct":0}}
,"/home/runner/work/alfa/alfa/packages/alfa-trampoline/src/index.ts": {"lines":{"total":0,"covered":0,"skipped":0,"pct":0},"functions":{"total":0,"covered":0,"skipped":0,"pct":0},"statements":{"total":0,"covered":0,"skipped":0,"pct":0},"branches":{"total":0,"covered":0,"skipped":0,"pct":0}}
,"/home/runner/work/alfa/alfa/packages/alfa-trampoline/src/trampoline.ts": {"lines":{"total":57,"covered":43,"skipped":0,"pct":75.43},"functions":{"total":48,"covered":32,"skipped":0,"pct":66.66},"statements":{"total":65,"covered":48,"skipped":0,"pct":73.84},"branches":{"total":4,"covered":3,"skipped":0,"pct":75}}
,"/home/runner/work/alfa/alfa/packages/alfa-tree/src/index.ts": {"lines":{"total":0,"covered":0,"skipped":0,"pct":0},"functions":{"total":0,"covered":0,"skipped":0,"pct":0},"statements":{"total":0,"covered":0,"skipped":0,"pct":0},"branches":{"total":0,"covered":0,"skipped":0,"pct":0}}
,"/home/runner/work/alfa/alfa/packages/alfa-tree/src/tree.ts": {"lines":{"total":96,"covered":76,"skipped":0,"pct":79.16},"functions":{"total":46,"covered":29,"skipped":0,"pct":63.04},"statements":{"total":97,"covered":77,"skipped":0,"pct":79.38},"branches":{"total":36,"covered":30,"skipped":0,"pct":83.33}}
,"/home/runner/work/alfa/alfa/packages/alfa-trilean/src/index.ts": {"lines":{"total":0,"covered":0,"skipped":0,"pct":0},"functions":{"total":0,"covered":0,"skipped":0,"pct":0},"statements":{"total":0,"covered":0,"skipped":0,"pct":0},"branches":{"total":0,"covered":0,"skipped":0,"pct":0}}
,"/home/runner/work/alfa/alfa/packages/alfa-trilean/src/trilean.ts": {"lines":{"total":50,"covered":41,"skipped":0,"pct":82},"functions":{"total":21,"covered":15,"skipped":0,"pct":71.42},"statements":{"total":50,"covered":41,"skipped":0,"pct":82},"branches":{"total":20,"covered":17,"skipped":0,"pct":85}}
,"/home/runner/work/alfa/alfa/packages/alfa-tuple/src/index.ts": {"lines":{"total":0,"covered":0,"skipped":0,"pct":0},"functions":{"total":0,"covered":0,"skipped":0,"pct":0},"statements":{"total":0,"covered":0,"skipped":0,"pct":0},"branches":{"total":0,"covered":0,"skipped":0,"pct":0}}
,"/home/runner/work/alfa/alfa/packages/alfa-tuple/src/tuple.ts": {"lines":{"total":65,"covered":34,"skipped":0,"pct":52.3},"functions":{"total":33,"covered":2,"skipped":0,"pct":6.06},"statements":{"total":65,"covered":34,"skipped":0,"pct":52.3},"branches":{"total":2,"covered":2,"skipped":0,"pct":100}}
,"/home/runner/work/alfa/alfa/packages/alfa-url/src/builtin.ts": {"lines":{"total":1,"covered":1,"skipped":0,"pct":100},"functions":{"total":0,"covered":0,"skipped":0,"pct":100},"statements":{"total":1,"covered":1,"skipped":0,"pct":100},"branches":{"total":0,"covered":0,"skipped":0,"pct":100}}
,"/home/runner/work/alfa/alfa/packages/alfa-url/src/index.ts": {"lines":{"total":0,"covered":0,"skipped":0,"pct":0},"functions":{"total":0,"covered":0,"skipped":0,"pct":0},"statements":{"total":0,"covered":0,"skipped":0,"pct":0},"branches":{"total":0,"covered":0,"skipped":0,"pct":0}}
,"/home/runner/work/alfa/alfa/packages/alfa-url/src/url.ts": {"lines":{"total":75,"covered":52,"skipped":0,"pct":69.33},"functions":{"total":26,"covered":14,"skipped":0,"pct":53.84},"statements":{"total":75,"covered":52,"skipped":0,"pct":69.33},"branches":{"total":50,"covered":43,"skipped":0,"pct":86}}
,"/home/runner/work/alfa/alfa/packages/alfa-wcag/src/conformance.ts": {"lines":{"total":10,"covered":4,"skipped":0,"pct":40},"functions":{"total":7,"covered":1,"skipped":0,"pct":14.28},"statements":{"total":10,"covered":4,"skipped":0,"pct":40},"branches":{"total":5,"covered":2,"skipped":0,"pct":40}}
,"/home/runner/work/alfa/alfa/packages/alfa-wcag/src/criterion.ts": {"lines":{"total":31,"covered":16,"skipped":0,"pct":51.61},"functions":{"total":17,"covered":7,"skipped":0,"pct":41.17},"statements":{"total":32,"covered":16,"skipped":0,"pct":50},"branches":{"total":8,"covered":5,"skipped":0,"pct":62.5}}
,"/home/runner/work/alfa/alfa/packages/alfa-wcag/src/index.ts": {"lines":{"total":0,"covered":0,"skipped":0,"pct":0},"functions":{"total":0,"covered":0,"skipped":0,"pct":0},"statements":{"total":0,"covered":0,"skipped":0,"pct":0},"branches":{"total":0,"covered":0,"skipped":0,"pct":0}}
,"/home/runner/work/alfa/alfa/packages/alfa-wcag/src/technique.ts": {"lines":{"total":13,"covered":8,"skipped":0,"pct":61.53},"functions":{"total":9,"covered":4,"skipped":0,"pct":44.44},"statements":{"total":13,"covered":8,"skipped":0,"pct":61.53},"branches":{"total":2,"covered":1,"skipped":0,"pct":50}}
,"/home/runner/work/alfa/alfa/packages/alfa-wcag/src/criterion/data.ts": {"lines":{"total":1,"covered":1,"skipped":0,"pct":100},"functions":{"total":0,"covered":0,"skipped":0,"pct":100},"statements":{"total":1,"covered":1,"skipped":0,"pct":100},"branches":{"total":0,"covered":0,"skipped":0,"pct":100}}
,"/home/runner/work/alfa/alfa/packages/alfa-wcag/src/technique/data.ts": {"lines":{"total":1,"covered":1,"skipped":0,"pct":100},"functions":{"total":0,"covered":0,"skipped":0,"pct":100},"statements":{"total":1,"covered":1,"skipped":0,"pct":100},"branches":{"total":0,"covered":0,"skipped":0,"pct":100}}
,"/home/runner/work/alfa/alfa/packages/alfa-web/src/index.ts": {"lines":{"total":0,"covered":0,"skipped":0,"pct":0},"functions":{"total":0,"covered":0,"skipped":0,"pct":0},"statements":{"total":0,"covered":0,"skipped":0,"pct":0},"branches":{"total":0,"covered":0,"skipped":0,"pct":0}}
,"/home/runner/work/alfa/alfa/packages/alfa-web/src/native.ts": {"lines":{"total":3,"covered":0,"skipped":0,"pct":0},"functions":{"total":4,"covered":0,"skipped":0,"pct":0},"statements":{"total":5,"covered":0,"skipped":0,"pct":0},"branches":{"total":8,"covered":0,"skipped":0,"pct":0}}
,"/home/runner/work/alfa/alfa/packages/alfa-web/src/page.ts": {"lines":{"total":22,"covered":17,"skipped":0,"pct":77.27},"functions":{"total":15,"covered":10,"skipped":0,"pct":66.66},"statements":{"total":22,"covered":17,"skipped":0,"pct":77.27},"branches":{"total":4,"covered":3,"skipped":0,"pct":75}}
,"/home/runner/work/alfa/alfa/packages/alfa-web/src/resource.ts": {"lines":{"total":4,"covered":3,"skipped":0,"pct":75},"functions":{"total":2,"covered":1,"skipped":0,"pct":50},"statements":{"total":4,"covered":3,"skipped":0,"pct":75},"branches":{"total":5,"covered":2,"skipped":0,"pct":40}}
,"/home/runner/work/alfa/alfa/packages/alfa-web/src/site.ts": {"lines":{"total":4,"covered":0,"skipped":0,"pct":0},"functions":{"total":4,"covered":1,"skipped":0,"pct":25},"statements":{"total":4,"covered":0,"skipped":0,"pct":0},"branches":{"total":0,"covered":0,"skipped":0,"pct":100}}
,"/home/runner/work/alfa/alfa/packages/alfa-xpath/src/builder.ts": {"lines":{"total":38,"covered":13,"skipped":0,"pct":34.21},"functions":{"total":26,"covered":3,"skipped":0,"pct":11.53},"statements":{"total":38,"covered":13,"skipped":0,"pct":34.21},"branches":{"total":12,"covered":2,"skipped":0,"pct":16.66}}
,"/home/runner/work/alfa/alfa/packages/alfa-xpath/src/coerce.ts": {"lines":{"total":19,"covered":4,"skipped":0,"pct":21.05},"functions":{"total":1,"covered":1,"skipped":0,"pct":100},"statements":{"total":19,"covered":4,"skipped":0,"pct":21.05},"branches":{"total":14,"covered":2,"skipped":0,"pct":14.28}}
,"/home/runner/work/alfa/alfa/packages/alfa-xpath/src/descriptors.ts": {"lines":{"total":10,"covered":1,"skipped":0,"pct":10},"functions":{"total":10,"covered":1,"skipped":0,"pct":10},"statements":{"total":10,"covered":1,"skipped":0,"pct":10},"branches":{"total":3,"covered":0,"skipped":0,"pct":0}}
,"/home/runner/work/alfa/alfa/packages/alfa-xpath/src/environment.ts": {"lines":{"total":1,"covered":1,"skipped":0,"pct":100},"functions":{"total":1,"covered":1,"skipped":0,"pct":100},"statements":{"total":1,"covered":1,"skipped":0,"pct":100},"branches":{"total":0,"covered":0,"skipped":0,"pct":100}}
,"/home/runner/work/alfa/alfa/packages/alfa-xpath/src/evaluate.ts": {"lines":{"total":116,"covered":62,"skipped":0,"pct":53.44},"functions":{"total":11,"covered":8,"skipped":0,"pct":72.72},"statements":{"total":118,"covered":64,"skipped":0,"pct":54.23},"branches":{"total":85,"covered":28,"skipped":0,"pct":32.94}}
,"/home/runner/work/alfa/alfa/packages/alfa-xpath/src/expression.ts": {"lines":{"total":156,"covered":80,"skipped":0,"pct":51.28},"functions":{"total":132,"covered":62,"skipped":0,"pct":46.96},"statements":{"total":158,"covered":80,"skipped":0,"pct":50.63},"branches":{"total":39,"covered":6,"skipped":0,"pct":15.38}}
,"/home/runner/work/alfa/alfa/packages/alfa-xpath/src/function.ts": {"lines":{"total":13,"covered":11,"skipped":0,"pct":84.61},"functions":{"total":2,"covered":2,"skipped":0,"pct":100},"statements":{"total":13,"covered":11,"skipped":0,"pct":84.61},"branches":{"total":6,"covered":3,"skipped":0,"pct":50}}
,"/home/runner/work/alfa/alfa/packages/alfa-xpath/src/index.ts": {"lines":{"total":0,"covered":0,"skipped":0,"pct":0},"functions":{"total":0,"covered":0,"skipped":0,"pct":0},"statements":{"total":0,"covered":0,"skipped":0,"pct":0},"branches":{"total":0,"covered":0,"skipped":0,"pct":0}}
,"/home/runner/work/alfa/alfa/packages/alfa-xpath/src/matches.ts": {"lines":{"total":7,"covered":3,"skipped":0,"pct":42.85},"functions":{"total":2,"covered":2,"skipped":0,"pct":100},"statements":{"total":7,"covered":3,"skipped":0,"pct":42.85},"branches":{"total":7,"covered":1,"skipped":0,"pct":14.28}}
,"/home/runner/work/alfa/alfa/packages/alfa-xpath/src/types.ts": {"lines":{"total":0,"covered":0,"skipped":0,"pct":0},"functions":{"total":0,"covered":0,"skipped":0,"pct":0},"statements":{"total":0,"covered":0,"skipped":0,"pct":0},"branches":{"total":0,"covered":0,"skipped":0,"pct":0}}
,"/home/runner/work/alfa/alfa/packages/alfa-xpath/src/walk.ts": {"lines":{"total":12,"covered":5,"skipped":0,"pct":41.66},"functions":{"total":1,"covered":1,"skipped":0,"pct":100},"statements":{"total":12,"covered":5,"skipped":0,"pct":41.66},"branches":{"total":10,"covered":3,"skipped":0,"pct":30}}
,"/home/runner/work/alfa/alfa/packages/alfa-xpath/src/functions/fn.ts": {"lines":{"total":4,"covered":4,"skipped":0,"pct":100},"functions":{"total":2,"covered":2,"skipped":0,"pct":100},"statements":{"total":4,"covered":4,"skipped":0,"pct":100},"branches":{"total":2,"covered":2,"skipped":0,"pct":100}}
,"/home/runner/work/alfa/alfa/packages/alfa-xpath/src/functions/index.ts": {"lines":{"total":4,"covered":4,"skipped":0,"pct":100},"functions":{"total":0,"covered":0,"skipped":0,"pct":100},"statements":{"total":4,"covered":4,"skipped":0,"pct":100},"branches":{"total":0,"covered":0,"skipped":0,"pct":100}}
,"/home/runner/work/alfa/alfa/packages/alfa-xpath/src/syntax/lexer.ts": {"lines":{"total":154,"covered":151,"skipped":0,"pct":98.05},"functions":{"total":10,"covered":10,"skipped":0,"pct":100},"statements":{"total":156,"covered":153,"skipped":0,"pct":98.07},"branches":{"total":55,"covered":52,"skipped":0,"pct":94.54}}
,"/home/runner/work/alfa/alfa/packages/alfa-xpath/src/syntax/parser.ts": {"lines":{"total":94,"covered":81,"skipped":0,"pct":86.17},"functions":{"total":39,"covered":28,"skipped":0,"pct":71.79},"statements":{"total":96,"covered":83,"skipped":0,"pct":86.45},"branches":{"total":16,"covered":14,"skipped":0,"pct":87.5}}
,"/home/runner/work/alfa/alfa/packages/alfa-xpath/src/syntax/token.ts": {"lines":{"total":99,"covered":70,"skipped":0,"pct":70.7},"functions":{"total":69,"covered":41,"skipped":0,"pct":59.42},"statements":{"total":104,"covered":74,"skipped":0,"pct":71.15},"branches":{"total":23,"covered":6,"skipped":0,"pct":26.08}}
}
