{"total": {"lines":{"total":1335,"covered":854,"skipped":0,"pct":63.97},"statements":{"total":1709,"covered":1085,"skipped":0,"pct":63.48},"functions":{"total":1118,"covered":692,"skipped":0,"pct":61.89},"branches":{"total":1005,"covered":538,"skipped":0,"pct":53.53},"branchesTrue":{"total":0,"covered":0,"skipped":0,"pct":100}}
,"/home/runner/work/alfa/alfa/packages/alfa-dom/package.json": {"lines":{"total":0,"covered":0,"skipped":0,"pct":0},"functions":{"total":0,"covered":0,"skipped":0,"pct":0},"statements":{"total":0,"covered":0,"skipped":0,"pct":0},"branches":{"total":0,"covered":0,"skipped":0,"pct":0}}
,"/home/runner/work/alfa/alfa/packages/alfa-dom/tsconfig.json": {"lines":{"total":0,"covered":0,"skipped":0,"pct":0},"functions":{"total":0,"covered":0,"skipped":0,"pct":0},"statements":{"total":0,"covered":0,"skipped":0,"pct":0},"branches":{"total":0,"covered":0,"skipped":0,"pct":0}}
,"/home/runner/work/alfa/alfa/packages/alfa-dom/src/h.ts": {"lines":{"total":79,"covered":67,"skipped":0,"pct":84.81},"functions":{"total":67,"covered":63,"skipped":0,"pct":94.02},"statements":{"total":113,"covered":99,"skipped":0,"pct":87.61},"branches":{"total":110,"covered":93,"skipped":0,"pct":84.54}}
,"/home/runner/work/alfa/alfa/packages/alfa-dom/src/index.ts": {"lines":{"total":0,"covered":0,"skipped":0,"pct":0},"functions":{"total":0,"covered":0,"skipped":0,"pct":0},"statements":{"total":0,"covered":0,"skipped":0,"pct":0},"branches":{"total":0,"covered":0,"skipped":0,"pct":0}}
,"/home/runner/work/alfa/alfa/packages/alfa-dom/src/jsx-runtime.ts": {"lines":{"total":14,"covered":6,"skipped":0,"pct":42.85},"functions":{"total":3,"covered":1,"skipped":0,"pct":33.33},"statements":{"total":14,"covered":6,"skipped":0,"pct":42.85},"branches":{"total":8,"covered":4,"skipped":0,"pct":50}}
,"/home/runner/work/alfa/alfa/packages/alfa-dom/src/jsx.ts": {"lines":{"total":26,"covered":25,"skipped":0,"pct":96.15},"functions":{"total":2,"covered":2,"skipped":0,"pct":100},"statements":{"total":34,"covered":27,"skipped":0,"pct":79.41},"branches":{"total":25,"covered":18,"skipped":0,"pct":72}}
,"/home/runner/work/alfa/alfa/packages/alfa-dom/src/namespace.ts": {"lines":{"total":12,"covered":9,"skipped":0,"pct":75},"functions":{"total":6,"covered":5,"skipped":0,"pct":83.33},"statements":{"total":16,"covered":13,"skipped":0,"pct":81.25},"branches":{"total":15,"covered":6,"skipped":0,"pct":40}}
,"/home/runner/work/alfa/alfa/packages/alfa-dom/src/native.ts": {"lines":{"total":117,"covered":46,"skipped":0,"pct":39.31},"functions":{"total":33,"covered":17,"skipped":0,"pct":51.51},"statements":{"total":119,"covered":47,"skipped":0,"pct":39.49},"branches":{"total":85,"covered":30,"skipped":0,"pct":35.29}}
,"/home/runner/work/alfa/alfa/packages/alfa-dom/src/tsconfig.json": {"lines":{"total":0,"covered":0,"skipped":0,"pct":0},"functions":{"total":0,"covered":0,"skipped":0,"pct":0},"statements":{"total":0,"covered":0,"skipped":0,"pct":0},"branches":{"total":0,"covered":0,"skipped":0,"pct":0}}
,"/home/runner/work/alfa/alfa/packages/alfa-dom/src/node/attribute.ts": {"lines":{"total":56,"covered":44,"skipped":0,"pct":78.57},"functions":{"total":44,"covered":32,"skipped":0,"pct":72.72},"statements":{"total":70,"covered":53,"skipped":0,"pct":75.71},"branches":{"total":41,"covered":21,"skipped":0,"pct":51.21}}
,"/home/runner/work/alfa/alfa/packages/alfa-dom/src/node/comment.ts": {"lines":{"total":26,"covered":7,"skipped":0,"pct":26.92},"functions":{"total":21,"covered":11,"skipped":0,"pct":52.38},"statements":{"total":31,"covered":9,"skipped":0,"pct":29.03},"branches":{"total":14,"covered":2,"skipped":0,"pct":14.28}}
,"/home/runner/work/alfa/alfa/packages/alfa-dom/src/node/document.ts": {"lines":{"total":35,"covered":28,"skipped":0,"pct":80},"functions":{"total":35,"covered":30,"skipped":0,"pct":85.71},"statements":{"total":43,"covered":35,"skipped":0,"pct":81.39},"branches":{"total":34,"covered":21,"skipped":0,"pct":61.76}}
,"/home/runner/work/alfa/alfa/packages/alfa-dom/src/node/fragment.ts": {"lines":{"total":16,"covered":4,"skipped":0,"pct":25},"functions":{"total":22,"covered":9,"skipped":0,"pct":40.9},"statements":{"total":20,"covered":6,"skipped":0,"pct":30},"branches":{"total":12,"covered":2,"skipped":0,"pct":16.66}}
,"/home/runner/work/alfa/alfa/packages/alfa-dom/src/node/index.ts": {"lines":{"total":29,"covered":23,"skipped":0,"pct":79.31},"functions":{"total":8,"covered":7,"skipped":0,"pct":87.5},"statements":{"total":36,"covered":30,"skipped":0,"pct":83.33},"branches":{"total":14,"covered":8,"skipped":0,"pct":57.14}}
,"/home/runner/work/alfa/alfa/packages/alfa-dom/src/node/node.ts": {"lines":{"total":68,"covered":55,"skipped":0,"pct":80.88},"functions":{"total":48,"covered":34,"skipped":0,"pct":70.83},"statements":{"total":80,"covered":62,"skipped":0,"pct":77.5},"branches":{"total":62,"covered":46,"skipped":0,"pct":74.19}}
,"/home/runner/work/alfa/alfa/packages/alfa-dom/src/node/shadow.ts": {"lines":{"total":45,"covered":31,"skipped":0,"pct":68.88},"functions":{"total":40,"covered":24,"skipped":0,"pct":60},"statements":{"total":56,"covered":36,"skipped":0,"pct":64.28},"branches":{"total":42,"covered":24,"skipped":0,"pct":57.14}}
,"/home/runner/work/alfa/alfa/packages/alfa-dom/src/node/type.ts": {"lines":{"total":25,"covered":18,"skipped":0,"pct":72},"functions":{"total":22,"covered":12,"skipped":0,"pct":54.54},"statements":{"total":28,"covered":21,"skipped":0,"pct":75},"branches":{"total":14,"covered":11,"skipped":0,"pct":78.57}}
,"/home/runner/work/alfa/alfa/packages/alfa-dom/src/node/attribute/autocomplete.ts": {"lines":{"total":28,"covered":23,"skipped":0,"pct":82.14},"functions":{"total":22,"covered":15,"skipped":0,"pct":68.18},"statements":{"total":45,"covered":34,"skipped":0,"pct":75.55},"branches":{"total":8,"covered":8,"skipped":0,"pct":100}}
,"/home/runner/work/alfa/alfa/packages/alfa-dom/src/node/attribute/predicate.ts": {"lines":{"total":0,"covered":0,"skipped":0,"pct":0},"functions":{"total":0,"covered":0,"skipped":0,"pct":0},"statements":{"total":0,"covered":0,"skipped":0,"pct":0},"branches":{"total":0,"covered":0,"skipped":0,"pct":0}}
,"/home/runner/work/alfa/alfa/packages/alfa-dom/src/node/attribute/predicate/has-name.ts": {"lines":{"total":5,"covered":0,"skipped":0,"pct":0},"functions":{"total":7,"covered":0,"skipped":0,"pct":0},"statements":{"total":10,"covered":0,"skipped":0,"pct":0},"branches":{"total":2,"covered":0,"skipped":0,"pct":0}}
,"/home/runner/work/alfa/alfa/packages/alfa-dom/src/node/element/augment.ts": {"lines":{"total":30,"covered":29,"skipped":0,"pct":96.66},"functions":{"total":22,"covered":18,"skipped":0,"pct":81.81},"statements":{"total":37,"covered":36,"skipped":0,"pct":97.29},"branches":{"total":19,"covered":13,"skipped":0,"pct":68.42}}
,"/home/runner/work/alfa/alfa/packages/alfa-dom/src/node/element/input-type.ts": {"lines":{"total":0,"covered":0,"skipped":0,"pct":0},"functions":{"total":0,"covered":0,"skipped":0,"pct":0},"statements":{"total":0,"covered":0,"skipped":0,"pct":0},"branches":{"total":0,"covered":0,"skipped":0,"pct":0}}
,"/home/runner/work/alfa/alfa/packages/alfa-dom/src/node/element/predicate/has-attribute.ts": {"lines":{"total":7,"covered":6,"skipped":0,"pct":85.71},"functions":{"total":8,"covered":6,"skipped":0,"pct":75},"statements":{"total":15,"covered":9,"skipped":0,"pct":60},"branches":{"total":4,"covered":2,"skipped":0,"pct":50}}
,"/home/runner/work/alfa/alfa/packages/alfa-dom/src/node/element/predicate/has-display-size.ts": {"lines":{"total":4,"covered":0,"skipped":0,"pct":0},"functions":{"total":6,"covered":0,"skipped":0,"pct":0},"statements":{"total":6,"covered":0,"skipped":0,"pct":0},"branches":{"total":2,"covered":0,"skipped":0,"pct":0}}
,"/home/runner/work/alfa/alfa/packages/alfa-dom/src/node/element/predicate/has-id.ts": {"lines":{"total":8,"covered":5,"skipped":0,"pct":62.5},"functions":{"total":8,"covered":4,"skipped":0,"pct":50},"statements":{"total":15,"covered":7,"skipped":0,"pct":46.66},"branches":{"total":8,"covered":2,"skipped":0,"pct":25}}
,"/home/runner/work/alfa/alfa/packages/alfa-dom/src/node/element/predicate/has-input-type.ts": {"lines":{"total":7,"covered":2,"skipped":0,"pct":28.57},"functions":{"total":4,"covered":0,"skipped":0,"pct":0},"statements":{"total":10,"covered":4,"skipped":0,"pct":40},"branches":{"total":2,"covered":0,"skipped":0,"pct":0}}
,"/home/runner/work/alfa/alfa/packages/alfa-dom/src/node/element/predicate/has-name.ts": {"lines":{"total":5,"covered":4,"skipped":0,"pct":80},"functions":{"total":4,"covered":4,"skipped":0,"pct":100},"statements":{"total":8,"covered":7,"skipped":0,"pct":87.5},"branches":{"total":2,"covered":1,"skipped":0,"pct":50}}
,"/home/runner/work/alfa/alfa/packages/alfa-dom/src/node/element/predicate/has-namespace.ts": {"lines":{"total":5,"covered":1,"skipped":0,"pct":20},"functions":{"total":4,"covered":0,"skipped":0,"pct":0},"statements":{"total":8,"covered":2,"skipped":0,"pct":25},"branches":{"total":2,"covered":0,"skipped":0,"pct":0}}
,"/home/runner/work/alfa/alfa/packages/alfa-dom/src/node/element/predicate/has-tab-index.ts": {"lines":{"total":4,"covered":4,"skipped":0,"pct":100},"functions":{"total":7,"covered":6,"skipped":0,"pct":85.71},"statements":{"total":8,"covered":6,"skipped":0,"pct":75},"branches":{"total":4,"covered":3,"skipped":0,"pct":75}}
,"/home/runner/work/alfa/alfa/packages/alfa-dom/src/node/element/predicate/has-unique-id.ts": {"lines":{"total":15,"covered":4,"skipped":0,"pct":26.66},"functions":{"total":9,"covered":3,"skipped":0,"pct":33.33},"statements":{"total":22,"covered":6,"skipped":0,"pct":27.27},"branches":{"total":8,"covered":0,"skipped":0,"pct":0}}
,"/home/runner/work/alfa/alfa/packages/alfa-dom/src/node/element/predicate/index.ts": {"lines":{"total":0,"covered":0,"skipped":0,"pct":0},"functions":{"total":0,"covered":0,"skipped":0,"pct":0},"statements":{"total":0,"covered":0,"skipped":0,"pct":0},"branches":{"total":0,"covered":0,"skipped":0,"pct":0}}
,"/home/runner/work/alfa/alfa/packages/alfa-dom/src/node/element/predicate/is-actually-disabled.ts": {"lines":{"total":13,"covered":2,"skipped":0,"pct":15.38},"functions":{"total":7,"covered":4,"skipped":0,"pct":57.14},"statements":{"total":15,"covered":3,"skipped":0,"pct":20},"branches":{"total":11,"covered":0,"skipped":0,"pct":0}}
,"/home/runner/work/alfa/alfa/packages/alfa-dom/src/node/element/predicate/is-browsing-context-container.ts": {"lines":{"total":4,"covered":3,"skipped":0,"pct":75},"functions":{"total":2,"covered":2,"skipped":0,"pct":100},"statements":{"total":4,"covered":3,"skipped":0,"pct":75},"branches":{"total":3,"covered":2,"skipped":0,"pct":66.66}}
,"/home/runner/work/alfa/alfa/packages/alfa-dom/src/node/element/predicate/is-content.ts": {"lines":{"total":4,"covered":4,"skipped":0,"pct":100},"functions":{"total":6,"covered":3,"skipped":0,"pct":50},"statements":{"total":9,"covered":6,"skipped":0,"pct":66.66},"branches":{"total":2,"covered":0,"skipped":0,"pct":0}}
,"/home/runner/work/alfa/alfa/packages/alfa-dom/src/node/element/predicate/is-document-element.ts": {"lines":{"total":3,"covered":3,"skipped":0,"pct":100},"functions":{"total":4,"covered":3,"skipped":0,"pct":75},"statements":{"total":5,"covered":4,"skipped":0,"pct":80},"branches":{"total":0,"covered":0,"skipped":0,"pct":100}}
,"/home/runner/work/alfa/alfa/packages/alfa-dom/src/node/element/predicate/is-draggable.ts": {"lines":{"total":9,"covered":0,"skipped":0,"pct":0},"functions":{"total":6,"covered":0,"skipped":0,"pct":0},"statements":{"total":10,"covered":0,"skipped":0,"pct":0},"branches":{"total":6,"covered":0,"skipped":0,"pct":0}}
,"/home/runner/work/alfa/alfa/packages/alfa-dom/src/node/element/predicate/is-editing-host.ts": {"lines":{"total":5,"covered":4,"skipped":0,"pct":80},"functions":{"total":5,"covered":5,"skipped":0,"pct":100},"statements":{"total":5,"covered":4,"skipped":0,"pct":80},"branches":{"total":3,"covered":1,"skipped":0,"pct":33.33}}
,"/home/runner/work/alfa/alfa/packages/alfa-dom/src/node/element/predicate/is-fallback.ts": {"lines":{"total":5,"covered":5,"skipped":0,"pct":100},"functions":{"total":6,"covered":5,"skipped":0,"pct":83.33},"statements":{"total":8,"covered":7,"skipped":0,"pct":87.5},"branches":{"total":0,"covered":0,"skipped":0,"pct":100}}
,"/home/runner/work/alfa/alfa/packages/alfa-dom/src/node/element/predicate/is-replaced.ts": {"lines":{"total":2,"covered":1,"skipped":0,"pct":50},"functions":{"total":2,"covered":0,"skipped":0,"pct":0},"statements":{"total":3,"covered":2,"skipped":0,"pct":66.66},"branches":{"total":0,"covered":0,"skipped":0,"pct":100}}
,"/home/runner/work/alfa/alfa/packages/alfa-dom/src/node/element/predicate/is-scoped-to.ts": {"lines":{"total":3,"covered":3,"skipped":0,"pct":100},"functions":{"total":6,"covered":4,"skipped":0,"pct":66.66},"statements":{"total":5,"covered":3,"skipped":0,"pct":60},"branches":{"total":0,"covered":0,"skipped":0,"pct":100}}
,"/home/runner/work/alfa/alfa/packages/alfa-dom/src/node/element/predicate/is-suggested-focusable.ts": {"lines":{"total":10,"covered":10,"skipped":0,"pct":100},"functions":{"total":3,"covered":3,"skipped":0,"pct":100},"statements":{"total":10,"covered":10,"skipped":0,"pct":100},"branches":{"total":15,"covered":13,"skipped":0,"pct":86.66}}
,"/home/runner/work/alfa/alfa/packages/alfa-dom/src/node/predicate/has-box.ts": {"lines":{"total":2,"covered":0,"skipped":0,"pct":0},"functions":{"total":6,"covered":0,"skipped":0,"pct":0},"statements":{"total":5,"covered":0,"skipped":0,"pct":0},"branches":{"total":2,"covered":0,"skipped":0,"pct":0}}
,"/home/runner/work/alfa/alfa/packages/alfa-dom/src/node/predicate/has-child.ts": {"lines":{"total":1,"covered":0,"skipped":0,"pct":0},"functions":{"total":4,"covered":0,"skipped":0,"pct":0},"statements":{"total":3,"covered":0,"skipped":0,"pct":0},"branches":{"total":2,"covered":0,"skipped":0,"pct":0}}
,"/home/runner/work/alfa/alfa/packages/alfa-dom/src/node/predicate/has-descendant.ts": {"lines":{"total":1,"covered":0,"skipped":0,"pct":0},"functions":{"total":4,"covered":0,"skipped":0,"pct":0},"statements":{"total":3,"covered":0,"skipped":0,"pct":0},"branches":{"total":2,"covered":0,"skipped":0,"pct":0}}
,"/home/runner/work/alfa/alfa/packages/alfa-dom/src/node/predicate/has-inclusive-descendant.ts": {"lines":{"total":1,"covered":0,"skipped":0,"pct":0},"functions":{"total":4,"covered":0,"skipped":0,"pct":0},"statements":{"total":3,"covered":0,"skipped":0,"pct":0},"branches":{"total":2,"covered":0,"skipped":0,"pct":0}}
,"/home/runner/work/alfa/alfa/packages/alfa-dom/src/node/predicate/has-text-content.ts": {"lines":{"total":3,"covered":2,"skipped":0,"pct":66.66},"functions":{"total":4,"covered":0,"skipped":0,"pct":0},"statements":{"total":7,"covered":4,"skipped":0,"pct":57.14},"branches":{"total":4,"covered":0,"skipped":0,"pct":0}}
,"/home/runner/work/alfa/alfa/packages/alfa-dom/src/node/predicate/index.ts": {"lines":{"total":0,"covered":0,"skipped":0,"pct":0},"functions":{"total":0,"covered":0,"skipped":0,"pct":0},"statements":{"total":0,"covered":0,"skipped":0,"pct":0},"branches":{"total":0,"covered":0,"skipped":0,"pct":0}}
,"/home/runner/work/alfa/alfa/packages/alfa-dom/src/node/predicate/is-root.ts": {"lines":{"total":1,"covered":0,"skipped":0,"pct":0},"functions":{"total":4,"covered":0,"skipped":0,"pct":0},"statements":{"total":3,"covered":0,"skipped":0,"pct":0},"branches":{"total":0,"covered":0,"skipped":0,"pct":100}}
,"/home/runner/work/alfa/alfa/packages/alfa-dom/src/node/query/descendants.ts": {"lines":{"total":27,"covered":26,"skipped":0,"pct":96.29},"functions":{"total":18,"covered":13,"skipped":0,"pct":72.22},"statements":{"total":37,"covered":34,"skipped":0,"pct":91.89},"branches":{"total":18,"covered":12,"skipped":0,"pct":66.66}}
,"/home/runner/work/alfa/alfa/packages/alfa-dom/src/node/query/element-id-map.ts": {"lines":{"total":6,"covered":5,"skipped":0,"pct":83.33},"functions":{"total":7,"covered":7,"skipped":0,"pct":100},"statements":{"total":9,"covered":8,"skipped":0,"pct":88.88},"branches":{"total":2,"covered":1,"skipped":0,"pct":50}}
,"/home/runner/work/alfa/alfa/packages/alfa-dom/src/node/query/index.ts": {"lines":{"total":6,"covered":6,"skipped":0,"pct":100},"functions":{"total":2,"covered":2,"skipped":0,"pct":100},"statements":{"total":7,"covered":7,"skipped":0,"pct":100},"branches":{"total":4,"covered":4,"skipped":0,"pct":100}}
,"/home/runner/work/alfa/alfa/packages/alfa-dom/src/node/slotable/element.ts": {"lines":{"total":137,"covered":109,"skipped":0,"pct":79.56},"functions":{"total":96,"covered":79,"skipped":0,"pct":82.29},"statements":{"total":169,"covered":131,"skipped":0,"pct":77.51},"branches":{"total":130,"covered":81,"skipped":0,"pct":62.3}}
,"/home/runner/work/alfa/alfa/packages/alfa-dom/src/node/slotable/index.ts": {"lines":{"total":3,"covered":2,"skipped":0,"pct":66.66},"functions":{"total":4,"covered":3,"skipped":0,"pct":75},"statements":{"total":5,"covered":4,"skipped":0,"pct":80},"branches":{"total":8,"covered":4,"skipped":0,"pct":50}}
,"/home/runner/work/alfa/alfa/packages/alfa-dom/src/node/slotable/slot.ts": {"lines":{"total":10,"covered":10,"skipped":0,"pct":100},"functions":{"total":5,"covered":3,"skipped":0,"pct":60},"statements":{"total":11,"covered":11,"skipped":0,"pct":100},"branches":{"total":8,"covered":5,"skipped":0,"pct":62.5}}
,"/home/runner/work/alfa/alfa/packages/alfa-dom/src/node/slotable/slotable.ts": {"lines":{"total":4,"covered":4,"skipped":0,"pct":100},"functions":{"total":4,"covered":4,"skipped":0,"pct":100},"statements":{"total":5,"covered":5,"skipped":0,"pct":100},"branches":{"total":4,"covered":2,"skipped":0,"pct":50}}
,"/home/runner/work/alfa/alfa/packages/alfa-dom/src/node/slotable/text.ts": {"lines":{"total":42,"covered":22,"skipped":0,"pct":52.38},"functions":{"total":39,"covered":22,"skipped":0,"pct":56.41},"statements":{"total":54,"covered":28,"skipped":0,"pct":51.85},"branches":{"total":30,"covered":21,"skipped":0,"pct":70}}
,"/home/runner/work/alfa/alfa/packages/alfa-dom/src/node/traversal/get-nodes-between.ts": {"lines":{"total":15,"covered":14,"skipped":0,"pct":93.33},"functions":{"total":11,"covered":11,"skipped":0,"pct":100},"statements":{"total":22,"covered":19,"skipped":0,"pct":86.36},"branches":{"total":14,"covered":11,"skipped":0,"pct":78.57}}
,"/home/runner/work/alfa/alfa/packages/alfa-dom/src/node/traversal/index.ts": {"lines":{"total":0,"covered":0,"skipped":0,"pct":0},"functions":{"total":0,"covered":0,"skipped":0,"pct":0},"statements":{"total":0,"covered":0,"skipped":0,"pct":0},"branches":{"total":0,"covered":0,"skipped":0,"pct":0}}
,"/home/runner/work/alfa/alfa/packages/alfa-dom/src/node/traversal/lowest-common-ancestor.ts": {"lines":{"total":3,"covered":3,"skipped":0,"pct":100},"functions":{"total":6,"covered":6,"skipped":0,"pct":100},"statements":{"total":5,"covered":5,"skipped":0,"pct":100},"branches":{"total":2,"covered":1,"skipped":0,"pct":50}}
,"/home/runner/work/alfa/alfa/packages/alfa-dom/src/style/block.ts": {"lines":{"total":19,"covered":12,"skipped":0,"pct":63.15},"functions":{"total":30,"covered":19,"skipped":0,"pct":63.33},"statements":{"total":24,"covered":15,"skipped":0,"pct":62.5},"branches":{"total":14,"covered":3,"skipped":0,"pct":21.42}}
,"/home/runner/work/alfa/alfa/packages/alfa-dom/src/style/declaration.ts": {"lines":{"total":29,"covered":18,"skipped":0,"pct":62.06},"functions":{"total":30,"covered":16,"skipped":0,"pct":53.33},"statements":{"total":33,"covered":19,"skipped":0,"pct":57.57},"branches":{"total":30,"covered":13,"skipped":0,"pct":43.33}}
,"/home/runner/work/alfa/alfa/packages/alfa-dom/src/style/index.ts": {"lines":{"total":0,"covered":0,"skipped":0,"pct":0},"functions":{"total":0,"covered":0,"skipped":0,"pct":0},"statements":{"total":0,"covered":0,"skipped":0,"pct":0},"branches":{"total":0,"covered":0,"skipped":0,"pct":0}}
,"/home/runner/work/alfa/alfa/packages/alfa-dom/src/style/sheet.ts": {"lines":{"total":22,"covered":12,"skipped":0,"pct":54.54},"functions":{"total":30,"covered":17,"skipped":0,"pct":56.66},"statements":{"total":25,"covered":14,"skipped":0,"pct":56},"branches":{"total":18,"covered":4,"skipped":0,"pct":22.22}}
,"/home/runner/work/alfa/alfa/packages/alfa-dom/src/style/rule/condition.ts": {"lines":{"total":8,"covered":6,"skipped":0,"pct":75},"functions":{"total":10,"covered":7,"skipped":0,"pct":70},"statements":{"total":9,"covered":7,"skipped":0,"pct":77.77},"branches":{"total":4,"covered":2,"skipped":0,"pct":50}}
,"/home/runner/work/alfa/alfa/packages/alfa-dom/src/style/rule/font-face.ts": {"lines":{"total":14,"covered":4,"skipped":0,"pct":28.57},"functions":{"total":17,"covered":7,"skipped":0,"pct":41.17},"statements":{"total":17,"covered":6,"skipped":0,"pct":35.29},"branches":{"total":8,"covered":2,"skipped":0,"pct":25}}
,"/home/runner/work/alfa/alfa/packages/alfa-dom/src/style/rule/grouping.ts": {"lines":{"total":9,"covered":7,"skipped":0,"pct":77.77},"functions":{"total":13,"covered":10,"skipped":0,"pct":76.92},"statements":{"total":11,"covered":9,"skipped":0,"pct":81.81},"branches":{"total":4,"covered":2,"skipped":0,"pct":50}}
,"/home/runner/work/alfa/alfa/packages/alfa-dom/src/style/rule/import.ts": {"lines":{"total":37,"covered":18,"skipped":0,"pct":48.64},"functions":{"total":51,"covered":19,"skipped":0,"pct":37.25},"statements":{"total":50,"covered":22,"skipped":0,"pct":44},"branches":{"total":14,"covered":5,"skipped":0,"pct":35.71}}
,"/home/runner/work/alfa/alfa/packages/alfa-dom/src/style/rule/index.ts": {"lines":{"total":42,"covered":31,"skipped":0,"pct":73.8},"functions":{"total":10,"covered":10,"skipped":0,"pct":100},"statements":{"total":57,"covered":46,"skipped":0,"pct":80.7},"branches":{"total":20,"covered":9,"skipped":0,"pct":45}}
,"/home/runner/work/alfa/alfa/packages/alfa-dom/src/style/rule/keyframe.ts": {"lines":{"total":16,"covered":4,"skipped":0,"pct":25},"functions":{"total":19,"covered":7,"skipped":0,"pct":36.84},"statements":{"total":19,"covered":6,"skipped":0,"pct":31.57},"branches":{"total":8,"covered":2,"skipped":0,"pct":25}}
,"/home/runner/work/alfa/alfa/packages/alfa-dom/src/style/rule/keyframes.ts": {"lines":{"total":15,"covered":4,"skipped":0,"pct":26.66},"functions":{"total":19,"covered":7,"skipped":0,"pct":36.84},"statements":{"total":19,"covered":6,"skipped":0,"pct":31.57},"branches":{"total":8,"covered":2,"skipped":0,"pct":25}}
,"/home/runner/work/alfa/alfa/packages/alfa-dom/src/style/rule/layer.ts": {"lines":{"total":29,"covered":10,"skipped":0,"pct":34.48},"functions":{"total":39,"covered":26,"skipped":0,"pct":66.66},"statements":{"total":41,"covered":19,"skipped":0,"pct":46.34},"branches":{"total":26,"covered":8,"skipped":0,"pct":30.76}}
,"/home/runner/work/alfa/alfa/packages/alfa-dom/src/style/rule/media.ts": {"lines":{"total":18,"covered":9,"skipped":0,"pct":50},"functions":{"total":24,"covered":12,"skipped":0,"pct":50},"statements":{"total":25,"covered":12,"skipped":0,"pct":48},"branches":{"total":8,"covered":2,"skipped":0,"pct":25}}
,"/home/runner/work/alfa/alfa/packages/alfa-dom/src/style/rule/namespace.ts": {"lines":{"total":15,"covered":4,"skipped":0,"pct":26.66},"functions":{"total":19,"covered":7,"skipped":0,"pct":36.84},"statements":{"total":19,"covered":6,"skipped":0,"pct":31.57},"branches":{"total":4,"covered":2,"skipped":0,"pct":50}}
,"/home/runner/work/alfa/alfa/packages/alfa-dom/src/style/rule/page.ts": {"lines":{"total":16,"covered":4,"skipped":0,"pct":25},"functions":{"total":19,"covered":7,"skipped":0,"pct":36.84},"statements":{"total":19,"covered":6,"skipped":0,"pct":31.57},"branches":{"total":8,"covered":2,"skipped":0,"pct":25}}
,"/home/runner/work/alfa/alfa/packages/alfa-dom/src/style/rule/rule.ts": {"lines":{"total":22,"covered":11,"skipped":0,"pct":50},"functions":{"total":23,"covered":13,"skipped":0,"pct":56.52},"statements":{"total":25,"covered":12,"skipped":0,"pct":48},"branches":{"total":4,"covered":2,"skipped":0,"pct":50}}
,"/home/runner/work/alfa/alfa/packages/alfa-dom/src/style/rule/style.ts": {"lines":{"total":20,"covered":13,"skipped":0,"pct":65},"functions":{"total":23,"covered":15,"skipped":0,"pct":65.21},"statements":{"total":24,"covered":16,"skipped":0,"pct":66.66},"branches":{"total":10,"covered":3,"skipped":0,"pct":30}}
,"/home/runner/work/alfa/alfa/packages/alfa-dom/src/style/rule/supports.ts": {"lines":{"total":18,"covered":8,"skipped":0,"pct":44.44},"functions":{"total":25,"covered":11,"skipped":0,"pct":44},"statements":{"total":26,"covered":11,"skipped":0,"pct":42.3},"branches":{"total":8,"covered":2,"skipped":0,"pct":25}}
,"/home/runner/work/alfa/alfa/packages/alfa-dom/test/tsconfig.json": {"lines":{"total":0,"covered":0,"skipped":0,"pct":0},"functions":{"total":0,"covered":0,"skipped":0,"pct":0},"statements":{"total":0,"covered":0,"skipped":0,"pct":0},"branches":{"total":0,"covered":0,"skipped":0,"pct":0}}
}
