{"total": {"lines":{"total":251,"covered":171,"skipped":0,"pct":68.12},"statements":{"total":257,"covered":173,"skipped":0,"pct":67.31},"functions":{"total":123,"covered":57,"skipped":0,"pct":46.34},"branches":{"total":92,"covered":67,"skipped":0,"pct":72.82},"branchesTrue":{"total":0,"covered":0,"skipped":0,"pct":100}}
,"/home/runner/work/alfa/alfa/packages/alfa-list/package.json": {"lines":{"total":0,"covered":0,"skipped":0,"pct":0},"functions":{"total":0,"covered":0,"skipped":0,"pct":0},"statements":{"total":0,"covered":0,"skipped":0,"pct":0},"branches":{"total":0,"covered":0,"skipped":0,"pct":0}}
,"/home/runner/work/alfa/alfa/packages/alfa-list/tsconfig.json": {"lines":{"total":0,"covered":0,"skipped":0,"pct":0},"functions":{"total":0,"covered":0,"skipped":0,"pct":0},"statements":{"total":0,"covered":0,"skipped":0,"pct":0},"branches":{"total":0,"covered":0,"skipped":0,"pct":0}}
,"/home/runner/work/alfa/alfa/packages/alfa-list/src/index.ts": {"lines":{"total":0,"covered":0,"skipped":0,"pct":0},"functions":{"total":0,"covered":0,"skipped":0,"pct":0},"statements":{"total":0,"covered":0,"skipped":0,"pct":0},"branches":{"total":0,"covered":0,"skipped":0,"pct":0}}
,"/home/runner/work/alfa/alfa/packages/alfa-list/src/list.ts": {"lines":{"total":194,"covered":124,"skipped":0,"pct":63.91},"functions":{"total":86,"covered":28,"skipped":0,"pct":32.55},"statements":{"total":200,"covered":126,"skipped":0,"pct":63},"branches":{"total":80,"covered":59,"skipped":0,"pct":73.75}}
,"/home/runner/work/alfa/alfa/packages/alfa-list/src/node.ts": {"lines":{"total":57,"covered":47,"skipped":0,"pct":82.45},"functions":{"total":37,"covered":29,"skipped":0,"pct":78.37},"statements":{"total":57,"covered":47,"skipped":0,"pct":82.45},"branches":{"total":12,"covered":8,"skipped":0,"pct":66.66}}
,"/home/runner/work/alfa/alfa/packages/alfa-list/src/tsconfig.json": {"lines":{"total":0,"covered":0,"skipped":0,"pct":0},"functions":{"total":0,"covered":0,"skipped":0,"pct":0},"statements":{"total":0,"covered":0,"skipped":0,"pct":0},"branches":{"total":0,"covered":0,"skipped":0,"pct":0}}
,"/home/runner/work/alfa/alfa/packages/alfa-list/test/tsconfig.json": {"lines":{"total":0,"covered":0,"skipped":0,"pct":0},"functions":{"total":0,"covered":0,"skipped":0,"pct":0},"statements":{"total":0,"covered":0,"skipped":0,"pct":0},"branches":{"total":0,"covered":0,"skipped":0,"pct":0}}
}
