{"total": {"lines":{"total":107,"covered":34,"skipped":0,"pct":31.77},"statements":{"total":108,"covered":34,"skipped":0,"pct":31.48},"functions":{"total":95,"covered":22,"skipped":0,"pct":23.15},"branches":{"total":16,"covered":6,"skipped":0,"pct":37.5},"branchesTrue":{"total":0,"covered":0,"skipped":0,"pct":100}}
,"/home/runner/work/alfa/alfa/packages/alfa-result/package.json": {"lines":{"total":0,"covered":0,"skipped":0,"pct":0},"functions":{"total":0,"covered":0,"skipped":0,"pct":0},"statements":{"total":0,"covered":0,"skipped":0,"pct":0},"branches":{"total":0,"covered":0,"skipped":0,"pct":0}}
,"/home/runner/work/alfa/alfa/packages/alfa-result/tsconfig.json": {"lines":{"total":0,"covered":0,"skipped":0,"pct":0},"functions":{"total":0,"covered":0,"skipped":0,"pct":0},"statements":{"total":0,"covered":0,"skipped":0,"pct":0},"branches":{"total":0,"covered":0,"skipped":0,"pct":0}}
,"/home/runner/work/alfa/alfa/packages/alfa-result/src/err.ts": {"lines":{"total":44,"covered":10,"skipped":0,"pct":22.72},"functions":{"total":43,"covered":9,"skipped":0,"pct":20.93},"statements":{"total":44,"covered":10,"skipped":0,"pct":22.72},"branches":{"total":5,"covered":1,"skipped":0,"pct":20}}
,"/home/runner/work/alfa/alfa/packages/alfa-result/src/index.ts": {"lines":{"total":0,"covered":0,"skipped":0,"pct":0},"functions":{"total":0,"covered":0,"skipped":0,"pct":0},"statements":{"total":0,"covered":0,"skipped":0,"pct":0},"branches":{"total":0,"covered":0,"skipped":0,"pct":0}}
,"/home/runner/work/alfa/alfa/packages/alfa-result/src/ok.ts": {"lines":{"total":45,"covered":10,"skipped":0,"pct":22.22},"functions":{"total":44,"covered":9,"skipped":0,"pct":20.45},"statements":{"total":46,"covered":10,"skipped":0,"pct":21.73},"branches":{"total":5,"covered":1,"skipped":0,"pct":20}}
,"/home/runner/work/alfa/alfa/packages/alfa-result/src/result.ts": {"lines":{"total":18,"covered":14,"skipped":0,"pct":77.77},"functions":{"total":8,"covered":4,"skipped":0,"pct":50},"statements":{"total":18,"covered":14,"skipped":0,"pct":77.77},"branches":{"total":6,"covered":4,"skipped":0,"pct":66.66}}
,"/home/runner/work/alfa/alfa/packages/alfa-result/src/tsconfig.json": {"lines":{"total":0,"covered":0,"skipped":0,"pct":0},"functions":{"total":0,"covered":0,"skipped":0,"pct":0},"statements":{"total":0,"covered":0,"skipped":0,"pct":0},"branches":{"total":0,"covered":0,"skipped":0,"pct":0}}
,"/home/runner/work/alfa/alfa/packages/alfa-result/test/tsconfig.json": {"lines":{"total":0,"covered":0,"skipped":0,"pct":0},"functions":{"total":0,"covered":0,"skipped":0,"pct":0},"statements":{"total":0,"covered":0,"skipped":0,"pct":0},"branches":{"total":0,"covered":0,"skipped":0,"pct":0}}
}
