{"total": {"lines":{"total":315,"covered":165,"skipped":0,"pct":52.38},"statements":{"total":315,"covered":165,"skipped":0,"pct":52.38},"functions":{"total":88,"covered":17,"skipped":0,"pct":19.31},"branches":{"total":29,"covered":26,"skipped":0,"pct":89.65},"branchesTrue":{"total":0,"covered":0,"skipped":0,"pct":"Unknown"}}
,"/home/runner/work/alfa/alfa/packages/alfa-result/src/err.ts": {"lines":{"total":139,"covered":72,"skipped":0,"pct":51.79},"functions":{"total":41,"covered":8,"skipped":0,"pct":19.51},"statements":{"total":139,"covered":72,"skipped":0,"pct":51.79},"branches":{"total":10,"covered":9,"skipped":0,"pct":90}}
,"/home/runner/work/alfa/alfa/packages/alfa-result/src/index.ts": {"lines":{"total":3,"covered":0,"skipped":0,"pct":0},"functions":{"total":1,"covered":0,"skipped":0,"pct":0},"statements":{"total":3,"covered":0,"skipped":0,"pct":0},"branches":{"total":1,"covered":0,"skipped":0,"pct":0}}
,"/home/runner/work/alfa/alfa/packages/alfa-result/src/ok.ts": {"lines":{"total":141,"covered":69,"skipped":0,"pct":48.93},"functions":{"total":41,"covered":8,"skipped":0,"pct":19.51},"statements":{"total":141,"covered":69,"skipped":0,"pct":48.93},"branches":{"total":10,"covered":9,"skipped":0,"pct":90}}
,"/home/runner/work/alfa/alfa/packages/alfa-result/src/result.ts": {"lines":{"total":32,"covered":24,"skipped":0,"pct":75},"functions":{"total":5,"covered":1,"skipped":0,"pct":20},"statements":{"total":32,"covered":24,"skipped":0,"pct":75},"branches":{"total":8,"covered":8,"skipped":0,"pct":100}}
}
