{"total": {"lines":{"total":40,"covered":34,"skipped":0,"pct":85},"statements":{"total":56,"covered":41,"skipped":0,"pct":73.21},"functions":{"total":36,"covered":30,"skipped":0,"pct":83.33},"branches":{"total":12,"covered":10,"skipped":0,"pct":83.33},"branchesTrue":{"total":0,"covered":0,"skipped":0,"pct":100}}
,"/home/runner/work/alfa/alfa/packages/alfa-promise/package.json": {"lines":{"total":0,"covered":0,"skipped":0,"pct":0},"functions":{"total":0,"covered":0,"skipped":0,"pct":0},"statements":{"total":0,"covered":0,"skipped":0,"pct":0},"branches":{"total":0,"covered":0,"skipped":0,"pct":0}}
,"/home/runner/work/alfa/alfa/packages/alfa-promise/tsconfig.json": {"lines":{"total":0,"covered":0,"skipped":0,"pct":0},"functions":{"total":0,"covered":0,"skipped":0,"pct":0},"statements":{"total":0,"covered":0,"skipped":0,"pct":0},"branches":{"total":0,"covered":0,"skipped":0,"pct":0}}
,"/home/runner/work/alfa/alfa/packages/alfa-promise/src/builtin.ts": {"lines":{"total":1,"covered":1,"skipped":0,"pct":100},"functions":{"total":0,"covered":0,"skipped":0,"pct":100},"statements":{"total":2,"covered":2,"skipped":0,"pct":100},"branches":{"total":0,"covered":0,"skipped":0,"pct":100}}
,"/home/runner/work/alfa/alfa/packages/alfa-promise/src/index.ts": {"lines":{"total":0,"covered":0,"skipped":0,"pct":0},"functions":{"total":0,"covered":0,"skipped":0,"pct":0},"statements":{"total":0,"covered":0,"skipped":0,"pct":0},"branches":{"total":0,"covered":0,"skipped":0,"pct":0}}
,"/home/runner/work/alfa/alfa/packages/alfa-promise/src/promise.ts": {"lines":{"total":39,"covered":33,"skipped":0,"pct":84.61},"functions":{"total":36,"covered":30,"skipped":0,"pct":83.33},"statements":{"total":54,"covered":39,"skipped":0,"pct":72.22},"branches":{"total":12,"covered":10,"skipped":0,"pct":83.33}}
,"/home/runner/work/alfa/alfa/packages/alfa-promise/src/tsconfig.json": {"lines":{"total":0,"covered":0,"skipped":0,"pct":0},"functions":{"total":0,"covered":0,"skipped":0,"pct":0},"statements":{"total":0,"covered":0,"skipped":0,"pct":0},"branches":{"total":0,"covered":0,"skipped":0,"pct":0}}
,"/home/runner/work/alfa/alfa/packages/alfa-promise/test/tsconfig.json": {"lines":{"total":0,"covered":0,"skipped":0,"pct":0},"functions":{"total":0,"covered":0,"skipped":0,"pct":0},"statements":{"total":0,"covered":0,"skipped":0,"pct":0},"branches":{"total":0,"covered":0,"skipped":0,"pct":0}}
}
