{"total": {"lines":{"total":294,"covered":273,"skipped":0,"pct":92.85},"statements":{"total":294,"covered":273,"skipped":0,"pct":92.85},"functions":{"total":18,"covered":11,"skipped":0,"pct":61.11},"branches":{"total":56,"covered":53,"skipped":0,"pct":94.64},"branchesTrue":{"total":0,"covered":0,"skipped":0,"pct":100}}
,"/home/runner/work/alfa/alfa/packages/alfa-painting-order/src/index.ts": {"lines":{"total":1,"covered":0,"skipped":0,"pct":0},"functions":{"total":1,"covered":0,"skipped":0,"pct":0},"statements":{"total":1,"covered":0,"skipped":0,"pct":0},"branches":{"total":1,"covered":0,"skipped":0,"pct":0}}
,"/home/runner/work/alfa/alfa/packages/alfa-painting-order/src/painting-order.ts": {"lines":{"total":213,"covered":193,"skipped":0,"pct":90.61},"functions":{"total":16,"covered":10,"skipped":0,"pct":62.5},"statements":{"total":213,"covered":193,"skipped":0,"pct":90.61},"branches":{"total":46,"covered":44,"skipped":0,"pct":95.65}}
,"/home/runner/work/alfa/alfa/packages/alfa-painting-order/src/predicate/creates-stacking-context.ts": {"lines":{"total":80,"covered":80,"skipped":0,"pct":100},"functions":{"total":1,"covered":1,"skipped":0,"pct":100},"statements":{"total":80,"covered":80,"skipped":0,"pct":100},"branches":{"total":9,"covered":9,"skipped":0,"pct":100}}
}
