{"total": {"lines":{"total":427,"covered":350,"skipped":0,"pct":81.96},"statements":{"total":593,"covered":475,"skipped":0,"pct":80.1},"functions":{"total":263,"covered":166,"skipped":0,"pct":63.11},"branches":{"total":278,"covered":183,"skipped":0,"pct":65.82},"branchesTrue":{"total":0,"covered":0,"skipped":0,"pct":100}}
,"/home/runner/work/alfa/alfa/packages/alfa-table/package.json": {"lines":{"total":0,"covered":0,"skipped":0,"pct":0},"functions":{"total":0,"covered":0,"skipped":0,"pct":0},"statements":{"total":0,"covered":0,"skipped":0,"pct":0},"branches":{"total":0,"covered":0,"skipped":0,"pct":0}}
,"/home/runner/work/alfa/alfa/packages/alfa-table/tsconfig.json": {"lines":{"total":0,"covered":0,"skipped":0,"pct":0},"functions":{"total":0,"covered":0,"skipped":0,"pct":0},"statements":{"total":0,"covered":0,"skipped":0,"pct":0},"branches":{"total":0,"covered":0,"skipped":0,"pct":0}}
,"/home/runner/work/alfa/alfa/packages/alfa-table/src/anchored.ts": {"lines":{"total":5,"covered":4,"skipped":0,"pct":80},"functions":{"total":6,"covered":3,"skipped":0,"pct":50},"statements":{"total":8,"covered":4,"skipped":0,"pct":50},"branches":{"total":4,"covered":4,"skipped":0,"pct":100}}
,"/home/runner/work/alfa/alfa/packages/alfa-table/src/cell.ts": {"lines":{"total":48,"covered":43,"skipped":0,"pct":89.58},"functions":{"total":61,"covered":44,"skipped":0,"pct":72.13},"statements":{"total":63,"covered":49,"skipped":0,"pct":77.77},"branches":{"total":40,"covered":24,"skipped":0,"pct":60}}
,"/home/runner/work/alfa/alfa/packages/alfa-table/src/column.ts": {"lines":{"total":27,"covered":14,"skipped":0,"pct":51.85},"functions":{"total":40,"covered":20,"skipped":0,"pct":50},"statements":{"total":33,"covered":15,"skipped":0,"pct":45.45},"branches":{"total":20,"covered":4,"skipped":0,"pct":20}}
,"/home/runner/work/alfa/alfa/packages/alfa-table/src/group.ts": {"lines":{"total":5,"covered":0,"skipped":0,"pct":0},"functions":{"total":2,"covered":0,"skipped":0,"pct":0},"statements":{"total":9,"covered":0,"skipped":0,"pct":0},"branches":{"total":4,"covered":0,"skipped":0,"pct":0}}
,"/home/runner/work/alfa/alfa/packages/alfa-table/src/index.ts": {"lines":{"total":0,"covered":0,"skipped":0,"pct":0},"functions":{"total":0,"covered":0,"skipped":0,"pct":0},"statements":{"total":0,"covered":0,"skipped":0,"pct":0},"branches":{"total":0,"covered":0,"skipped":0,"pct":0}}
,"/home/runner/work/alfa/alfa/packages/alfa-table/src/row.ts": {"lines":{"total":27,"covered":16,"skipped":0,"pct":59.25},"functions":{"total":40,"covered":22,"skipped":0,"pct":55},"statements":{"total":33,"covered":17,"skipped":0,"pct":51.51},"branches":{"total":20,"covered":4,"skipped":0,"pct":20}}
,"/home/runner/work/alfa/alfa/packages/alfa-table/src/scope.ts": {"lines":{"total":9,"covered":9,"skipped":0,"pct":100},"functions":{"total":8,"covered":6,"skipped":0,"pct":75},"statements":{"total":12,"covered":10,"skipped":0,"pct":83.33},"branches":{"total":8,"covered":8,"skipped":0,"pct":100}}
,"/home/runner/work/alfa/alfa/packages/alfa-table/src/slot.ts": {"lines":{"total":20,"covered":17,"skipped":0,"pct":85},"functions":{"total":18,"covered":7,"skipped":0,"pct":38.88},"statements":{"total":22,"covered":17,"skipped":0,"pct":77.27},"branches":{"total":18,"covered":9,"skipped":0,"pct":50}}
,"/home/runner/work/alfa/alfa/packages/alfa-table/src/table.ts": {"lines":{"total":281,"covered":246,"skipped":0,"pct":87.54},"functions":{"total":84,"covered":64,"skipped":0,"pct":76.19},"statements":{"total":405,"covered":361,"skipped":0,"pct":89.13},"branches":{"total":162,"covered":130,"skipped":0,"pct":80.24}}
,"/home/runner/work/alfa/alfa/packages/alfa-table/src/tsconfig.json": {"lines":{"total":0,"covered":0,"skipped":0,"pct":0},"functions":{"total":0,"covered":0,"skipped":0,"pct":0},"statements":{"total":0,"covered":0,"skipped":0,"pct":0},"branches":{"total":0,"covered":0,"skipped":0,"pct":0}}
,"/home/runner/work/alfa/alfa/packages/alfa-table/src/cell/predicate.ts": {"lines":{"total":0,"covered":0,"skipped":0,"pct":0},"functions":{"total":0,"covered":0,"skipped":0,"pct":0},"statements":{"total":0,"covered":0,"skipped":0,"pct":0},"branches":{"total":0,"covered":0,"skipped":0,"pct":0}}
,"/home/runner/work/alfa/alfa/packages/alfa-table/src/cell/predicate/has-element.ts": {"lines":{"total":5,"covered":1,"skipped":0,"pct":20},"functions":{"total":4,"covered":0,"skipped":0,"pct":0},"statements":{"total":8,"covered":2,"skipped":0,"pct":25},"branches":{"total":2,"covered":0,"skipped":0,"pct":0}}
,"/home/runner/work/alfa/alfa/packages/alfa-table/test/tsconfig.json": {"lines":{"total":0,"covered":0,"skipped":0,"pct":0},"functions":{"total":0,"covered":0,"skipped":0,"pct":0},"statements":{"total":0,"covered":0,"skipped":0,"pct":0},"branches":{"total":0,"covered":0,"skipped":0,"pct":0}}
}
