{"total": {"lines":{"total":1359,"covered":1141,"skipped":0,"pct":83.95},"statements":{"total":1359,"covered":1141,"skipped":0,"pct":83.95},"functions":{"total":170,"covered":104,"skipped":0,"pct":61.17},"branches":{"total":256,"covered":228,"skipped":0,"pct":89.06},"branchesTrue":{"total":0,"covered":0,"skipped":0,"pct":100}}
,"/home/runner/work/alfa/alfa/packages/alfa-css-feature/src/feature.ts": {"lines":{"total":0,"covered":0,"skipped":0,"pct":0},"functions":{"total":1,"covered":1,"skipped":0,"pct":0},"statements":{"total":0,"covered":0,"skipped":0,"pct":0},"branches":{"total":1,"covered":1,"skipped":0,"pct":0}}
,"/home/runner/work/alfa/alfa/packages/alfa-css-feature/src/index.ts": {"lines":{"total":20,"covered":20,"skipped":0,"pct":100},"functions":{"total":0,"covered":0,"skipped":0,"pct":100},"statements":{"total":20,"covered":20,"skipped":0,"pct":100},"branches":{"total":1,"covered":1,"skipped":0,"pct":100}}
,"/home/runner/work/alfa/alfa/packages/alfa-css-feature/src/condition/and.ts": {"lines":{"total":63,"covered":43,"skipped":0,"pct":68.25},"functions":{"total":12,"covered":6,"skipped":0,"pct":50},"statements":{"total":63,"covered":43,"skipped":0,"pct":68.25},"branches":{"total":9,"covered":8,"skipped":0,"pct":88.88}}
,"/home/runner/work/alfa/alfa/packages/alfa-css-feature/src/condition/condition.ts": {"lines":{"total":71,"covered":68,"skipped":0,"pct":95.77},"functions":{"total":4,"covered":3,"skipped":0,"pct":75},"statements":{"total":71,"covered":68,"skipped":0,"pct":95.77},"branches":{"total":11,"covered":11,"skipped":0,"pct":100}}
,"/home/runner/work/alfa/alfa/packages/alfa-css-feature/src/condition/index.ts": {"lines":{"total":4,"covered":4,"skipped":0,"pct":100},"functions":{"total":0,"covered":0,"skipped":0,"pct":100},"statements":{"total":4,"covered":4,"skipped":0,"pct":100},"branches":{"total":0,"covered":0,"skipped":0,"pct":100}}
,"/home/runner/work/alfa/alfa/packages/alfa-css-feature/src/condition/not.ts": {"lines":{"total":52,"covered":40,"skipped":0,"pct":76.92},"functions":{"total":11,"covered":6,"skipped":0,"pct":54.54},"statements":{"total":52,"covered":40,"skipped":0,"pct":76.92},"branches":{"total":8,"covered":7,"skipped":0,"pct":87.5}}
,"/home/runner/work/alfa/alfa/packages/alfa-css-feature/src/condition/or.ts": {"lines":{"total":63,"covered":43,"skipped":0,"pct":68.25},"functions":{"total":12,"covered":6,"skipped":0,"pct":50},"statements":{"total":63,"covered":43,"skipped":0,"pct":68.25},"branches":{"total":9,"covered":8,"skipped":0,"pct":88.88}}
,"/home/runner/work/alfa/alfa/packages/alfa-css-feature/src/media/index.ts": {"lines":{"total":20,"covered":20,"skipped":0,"pct":100},"functions":{"total":0,"covered":0,"skipped":0,"pct":100},"statements":{"total":20,"covered":20,"skipped":0,"pct":100},"branches":{"total":1,"covered":1,"skipped":0,"pct":100}}
,"/home/runner/work/alfa/alfa/packages/alfa-css-feature/src/media/list.ts": {"lines":{"total":70,"covered":56,"skipped":0,"pct":80},"functions":{"total":9,"covered":5,"skipped":0,"pct":55.55},"statements":{"total":70,"covered":56,"skipped":0,"pct":80},"branches":{"total":14,"covered":13,"skipped":0,"pct":92.85}}
,"/home/runner/work/alfa/alfa/packages/alfa-css-feature/src/media/modifier.ts": {"lines":{"total":15,"covered":15,"skipped":0,"pct":100},"functions":{"total":0,"covered":0,"skipped":0,"pct":100},"statements":{"total":15,"covered":15,"skipped":0,"pct":100},"branches":{"total":5,"covered":4,"skipped":0,"pct":80}}
,"/home/runner/work/alfa/alfa/packages/alfa-css-feature/src/media/query.ts": {"lines":{"total":116,"covered":90,"skipped":0,"pct":77.58},"functions":{"total":12,"covered":6,"skipped":0,"pct":50},"statements":{"total":116,"covered":90,"skipped":0,"pct":77.58},"branches":{"total":17,"covered":16,"skipped":0,"pct":94.11}}
,"/home/runner/work/alfa/alfa/packages/alfa-css-feature/src/media/type.ts": {"lines":{"total":68,"covered":53,"skipped":0,"pct":77.94},"functions":{"total":10,"covered":5,"skipped":0,"pct":50},"statements":{"total":68,"covered":53,"skipped":0,"pct":77.94},"branches":{"total":19,"covered":12,"skipped":0,"pct":63.15}}
,"/home/runner/work/alfa/alfa/packages/alfa-css-feature/src/media/feature/comparison.ts": {"lines":{"total":47,"covered":47,"skipped":0,"pct":100},"functions":{"total":1,"covered":1,"skipped":0,"pct":100},"statements":{"total":47,"covered":47,"skipped":0,"pct":100},"branches":{"total":12,"covered":11,"skipped":0,"pct":91.66}}
,"/home/runner/work/alfa/alfa/packages/alfa-css-feature/src/media/feature/discrete.ts": {"lines":{"total":61,"covered":61,"skipped":0,"pct":100},"functions":{"total":8,"covered":8,"skipped":0,"pct":100},"statements":{"total":61,"covered":61,"skipped":0,"pct":100},"branches":{"total":13,"covered":13,"skipped":0,"pct":100}}
,"/home/runner/work/alfa/alfa/packages/alfa-css-feature/src/media/feature/height.ts": {"lines":{"total":37,"covered":23,"skipped":0,"pct":62.16},"functions":{"total":7,"covered":4,"skipped":0,"pct":57.14},"statements":{"total":37,"covered":23,"skipped":0,"pct":62.16},"branches":{"total":6,"covered":5,"skipped":0,"pct":83.33}}
,"/home/runner/work/alfa/alfa/packages/alfa-css-feature/src/media/feature/index.ts": {"lines":{"total":46,"covered":46,"skipped":0,"pct":100},"functions":{"total":0,"covered":0,"skipped":0,"pct":100},"statements":{"total":46,"covered":46,"skipped":0,"pct":100},"branches":{"total":1,"covered":1,"skipped":0,"pct":100}}
,"/home/runner/work/alfa/alfa/packages/alfa-css-feature/src/media/feature/media.ts": {"lines":{"total":196,"covered":175,"skipped":0,"pct":89.28},"functions":{"total":17,"covered":11,"skipped":0,"pct":64.7},"statements":{"total":196,"covered":175,"skipped":0,"pct":89.28},"branches":{"total":42,"covered":37,"skipped":0,"pct":88.09}}
,"/home/runner/work/alfa/alfa/packages/alfa-css-feature/src/media/feature/resolver.ts": {"lines":{"total":13,"covered":13,"skipped":0,"pct":100},"functions":{"total":1,"covered":1,"skipped":0,"pct":100},"statements":{"total":13,"covered":13,"skipped":0,"pct":100},"branches":{"total":2,"covered":2,"skipped":0,"pct":100}}
,"/home/runner/work/alfa/alfa/packages/alfa-css-feature/src/media/feature/scripting.ts": {"lines":{"total":33,"covered":27,"skipped":0,"pct":81.81},"functions":{"total":6,"covered":4,"skipped":0,"pct":66.66},"statements":{"total":33,"covered":27,"skipped":0,"pct":81.81},"branches":{"total":6,"covered":5,"skipped":0,"pct":83.33}}
,"/home/runner/work/alfa/alfa/packages/alfa-css-feature/src/media/feature/width.ts": {"lines":{"total":37,"covered":35,"skipped":0,"pct":94.59},"functions":{"total":7,"covered":6,"skipped":0,"pct":85.71},"statements":{"total":37,"covered":35,"skipped":0,"pct":94.59},"branches":{"total":12,"covered":10,"skipped":0,"pct":83.33}}
,"/home/runner/work/alfa/alfa/packages/alfa-css-feature/src/media/feature/value/bound.ts": {"lines":{"total":30,"covered":28,"skipped":0,"pct":93.33},"functions":{"total":8,"covered":7,"skipped":0,"pct":87.5},"statements":{"total":30,"covered":28,"skipped":0,"pct":93.33},"branches":{"total":7,"covered":7,"skipped":0,"pct":100}}
,"/home/runner/work/alfa/alfa/packages/alfa-css-feature/src/media/feature/value/discrete.ts": {"lines":{"total":36,"covered":27,"skipped":0,"pct":75},"functions":{"total":9,"covered":5,"skipped":0,"pct":55.55},"statements":{"total":36,"covered":27,"skipped":0,"pct":75},"branches":{"total":7,"covered":6,"skipped":0,"pct":85.71}}
,"/home/runner/work/alfa/alfa/packages/alfa-css-feature/src/media/feature/value/index.ts": {"lines":{"total":1,"covered":1,"skipped":0,"pct":100},"functions":{"total":0,"covered":0,"skipped":0,"pct":100},"statements":{"total":1,"covered":1,"skipped":0,"pct":100},"branches":{"total":0,"covered":0,"skipped":0,"pct":100}}
,"/home/runner/work/alfa/alfa/packages/alfa-css-feature/src/media/feature/value/range.ts": {"lines":{"total":95,"covered":72,"skipped":0,"pct":75.78},"functions":{"total":13,"covered":8,"skipped":0,"pct":61.53},"statements":{"total":95,"covered":72,"skipped":0,"pct":75.78},"branches":{"total":26,"covered":24,"skipped":0,"pct":92.3}}
,"/home/runner/work/alfa/alfa/packages/alfa-css-feature/src/media/feature/value/value.ts": {"lines":{"total":16,"covered":16,"skipped":0,"pct":100},"functions":{"total":0,"covered":0,"skipped":0,"pct":100},"statements":{"total":16,"covered":16,"skipped":0,"pct":100},"branches":{"total":1,"covered":1,"skipped":0,"pct":100}}
,"/home/runner/work/alfa/alfa/packages/alfa-css-feature/src/supports/index.ts": {"lines":{"total":10,"covered":10,"skipped":0,"pct":100},"functions":{"total":0,"covered":0,"skipped":0,"pct":100},"statements":{"total":10,"covered":10,"skipped":0,"pct":100},"branches":{"total":1,"covered":1,"skipped":0,"pct":100}}
,"/home/runner/work/alfa/alfa/packages/alfa-css-feature/src/supports/query.ts": {"lines":{"total":45,"covered":33,"skipped":0,"pct":73.33},"functions":{"total":10,"covered":5,"skipped":0,"pct":50},"statements":{"total":45,"covered":33,"skipped":0,"pct":73.33},"branches":{"total":8,"covered":7,"skipped":0,"pct":87.5}}
,"/home/runner/work/alfa/alfa/packages/alfa-css-feature/src/supports/feature/index.ts": {"lines":{"total":2,"covered":2,"skipped":0,"pct":100},"functions":{"total":0,"covered":0,"skipped":0,"pct":100},"statements":{"total":2,"covered":2,"skipped":0,"pct":100},"branches":{"total":0,"covered":0,"skipped":0,"pct":100}}
,"/home/runner/work/alfa/alfa/packages/alfa-css-feature/src/supports/feature/property.ts": {"lines":{"total":92,"covered":73,"skipped":0,"pct":79.34},"functions":{"total":12,"covered":6,"skipped":0,"pct":50},"statements":{"total":92,"covered":73,"skipped":0,"pct":79.34},"branches":{"total":17,"covered":16,"skipped":0,"pct":94.11}}
}
