{"total": {"lines":{"total":440,"covered":336,"skipped":0,"pct":76.36},"statements":{"total":449,"covered":343,"skipped":0,"pct":76.39},"functions":{"total":258,"covered":167,"skipped":0,"pct":64.72},"branches":{"total":169,"covered":98,"skipped":0,"pct":57.98},"branchesTrue":{"total":0,"covered":0,"skipped":0,"pct":100}}
,"/home/runner/work/alfa/alfa/packages/alfa-css-feature/package.json": {"lines":{"total":0,"covered":0,"skipped":0,"pct":0},"functions":{"total":0,"covered":0,"skipped":0,"pct":0},"statements":{"total":0,"covered":0,"skipped":0,"pct":0},"branches":{"total":0,"covered":0,"skipped":0,"pct":0}}
,"/home/runner/work/alfa/alfa/packages/alfa-css-feature/tsconfig.json": {"lines":{"total":0,"covered":0,"skipped":0,"pct":0},"functions":{"total":0,"covered":0,"skipped":0,"pct":0},"statements":{"total":0,"covered":0,"skipped":0,"pct":0},"branches":{"total":0,"covered":0,"skipped":0,"pct":0}}
,"/home/runner/work/alfa/alfa/packages/alfa-css-feature/src/feature.ts": {"lines":{"total":0,"covered":0,"skipped":0,"pct":0},"functions":{"total":0,"covered":0,"skipped":0,"pct":0},"statements":{"total":0,"covered":0,"skipped":0,"pct":0},"branches":{"total":0,"covered":0,"skipped":0,"pct":0}}
,"/home/runner/work/alfa/alfa/packages/alfa-css-feature/src/index.ts": {"lines":{"total":15,"covered":15,"skipped":0,"pct":100},"functions":{"total":1,"covered":1,"skipped":0,"pct":100},"statements":{"total":15,"covered":15,"skipped":0,"pct":100},"branches":{"total":2,"covered":2,"skipped":0,"pct":100}}
,"/home/runner/work/alfa/alfa/packages/alfa-css-feature/src/tsconfig.json": {"lines":{"total":0,"covered":0,"skipped":0,"pct":0},"functions":{"total":0,"covered":0,"skipped":0,"pct":0},"statements":{"total":0,"covered":0,"skipped":0,"pct":0},"branches":{"total":0,"covered":0,"skipped":0,"pct":0}}
,"/home/runner/work/alfa/alfa/packages/alfa-css-feature/src/condition/and.ts": {"lines":{"total":18,"covered":10,"skipped":0,"pct":55.55},"functions":{"total":13,"covered":6,"skipped":0,"pct":46.15},"statements":{"total":18,"covered":10,"skipped":0,"pct":55.55},"branches":{"total":7,"covered":3,"skipped":0,"pct":42.85}}
,"/home/runner/work/alfa/alfa/packages/alfa-css-feature/src/condition/condition.ts": {"lines":{"total":15,"covered":14,"skipped":0,"pct":93.33},"functions":{"total":12,"covered":11,"skipped":0,"pct":91.66},"statements":{"total":16,"covered":15,"skipped":0,"pct":93.75},"branches":{"total":5,"covered":2,"skipped":0,"pct":40}}
,"/home/runner/work/alfa/alfa/packages/alfa-css-feature/src/condition/index.ts": {"lines":{"total":0,"covered":0,"skipped":0,"pct":0},"functions":{"total":0,"covered":0,"skipped":0,"pct":0},"statements":{"total":0,"covered":0,"skipped":0,"pct":0},"branches":{"total":0,"covered":0,"skipped":0,"pct":0}}
,"/home/runner/work/alfa/alfa/packages/alfa-css-feature/src/condition/not.ts": {"lines":{"total":15,"covered":9,"skipped":0,"pct":60},"functions":{"total":12,"covered":6,"skipped":0,"pct":50},"statements":{"total":15,"covered":9,"skipped":0,"pct":60},"branches":{"total":4,"covered":1,"skipped":0,"pct":25}}
,"/home/runner/work/alfa/alfa/packages/alfa-css-feature/src/condition/or.ts": {"lines":{"total":18,"covered":10,"skipped":0,"pct":55.55},"functions":{"total":13,"covered":6,"skipped":0,"pct":46.15},"statements":{"total":18,"covered":10,"skipped":0,"pct":55.55},"branches":{"total":7,"covered":3,"skipped":0,"pct":42.85}}
,"/home/runner/work/alfa/alfa/packages/alfa-css-feature/src/media/index.ts": {"lines":{"total":12,"covered":12,"skipped":0,"pct":100},"functions":{"total":1,"covered":1,"skipped":0,"pct":100},"statements":{"total":12,"covered":12,"skipped":0,"pct":100},"branches":{"total":2,"covered":2,"skipped":0,"pct":100}}
,"/home/runner/work/alfa/alfa/packages/alfa-css-feature/src/media/list.ts": {"lines":{"total":20,"covered":14,"skipped":0,"pct":70},"functions":{"total":18,"covered":12,"skipped":0,"pct":66.66},"statements":{"total":21,"covered":15,"skipped":0,"pct":71.42},"branches":{"total":7,"covered":3,"skipped":0,"pct":42.85}}
,"/home/runner/work/alfa/alfa/packages/alfa-css-feature/src/media/modifier.ts": {"lines":{"total":8,"covered":8,"skipped":0,"pct":100},"functions":{"total":4,"covered":4,"skipped":0,"pct":100},"statements":{"total":8,"covered":8,"skipped":0,"pct":100},"branches":{"total":4,"covered":3,"skipped":0,"pct":75}}
,"/home/runner/work/alfa/alfa/packages/alfa-css-feature/src/media/query.ts": {"lines":{"total":33,"covered":22,"skipped":0,"pct":66.66},"functions":{"total":23,"covered":14,"skipped":0,"pct":60.86},"statements":{"total":34,"covered":23,"skipped":0,"pct":67.64},"branches":{"total":12,"covered":3,"skipped":0,"pct":25}}
,"/home/runner/work/alfa/alfa/packages/alfa-css-feature/src/media/type.ts": {"lines":{"total":23,"covered":14,"skipped":0,"pct":60.86},"functions":{"total":13,"covered":7,"skipped":0,"pct":53.84},"statements":{"total":23,"covered":14,"skipped":0,"pct":60.86},"branches":{"total":14,"covered":5,"skipped":0,"pct":35.71}}
,"/home/runner/work/alfa/alfa/packages/alfa-css-feature/src/media/feature/comparison.ts": {"lines":{"total":17,"covered":16,"skipped":0,"pct":94.11},"functions":{"total":6,"covered":5,"skipped":0,"pct":83.33},"statements":{"total":17,"covered":16,"skipped":0,"pct":94.11},"branches":{"total":11,"covered":10,"skipped":0,"pct":90.9}}
,"/home/runner/work/alfa/alfa/packages/alfa-css-feature/src/media/feature/discrete.ts": {"lines":{"total":22,"covered":22,"skipped":0,"pct":100},"functions":{"total":11,"covered":11,"skipped":0,"pct":100},"statements":{"total":22,"covered":22,"skipped":0,"pct":100},"branches":{"total":4,"covered":4,"skipped":0,"pct":100}}
,"/home/runner/work/alfa/alfa/packages/alfa-css-feature/src/media/feature/height.ts": {"lines":{"total":15,"covered":7,"skipped":0,"pct":46.66},"functions":{"total":11,"covered":5,"skipped":0,"pct":45.45},"statements":{"total":16,"covered":7,"skipped":0,"pct":43.75},"branches":{"total":4,"covered":1,"skipped":0,"pct":25}}
,"/home/runner/work/alfa/alfa/packages/alfa-css-feature/src/media/feature/index.ts": {"lines":{"total":17,"covered":17,"skipped":0,"pct":100},"functions":{"total":1,"covered":1,"skipped":0,"pct":100},"statements":{"total":17,"covered":17,"skipped":0,"pct":100},"branches":{"total":2,"covered":2,"skipped":0,"pct":100}}
,"/home/runner/work/alfa/alfa/packages/alfa-css-feature/src/media/feature/media.ts": {"lines":{"total":44,"covered":32,"skipped":0,"pct":72.72},"functions":{"total":33,"covered":23,"skipped":0,"pct":69.69},"statements":{"total":48,"covered":35,"skipped":0,"pct":72.91},"branches":{"total":27,"covered":19,"skipped":0,"pct":70.37}}
,"/home/runner/work/alfa/alfa/packages/alfa-css-feature/src/media/feature/resolver.ts": {"lines":{"total":8,"covered":8,"skipped":0,"pct":100},"functions":{"total":2,"covered":2,"skipped":0,"pct":100},"statements":{"total":8,"covered":8,"skipped":0,"pct":100},"branches":{"total":2,"covered":2,"skipped":0,"pct":100}}
,"/home/runner/work/alfa/alfa/packages/alfa-css-feature/src/media/feature/scripting.ts": {"lines":{"total":10,"covered":6,"skipped":0,"pct":60},"functions":{"total":8,"covered":5,"skipped":0,"pct":62.5},"statements":{"total":10,"covered":6,"skipped":0,"pct":60},"branches":{"total":4,"covered":1,"skipped":0,"pct":25}}
,"/home/runner/work/alfa/alfa/packages/alfa-css-feature/src/media/feature/width.ts": {"lines":{"total":15,"covered":13,"skipped":0,"pct":86.66},"functions":{"total":11,"covered":9,"skipped":0,"pct":81.81},"statements":{"total":16,"covered":14,"skipped":0,"pct":87.5},"branches":{"total":4,"covered":2,"skipped":0,"pct":50}}
,"/home/runner/work/alfa/alfa/packages/alfa-css-feature/src/media/feature/value/bound.ts": {"lines":{"total":8,"covered":7,"skipped":0,"pct":87.5},"functions":{"total":7,"covered":6,"skipped":0,"pct":85.71},"statements":{"total":8,"covered":7,"skipped":0,"pct":87.5},"branches":{"total":0,"covered":0,"skipped":0,"pct":100}}
,"/home/runner/work/alfa/alfa/packages/alfa-css-feature/src/media/feature/value/discrete.ts": {"lines":{"total":10,"covered":6,"skipped":0,"pct":60},"functions":{"total":9,"covered":5,"skipped":0,"pct":55.55},"statements":{"total":10,"covered":6,"skipped":0,"pct":60},"branches":{"total":2,"covered":1,"skipped":0,"pct":50}}
,"/home/runner/work/alfa/alfa/packages/alfa-css-feature/src/media/feature/value/index.ts": {"lines":{"total":0,"covered":0,"skipped":0,"pct":0},"functions":{"total":0,"covered":0,"skipped":0,"pct":0},"statements":{"total":0,"covered":0,"skipped":0,"pct":0},"branches":{"total":0,"covered":0,"skipped":0,"pct":0}}
,"/home/runner/work/alfa/alfa/packages/alfa-css-feature/src/media/feature/value/range.ts": {"lines":{"total":37,"covered":27,"skipped":0,"pct":72.97},"functions":{"total":21,"covered":12,"skipped":0,"pct":57.14},"statements":{"total":37,"covered":27,"skipped":0,"pct":72.97},"branches":{"total":22,"covered":13,"skipped":0,"pct":59.09}}
,"/home/runner/work/alfa/alfa/packages/alfa-css-feature/src/media/feature/value/value.ts": {"lines":{"total":7,"covered":7,"skipped":0,"pct":100},"functions":{"total":1,"covered":1,"skipped":0,"pct":100},"statements":{"total":7,"covered":7,"skipped":0,"pct":100},"branches":{"total":2,"covered":2,"skipped":0,"pct":100}}
,"/home/runner/work/alfa/alfa/packages/alfa-css-feature/src/supports/index.ts": {"lines":{"total":6,"covered":6,"skipped":0,"pct":100},"functions":{"total":1,"covered":1,"skipped":0,"pct":100},"statements":{"total":6,"covered":6,"skipped":0,"pct":100},"branches":{"total":2,"covered":2,"skipped":0,"pct":100}}
,"/home/runner/work/alfa/alfa/packages/alfa-css-feature/src/supports/query.ts": {"lines":{"total":15,"covered":9,"skipped":0,"pct":60},"functions":{"total":12,"covered":6,"skipped":0,"pct":50},"statements":{"total":15,"covered":9,"skipped":0,"pct":60},"branches":{"total":4,"covered":1,"skipped":0,"pct":25}}
,"/home/runner/work/alfa/alfa/packages/alfa-css-feature/src/supports/feature/index.ts": {"lines":{"total":0,"covered":0,"skipped":0,"pct":0},"functions":{"total":0,"covered":0,"skipped":0,"pct":0},"statements":{"total":0,"covered":0,"skipped":0,"pct":0},"branches":{"total":0,"covered":0,"skipped":0,"pct":0}}
,"/home/runner/work/alfa/alfa/packages/alfa-css-feature/src/supports/feature/property.ts": {"lines":{"total":32,"covered":25,"skipped":0,"pct":78.12},"functions":{"total":14,"covered":7,"skipped":0,"pct":50},"statements":{"total":32,"covered":25,"skipped":0,"pct":78.12},"branches":{"total":15,"covered":11,"skipped":0,"pct":73.33}}
,"/home/runner/work/alfa/alfa/packages/alfa-css-feature/test/tsconfig.json": {"lines":{"total":0,"covered":0,"skipped":0,"pct":0},"functions":{"total":0,"covered":0,"skipped":0,"pct":0},"statements":{"total":0,"covered":0,"skipped":0,"pct":0},"branches":{"total":0,"covered":0,"skipped":0,"pct":0}}
}
