{"total": {"lines":{"total":408,"covered":142,"skipped":0,"pct":34.8},"statements":{"total":408,"covered":142,"skipped":0,"pct":34.8},"functions":{"total":58,"covered":15,"skipped":0,"pct":25.86},"branches":{"total":26,"covered":19,"skipped":0,"pct":73.07},"branchesTrue":{"total":0,"covered":0,"skipped":0,"pct":"Unknown"}}
,"/home/runner/work/alfa/alfa/packages/alfa-http/src/body.ts": {"lines":{"total":6,"covered":0,"skipped":0,"pct":0},"functions":{"total":1,"covered":0,"skipped":0,"pct":0},"statements":{"total":6,"covered":0,"skipped":0,"pct":0},"branches":{"total":1,"covered":0,"skipped":0,"pct":0}}
,"/home/runner/work/alfa/alfa/packages/alfa-http/src/cookie.ts": {"lines":{"total":39,"covered":0,"skipped":0,"pct":0},"functions":{"total":1,"covered":1,"skipped":0,"pct":100},"statements":{"total":39,"covered":0,"skipped":0,"pct":0},"branches":{"total":1,"covered":1,"skipped":0,"pct":100}}
,"/home/runner/work/alfa/alfa/packages/alfa-http/src/cookies.ts": {"lines":{"total":51,"covered":0,"skipped":0,"pct":0},"functions":{"total":1,"covered":0,"skipped":0,"pct":0},"statements":{"total":51,"covered":0,"skipped":0,"pct":0},"branches":{"total":1,"covered":0,"skipped":0,"pct":0}}
,"/home/runner/work/alfa/alfa/packages/alfa-http/src/header.ts": {"lines":{"total":52,"covered":17,"skipped":0,"pct":32.69},"functions":{"total":11,"covered":0,"skipped":0,"pct":0},"statements":{"total":52,"covered":17,"skipped":0,"pct":32.69},"branches":{"total":2,"covered":1,"skipped":0,"pct":50}}
,"/home/runner/work/alfa/alfa/packages/alfa-http/src/headers.ts": {"lines":{"total":62,"covered":29,"skipped":0,"pct":46.77},"functions":{"total":15,"covered":4,"skipped":0,"pct":26.66},"statements":{"total":62,"covered":29,"skipped":0,"pct":46.77},"branches":{"total":6,"covered":5,"skipped":0,"pct":83.33}}
,"/home/runner/work/alfa/alfa/packages/alfa-http/src/index.ts": {"lines":{"total":7,"covered":0,"skipped":0,"pct":0},"functions":{"total":1,"covered":0,"skipped":0,"pct":0},"statements":{"total":7,"covered":0,"skipped":0,"pct":0},"branches":{"total":1,"covered":0,"skipped":0,"pct":0}}
,"/home/runner/work/alfa/alfa/packages/alfa-http/src/request.ts": {"lines":{"total":96,"covered":48,"skipped":0,"pct":50},"functions":{"total":14,"covered":5,"skipped":0,"pct":35.71},"statements":{"total":96,"covered":48,"skipped":0,"pct":50},"branches":{"total":7,"covered":6,"skipped":0,"pct":85.71}}
,"/home/runner/work/alfa/alfa/packages/alfa-http/src/response.ts": {"lines":{"total":95,"covered":48,"skipped":0,"pct":50.52},"functions":{"total":14,"covered":5,"skipped":0,"pct":35.71},"statements":{"total":95,"covered":48,"skipped":0,"pct":50.52},"branches":{"total":7,"covered":6,"skipped":0,"pct":85.71}}
}
