{"total": {"lines":{"total":125,"covered":33,"skipped":0,"pct":26.4},"statements":{"total":154,"covered":36,"skipped":0,"pct":23.37},"functions":{"total":169,"covered":20,"skipped":0,"pct":11.83},"branches":{"total":52,"covered":16,"skipped":0,"pct":30.76},"branchesTrue":{"total":0,"covered":0,"skipped":0,"pct":100}}
,"/home/runner/work/alfa/alfa/packages/alfa-http/package.json": {"lines":{"total":0,"covered":0,"skipped":0,"pct":0},"functions":{"total":0,"covered":0,"skipped":0,"pct":0},"statements":{"total":0,"covered":0,"skipped":0,"pct":0},"branches":{"total":0,"covered":0,"skipped":0,"pct":0}}
,"/home/runner/work/alfa/alfa/packages/alfa-http/tsconfig.json": {"lines":{"total":0,"covered":0,"skipped":0,"pct":0},"functions":{"total":0,"covered":0,"skipped":0,"pct":0},"statements":{"total":0,"covered":0,"skipped":0,"pct":0},"branches":{"total":0,"covered":0,"skipped":0,"pct":0}}
,"/home/runner/work/alfa/alfa/packages/alfa-http/src/body.ts": {"lines":{"total":4,"covered":0,"skipped":0,"pct":0},"functions":{"total":4,"covered":0,"skipped":0,"pct":0},"statements":{"total":7,"covered":0,"skipped":0,"pct":0},"branches":{"total":8,"covered":0,"skipped":0,"pct":0}}
,"/home/runner/work/alfa/alfa/packages/alfa-http/src/cookie.ts": {"lines":{"total":14,"covered":0,"skipped":0,"pct":0},"functions":{"total":20,"covered":0,"skipped":0,"pct":0},"statements":{"total":17,"covered":0,"skipped":0,"pct":0},"branches":{"total":10,"covered":0,"skipped":0,"pct":0}}
,"/home/runner/work/alfa/alfa/packages/alfa-http/src/cookies.ts": {"lines":{"total":20,"covered":0,"skipped":0,"pct":0},"functions":{"total":32,"covered":0,"skipped":0,"pct":0},"statements":{"total":25,"covered":0,"skipped":0,"pct":0},"branches":{"total":4,"covered":0,"skipped":0,"pct":0}}
,"/home/runner/work/alfa/alfa/packages/alfa-http/src/header.ts": {"lines":{"total":15,"covered":4,"skipped":0,"pct":26.66},"functions":{"total":22,"covered":3,"skipped":0,"pct":13.63},"statements":{"total":18,"covered":4,"skipped":0,"pct":22.22},"branches":{"total":10,"covered":2,"skipped":0,"pct":20}}
,"/home/runner/work/alfa/alfa/packages/alfa-http/src/headers.ts": {"lines":{"total":22,"covered":7,"skipped":0,"pct":31.81},"functions":{"total":35,"covered":5,"skipped":0,"pct":14.28},"statements":{"total":27,"covered":8,"skipped":0,"pct":29.62},"branches":{"total":4,"covered":2,"skipped":0,"pct":50}}
,"/home/runner/work/alfa/alfa/packages/alfa-http/src/index.ts": {"lines":{"total":0,"covered":0,"skipped":0,"pct":0},"functions":{"total":0,"covered":0,"skipped":0,"pct":0},"statements":{"total":0,"covered":0,"skipped":0,"pct":0},"branches":{"total":0,"covered":0,"skipped":0,"pct":0}}
,"/home/runner/work/alfa/alfa/packages/alfa-http/src/request.ts": {"lines":{"total":25,"covered":11,"skipped":0,"pct":44},"functions":{"total":28,"covered":6,"skipped":0,"pct":21.42},"statements":{"total":30,"covered":12,"skipped":0,"pct":40},"branches":{"total":8,"covered":6,"skipped":0,"pct":75}}
,"/home/runner/work/alfa/alfa/packages/alfa-http/src/response.ts": {"lines":{"total":25,"covered":11,"skipped":0,"pct":44},"functions":{"total":28,"covered":6,"skipped":0,"pct":21.42},"statements":{"total":30,"covered":12,"skipped":0,"pct":40},"branches":{"total":8,"covered":6,"skipped":0,"pct":75}}
,"/home/runner/work/alfa/alfa/packages/alfa-http/src/tsconfig.json": {"lines":{"total":0,"covered":0,"skipped":0,"pct":0},"functions":{"total":0,"covered":0,"skipped":0,"pct":0},"statements":{"total":0,"covered":0,"skipped":0,"pct":0},"branches":{"total":0,"covered":0,"skipped":0,"pct":0}}
,"/home/runner/work/alfa/alfa/packages/alfa-http/test/tsconfig.json": {"lines":{"total":0,"covered":0,"skipped":0,"pct":0},"functions":{"total":0,"covered":0,"skipped":0,"pct":0},"statements":{"total":0,"covered":0,"skipped":0,"pct":0},"branches":{"total":0,"covered":0,"skipped":0,"pct":0}}
}
