{"total": {"lines":{"total":261,"covered":205,"skipped":0,"pct":78.54},"statements":{"total":261,"covered":205,"skipped":0,"pct":78.54},"functions":{"total":66,"covered":40,"skipped":0,"pct":60.6},"branches":{"total":71,"covered":67,"skipped":0,"pct":94.36},"branchesTrue":{"total":0,"covered":0,"skipped":0,"pct":"Unknown"}}
,"/home/runner/work/alfa/alfa/packages/alfa-future/src/future.ts": {"lines":{"total":260,"covered":205,"skipped":0,"pct":78.84},"functions":{"total":65,"covered":40,"skipped":0,"pct":61.53},"statements":{"total":260,"covered":205,"skipped":0,"pct":78.84},"branches":{"total":70,"covered":67,"skipped":0,"pct":95.71}}
,"/home/runner/work/alfa/alfa/packages/alfa-future/src/index.ts": {"lines":{"total":1,"covered":0,"skipped":0,"pct":0},"functions":{"total":1,"covered":0,"skipped":0,"pct":0},"statements":{"total":1,"covered":0,"skipped":0,"pct":0},"branches":{"total":1,"covered":0,"skipped":0,"pct":0}}
}
