{"total": {"lines":{"total":340,"covered":315,"skipped":0,"pct":92.64},"statements":{"total":350,"covered":323,"skipped":0,"pct":92.28},"functions":{"total":141,"covered":126,"skipped":0,"pct":89.36},"branches":{"total":151,"covered":111,"skipped":0,"pct":73.5},"branchesTrue":{"total":0,"covered":0,"skipped":0,"pct":100}}
,"/home/runner/work/alfa/alfa/packages/alfa-cascade/package.json": {"lines":{"total":0,"covered":0,"skipped":0,"pct":0},"functions":{"total":0,"covered":0,"skipped":0,"pct":0},"statements":{"total":0,"covered":0,"skipped":0,"pct":0},"branches":{"total":0,"covered":0,"skipped":0,"pct":0}}
,"/home/runner/work/alfa/alfa/packages/alfa-cascade/tsconfig.json": {"lines":{"total":0,"covered":0,"skipped":0,"pct":0},"functions":{"total":0,"covered":0,"skipped":0,"pct":0},"statements":{"total":0,"covered":0,"skipped":0,"pct":0},"branches":{"total":0,"covered":0,"skipped":0,"pct":0}}
,"/home/runner/work/alfa/alfa/packages/alfa-cascade/src/ancestor-filter.ts": {"lines":{"total":46,"covered":40,"skipped":0,"pct":86.95},"functions":{"total":14,"covered":14,"skipped":0,"pct":100},"statements":{"total":46,"covered":40,"skipped":0,"pct":86.95},"branches":{"total":27,"covered":17,"skipped":0,"pct":62.96}}
,"/home/runner/work/alfa/alfa/packages/alfa-cascade/src/block.ts": {"lines":{"total":39,"covered":36,"skipped":0,"pct":92.3},"functions":{"total":19,"covered":16,"skipped":0,"pct":84.21},"statements":{"total":39,"covered":36,"skipped":0,"pct":92.3},"branches":{"total":28,"covered":19,"skipped":0,"pct":67.85}}
,"/home/runner/work/alfa/alfa/packages/alfa-cascade/src/cascade.ts": {"lines":{"total":39,"covered":36,"skipped":0,"pct":92.3},"functions":{"total":14,"covered":13,"skipped":0,"pct":92.85},"statements":{"total":39,"covered":36,"skipped":0,"pct":92.3},"branches":{"total":9,"covered":9,"skipped":0,"pct":100}}
,"/home/runner/work/alfa/alfa/packages/alfa-cascade/src/index.ts": {"lines":{"total":0,"covered":0,"skipped":0,"pct":0},"functions":{"total":0,"covered":0,"skipped":0,"pct":0},"statements":{"total":0,"covered":0,"skipped":0,"pct":0},"branches":{"total":0,"covered":0,"skipped":0,"pct":0}}
,"/home/runner/work/alfa/alfa/packages/alfa-cascade/src/rule-tree.ts": {"lines":{"total":31,"covered":29,"skipped":0,"pct":93.54},"functions":{"total":16,"covered":14,"skipped":0,"pct":87.5},"statements":{"total":32,"covered":30,"skipped":0,"pct":93.75},"branches":{"total":14,"covered":11,"skipped":0,"pct":78.57}}
,"/home/runner/work/alfa/alfa/packages/alfa-cascade/src/selector-map.ts": {"lines":{"total":101,"covered":98,"skipped":0,"pct":97.02},"functions":{"total":39,"covered":38,"skipped":0,"pct":97.43},"statements":{"total":108,"covered":104,"skipped":0,"pct":96.29},"branches":{"total":36,"covered":32,"skipped":0,"pct":88.88}}
,"/home/runner/work/alfa/alfa/packages/alfa-cascade/src/tsconfig.json": {"lines":{"total":0,"covered":0,"skipped":0,"pct":0},"functions":{"total":0,"covered":0,"skipped":0,"pct":0},"statements":{"total":0,"covered":0,"skipped":0,"pct":0},"branches":{"total":0,"covered":0,"skipped":0,"pct":0}}
,"/home/runner/work/alfa/alfa/packages/alfa-cascade/src/user-agent.ts": {"lines":{"total":1,"covered":1,"skipped":0,"pct":100},"functions":{"total":0,"covered":0,"skipped":0,"pct":100},"statements":{"total":1,"covered":1,"skipped":0,"pct":100},"branches":{"total":0,"covered":0,"skipped":0,"pct":100}}
,"/home/runner/work/alfa/alfa/packages/alfa-cascade/src/precedence/encapsulation.ts": {"lines":{"total":2,"covered":2,"skipped":0,"pct":100},"functions":{"total":1,"covered":1,"skipped":0,"pct":100},"statements":{"total":2,"covered":2,"skipped":0,"pct":100},"branches":{"total":2,"covered":2,"skipped":0,"pct":100}}
,"/home/runner/work/alfa/alfa/packages/alfa-cascade/src/precedence/index.ts": {"lines":{"total":0,"covered":0,"skipped":0,"pct":0},"functions":{"total":0,"covered":0,"skipped":0,"pct":0},"statements":{"total":0,"covered":0,"skipped":0,"pct":0},"branches":{"total":0,"covered":0,"skipped":0,"pct":0}}
,"/home/runner/work/alfa/alfa/packages/alfa-cascade/src/precedence/layer.ts": {"lines":{"total":43,"covered":39,"skipped":0,"pct":90.69},"functions":{"total":19,"covered":16,"skipped":0,"pct":84.21},"statements":{"total":44,"covered":40,"skipped":0,"pct":90.9},"branches":{"total":13,"covered":8,"skipped":0,"pct":61.53}}
,"/home/runner/work/alfa/alfa/packages/alfa-cascade/src/precedence/order.ts": {"lines":{"total":2,"covered":2,"skipped":0,"pct":100},"functions":{"total":1,"covered":1,"skipped":0,"pct":100},"statements":{"total":2,"covered":2,"skipped":0,"pct":100},"branches":{"total":2,"covered":2,"skipped":0,"pct":100}}
,"/home/runner/work/alfa/alfa/packages/alfa-cascade/src/precedence/origin.ts": {"lines":{"total":15,"covered":14,"skipped":0,"pct":93.33},"functions":{"total":4,"covered":3,"skipped":0,"pct":75},"statements":{"total":15,"covered":14,"skipped":0,"pct":93.33},"branches":{"total":8,"covered":5,"skipped":0,"pct":62.5}}
,"/home/runner/work/alfa/alfa/packages/alfa-cascade/src/precedence/precedence.ts": {"lines":{"total":12,"covered":11,"skipped":0,"pct":91.66},"functions":{"total":6,"covered":5,"skipped":0,"pct":83.33},"statements":{"total":12,"covered":11,"skipped":0,"pct":91.66},"branches":{"total":8,"covered":2,"skipped":0,"pct":25}}
,"/home/runner/work/alfa/alfa/packages/alfa-cascade/test/tsconfig.json": {"lines":{"total":0,"covered":0,"skipped":0,"pct":0},"functions":{"total":0,"covered":0,"skipped":0,"pct":0},"statements":{"total":0,"covered":0,"skipped":0,"pct":0},"branches":{"total":0,"covered":0,"skipped":0,"pct":0}}
,"/home/runner/work/alfa/alfa/packages/alfa-cascade/test/common/common.ts": {"lines":{"total":6,"covered":6,"skipped":0,"pct":100},"functions":{"total":4,"covered":4,"skipped":0,"pct":100},"statements":{"total":6,"covered":6,"skipped":0,"pct":100},"branches":{"total":4,"covered":4,"skipped":0,"pct":100}}
,"/home/runner/work/alfa/alfa/packages/alfa-cascade/test/common/parser.ts": {"lines":{"total":3,"covered":1,"skipped":0,"pct":33.33},"functions":{"total":4,"covered":1,"skipped":0,"pct":25},"statements":{"total":4,"covered":1,"skipped":0,"pct":25},"branches":{"total":0,"covered":0,"skipped":0,"pct":100}}
}
