{"total": {"lines":{"total":79,"covered":62,"skipped":0,"pct":78.48},"statements":{"total":104,"covered":79,"skipped":0,"pct":75.96},"functions":{"total":42,"covered":19,"skipped":0,"pct":45.23},"branches":{"total":82,"covered":67,"skipped":0,"pct":81.7},"branchesTrue":{"total":0,"covered":0,"skipped":0,"pct":100}}
,"/home/runner/work/alfa/alfa/packages/alfa-affine/package.json": {"lines":{"total":0,"covered":0,"skipped":0,"pct":0},"functions":{"total":0,"covered":0,"skipped":0,"pct":0},"statements":{"total":0,"covered":0,"skipped":0,"pct":0},"branches":{"total":0,"covered":0,"skipped":0,"pct":0}}
,"/home/runner/work/alfa/alfa/packages/alfa-affine/tsconfig.json": {"lines":{"total":0,"covered":0,"skipped":0,"pct":0},"functions":{"total":0,"covered":0,"skipped":0,"pct":0},"statements":{"total":0,"covered":0,"skipped":0,"pct":0},"branches":{"total":0,"covered":0,"skipped":0,"pct":0}}
,"/home/runner/work/alfa/alfa/packages/alfa-affine/src/index.ts": {"lines":{"total":0,"covered":0,"skipped":0,"pct":0},"functions":{"total":0,"covered":0,"skipped":0,"pct":0},"statements":{"total":0,"covered":0,"skipped":0,"pct":0},"branches":{"total":0,"covered":0,"skipped":0,"pct":0}}
,"/home/runner/work/alfa/alfa/packages/alfa-affine/src/transformation.ts": {"lines":{"total":79,"covered":62,"skipped":0,"pct":78.48},"functions":{"total":42,"covered":19,"skipped":0,"pct":45.23},"statements":{"total":104,"covered":79,"skipped":0,"pct":75.96},"branches":{"total":82,"covered":67,"skipped":0,"pct":81.7}}
,"/home/runner/work/alfa/alfa/packages/alfa-affine/src/tsconfig.json": {"lines":{"total":0,"covered":0,"skipped":0,"pct":0},"functions":{"total":0,"covered":0,"skipped":0,"pct":0},"statements":{"total":0,"covered":0,"skipped":0,"pct":0},"branches":{"total":0,"covered":0,"skipped":0,"pct":0}}
,"/home/runner/work/alfa/alfa/packages/alfa-affine/test/tsconfig.json": {"lines":{"total":0,"covered":0,"skipped":0,"pct":0},"functions":{"total":0,"covered":0,"skipped":0,"pct":0},"statements":{"total":0,"covered":0,"skipped":0,"pct":0},"branches":{"total":0,"covered":0,"skipped":0,"pct":0}}
}
