{"total": {"lines":{"total":34,"covered":34,"skipped":0,"pct":100},"statements":{"total":34,"covered":34,"skipped":0,"pct":100},"functions":{"total":4,"covered":4,"skipped":0,"pct":100},"branches":{"total":15,"covered":15,"skipped":0,"pct":100},"branchesTrue":{"total":0,"covered":0,"skipped":0,"pct":"Unknown"}}
,"/home/runner/work/alfa/alfa/packages/alfa-equatable/src/equatable.ts": {"lines":{"total":33,"covered":33,"skipped":0,"pct":100},"functions":{"total":4,"covered":4,"skipped":0,"pct":100},"statements":{"total":33,"covered":33,"skipped":0,"pct":100},"branches":{"total":15,"covered":15,"skipped":0,"pct":100}}
,"/home/runner/work/alfa/alfa/packages/alfa-equatable/src/index.ts": {"lines":{"total":1,"covered":1,"skipped":0,"pct":100},"functions":{"total":0,"covered":0,"skipped":0,"pct":100},"statements":{"total":1,"covered":1,"skipped":0,"pct":100},"branches":{"total":0,"covered":0,"skipped":0,"pct":100}}
}
