{"total": {"lines":{"total":140,"covered":60,"skipped":0,"pct":42.85},"statements":{"total":140,"covered":60,"skipped":0,"pct":42.85},"functions":{"total":16,"covered":7,"skipped":0,"pct":43.75},"branches":{"total":13,"covered":10,"skipped":0,"pct":76.92},"branchesTrue":{"total":0,"covered":0,"skipped":0,"pct":"Unknown"}}
,"/home/runner/work/alfa/alfa/packages/alfa-web/src/index.ts": {"lines":{"total":3,"covered":0,"skipped":0,"pct":0},"functions":{"total":1,"covered":0,"skipped":0,"pct":0},"statements":{"total":3,"covered":0,"skipped":0,"pct":0},"branches":{"total":1,"covered":0,"skipped":0,"pct":0}}
,"/home/runner/work/alfa/alfa/packages/alfa-web/src/native.ts": {"lines":{"total":14,"covered":0,"skipped":0,"pct":0},"functions":{"total":1,"covered":1,"skipped":0,"pct":100},"statements":{"total":14,"covered":0,"skipped":0,"pct":0},"branches":{"total":1,"covered":1,"skipped":0,"pct":100}}
,"/home/runner/work/alfa/alfa/packages/alfa-web/src/page.ts": {"lines":{"total":95,"covered":60,"skipped":0,"pct":63.15},"functions":{"total":12,"covered":5,"skipped":0,"pct":41.66},"statements":{"total":95,"covered":60,"skipped":0,"pct":63.15},"branches":{"total":9,"covered":8,"skipped":0,"pct":88.88}}
,"/home/runner/work/alfa/alfa/packages/alfa-web/src/resource.ts": {"lines":{"total":10,"covered":0,"skipped":0,"pct":0},"functions":{"total":1,"covered":0,"skipped":0,"pct":0},"statements":{"total":10,"covered":0,"skipped":0,"pct":0},"branches":{"total":1,"covered":0,"skipped":0,"pct":0}}
,"/home/runner/work/alfa/alfa/packages/alfa-web/src/site.ts": {"lines":{"total":18,"covered":0,"skipped":0,"pct":0},"functions":{"total":1,"covered":1,"skipped":0,"pct":100},"statements":{"total":18,"covered":0,"skipped":0,"pct":0},"branches":{"total":1,"covered":1,"skipped":0,"pct":100}}
}
