{"total": {"lines":{"total":106,"covered":76,"skipped":0,"pct":71.69},"statements":{"total":129,"covered":93,"skipped":0,"pct":72.09},"functions":{"total":76,"covered":46,"skipped":0,"pct":60.52},"branches":{"total":43,"covered":15,"skipped":0,"pct":34.88},"branchesTrue":{"total":0,"covered":0,"skipped":0,"pct":100}}
,"/home/runner/work/alfa/alfa/packages/alfa-math/package.json": {"lines":{"total":0,"covered":0,"skipped":0,"pct":0},"functions":{"total":0,"covered":0,"skipped":0,"pct":0},"statements":{"total":0,"covered":0,"skipped":0,"pct":0},"branches":{"total":0,"covered":0,"skipped":0,"pct":0}}
,"/home/runner/work/alfa/alfa/packages/alfa-math/tsconfig.json": {"lines":{"total":0,"covered":0,"skipped":0,"pct":0},"functions":{"total":0,"covered":0,"skipped":0,"pct":0},"statements":{"total":0,"covered":0,"skipped":0,"pct":0},"branches":{"total":0,"covered":0,"skipped":0,"pct":0}}
,"/home/runner/work/alfa/alfa/packages/alfa-math/src/index.ts": {"lines":{"total":0,"covered":0,"skipped":0,"pct":0},"functions":{"total":0,"covered":0,"skipped":0,"pct":0},"statements":{"total":0,"covered":0,"skipped":0,"pct":0},"branches":{"total":0,"covered":0,"skipped":0,"pct":0}}
,"/home/runner/work/alfa/alfa/packages/alfa-math/src/matrix.ts": {"lines":{"total":53,"covered":40,"skipped":0,"pct":75.47},"functions":{"total":45,"covered":28,"skipped":0,"pct":62.22},"statements":{"total":68,"covered":50,"skipped":0,"pct":73.52},"branches":{"total":23,"covered":9,"skipped":0,"pct":39.13}}
,"/home/runner/work/alfa/alfa/packages/alfa-math/src/real.ts": {"lines":{"total":25,"covered":12,"skipped":0,"pct":48},"functions":{"total":10,"covered":2,"skipped":0,"pct":20},"statements":{"total":25,"covered":12,"skipped":0,"pct":48},"branches":{"total":14,"covered":2,"skipped":0,"pct":14.28}}
,"/home/runner/work/alfa/alfa/packages/alfa-math/src/tsconfig.json": {"lines":{"total":0,"covered":0,"skipped":0,"pct":0},"functions":{"total":0,"covered":0,"skipped":0,"pct":0},"statements":{"total":0,"covered":0,"skipped":0,"pct":0},"branches":{"total":0,"covered":0,"skipped":0,"pct":0}}
,"/home/runner/work/alfa/alfa/packages/alfa-math/src/vector.ts": {"lines":{"total":28,"covered":24,"skipped":0,"pct":85.71},"functions":{"total":21,"covered":16,"skipped":0,"pct":76.19},"statements":{"total":36,"covered":31,"skipped":0,"pct":86.11},"branches":{"total":6,"covered":4,"skipped":0,"pct":66.66}}
,"/home/runner/work/alfa/alfa/packages/alfa-math/test/tsconfig.json": {"lines":{"total":0,"covered":0,"skipped":0,"pct":0},"functions":{"total":0,"covered":0,"skipped":0,"pct":0},"statements":{"total":0,"covered":0,"skipped":0,"pct":0},"branches":{"total":0,"covered":0,"skipped":0,"pct":0}}
}
