{"total": {"lines":{"total":104,"covered":72,"skipped":0,"pct":69.23},"statements":{"total":126,"covered":88,"skipped":0,"pct":69.84},"functions":{"total":75,"covered":43,"skipped":0,"pct":57.33},"branches":{"total":39,"covered":11,"skipped":0,"pct":28.2},"branchesTrue":{"total":0,"covered":0,"skipped":0,"pct":100}}
,"/home/runner/work/alfa/alfa/packages/alfa-math/package.json": {"lines":{"total":0,"covered":0,"skipped":0,"pct":0},"functions":{"total":0,"covered":0,"skipped":0,"pct":0},"statements":{"total":0,"covered":0,"skipped":0,"pct":0},"branches":{"total":0,"covered":0,"skipped":0,"pct":0}}
,"/home/runner/work/alfa/alfa/packages/alfa-math/tsconfig.json": {"lines":{"total":0,"covered":0,"skipped":0,"pct":0},"functions":{"total":0,"covered":0,"skipped":0,"pct":0},"statements":{"total":0,"covered":0,"skipped":0,"pct":0},"branches":{"total":0,"covered":0,"skipped":0,"pct":0}}
,"/home/runner/work/alfa/alfa/packages/alfa-math/src/index.ts": {"lines":{"total":0,"covered":0,"skipped":0,"pct":0},"functions":{"total":0,"covered":0,"skipped":0,"pct":0},"statements":{"total":0,"covered":0,"skipped":0,"pct":0},"branches":{"total":0,"covered":0,"skipped":0,"pct":0}}
,"/home/runner/work/alfa/alfa/packages/alfa-math/src/matrix.ts": {"lines":{"total":51,"covered":38,"skipped":0,"pct":74.5},"functions":{"total":44,"covered":28,"skipped":0,"pct":63.63},"statements":{"total":65,"covered":48,"skipped":0,"pct":73.84},"branches":{"total":19,"covered":7,"skipped":0,"pct":36.84}}
,"/home/runner/work/alfa/alfa/packages/alfa-math/src/real.ts": {"lines":{"total":25,"covered":11,"skipped":0,"pct":44},"functions":{"total":10,"covered":1,"skipped":0,"pct":10},"statements":{"total":25,"covered":11,"skipped":0,"pct":44},"branches":{"total":14,"covered":2,"skipped":0,"pct":14.28}}
,"/home/runner/work/alfa/alfa/packages/alfa-math/src/tsconfig.json": {"lines":{"total":0,"covered":0,"skipped":0,"pct":0},"functions":{"total":0,"covered":0,"skipped":0,"pct":0},"statements":{"total":0,"covered":0,"skipped":0,"pct":0},"branches":{"total":0,"covered":0,"skipped":0,"pct":0}}
,"/home/runner/work/alfa/alfa/packages/alfa-math/src/vector.ts": {"lines":{"total":28,"covered":23,"skipped":0,"pct":82.14},"functions":{"total":21,"covered":14,"skipped":0,"pct":66.66},"statements":{"total":36,"covered":29,"skipped":0,"pct":80.55},"branches":{"total":6,"covered":2,"skipped":0,"pct":33.33}}
,"/home/runner/work/alfa/alfa/packages/alfa-math/test/tsconfig.json": {"lines":{"total":0,"covered":0,"skipped":0,"pct":0},"functions":{"total":0,"covered":0,"skipped":0,"pct":0},"statements":{"total":0,"covered":0,"skipped":0,"pct":0},"branches":{"total":0,"covered":0,"skipped":0,"pct":0}}
}
