{"total": {"lines":{"total":291,"covered":279,"skipped":0,"pct":95.87},"statements":{"total":291,"covered":279,"skipped":0,"pct":95.87},"functions":{"total":33,"covered":30,"skipped":0,"pct":90.9},"branches":{"total":94,"covered":90,"skipped":0,"pct":95.74},"branchesTrue":{"total":0,"covered":0,"skipped":0,"pct":"Unknown"}}
,"/home/runner/work/alfa/alfa/packages/alfa-rectangle/src/index.ts": {"lines":{"total":1,"covered":1,"skipped":0,"pct":100},"functions":{"total":0,"covered":0,"skipped":0,"pct":100},"statements":{"total":1,"covered":1,"skipped":0,"pct":100},"branches":{"total":0,"covered":0,"skipped":0,"pct":100}}
,"/home/runner/work/alfa/alfa/packages/alfa-rectangle/src/rectangle.ts": {"lines":{"total":290,"covered":278,"skipped":0,"pct":95.86},"functions":{"total":33,"covered":30,"skipped":0,"pct":90.9},"statements":{"total":290,"covered":278,"skipped":0,"pct":95.86},"branches":{"total":94,"covered":90,"skipped":0,"pct":95.74}}
}
