{"total": {"lines":{"total":9154,"covered":7084,"skipped":0,"pct":77.38},"statements":{"total":9154,"covered":7084,"skipped":0,"pct":77.38},"functions":{"total":1074,"covered":565,"skipped":0,"pct":52.6},"branches":{"total":1541,"covered":1388,"skipped":0,"pct":90.07},"branchesTrue":{"total":0,"covered":0,"skipped":0,"pct":100}}
,"/mnt/c/Projects/a11y/alfa/packages/alfa-css/src/index.ts": {"lines":{"total":4,"covered":4,"skipped":0,"pct":100},"functions":{"total":0,"covered":0,"skipped":0,"pct":100},"statements":{"total":4,"covered":4,"skipped":0,"pct":100},"branches":{"total":0,"covered":0,"skipped":0,"pct":100}}
,"/mnt/c/Projects/a11y/alfa/packages/alfa-css/src/calculation/index.ts": {"lines":{"total":1,"covered":1,"skipped":0,"pct":100},"functions":{"total":0,"covered":0,"skipped":0,"pct":100},"statements":{"total":1,"covered":1,"skipped":0,"pct":100},"branches":{"total":0,"covered":0,"skipped":0,"pct":100}}
,"/mnt/c/Projects/a11y/alfa/packages/alfa-css/src/calculation/math-expression/expression.ts": {"lines":{"total":32,"covered":24,"skipped":0,"pct":75},"functions":{"total":8,"covered":4,"skipped":0,"pct":50},"statements":{"total":32,"covered":24,"skipped":0,"pct":75},"branches":{"total":4,"covered":4,"skipped":0,"pct":100}}
,"/mnt/c/Projects/a11y/alfa/packages/alfa-css/src/calculation/math-expression/function.ts": {"lines":{"total":132,"covered":117,"skipped":0,"pct":88.63},"functions":{"total":13,"covered":9,"skipped":0,"pct":69.23},"statements":{"total":132,"covered":117,"skipped":0,"pct":88.63},"branches":{"total":32,"covered":31,"skipped":0,"pct":96.87}}
,"/mnt/c/Projects/a11y/alfa/packages/alfa-css/src/calculation/math-expression/index.ts": {"lines":{"total":2,"covered":2,"skipped":0,"pct":100},"functions":{"total":0,"covered":0,"skipped":0,"pct":100},"statements":{"total":2,"covered":2,"skipped":0,"pct":100},"branches":{"total":0,"covered":0,"skipped":0,"pct":100}}
,"/mnt/c/Projects/a11y/alfa/packages/alfa-css/src/calculation/math-expression/kind.ts": {"lines":{"total":148,"covered":120,"skipped":0,"pct":81.08},"functions":{"total":11,"covered":7,"skipped":0,"pct":63.63},"statements":{"total":148,"covered":120,"skipped":0,"pct":81.08},"branches":{"total":42,"covered":35,"skipped":0,"pct":83.33}}
,"/mnt/c/Projects/a11y/alfa/packages/alfa-css/src/calculation/math-expression/math.ts": {"lines":{"total":249,"covered":234,"skipped":0,"pct":93.97},"functions":{"total":21,"covered":16,"skipped":0,"pct":76.19},"statements":{"total":249,"covered":234,"skipped":0,"pct":93.97},"branches":{"total":55,"covered":53,"skipped":0,"pct":96.36}}
,"/mnt/c/Projects/a11y/alfa/packages/alfa-css/src/calculation/math-expression/operation.ts": {"lines":{"total":221,"covered":190,"skipped":0,"pct":85.97},"functions":{"total":26,"covered":21,"skipped":0,"pct":80.76},"statements":{"total":221,"covered":190,"skipped":0,"pct":85.97},"branches":{"total":68,"covered":61,"skipped":0,"pct":89.7}}
,"/mnt/c/Projects/a11y/alfa/packages/alfa-css/src/calculation/math-expression/value.ts": {"lines":{"total":131,"covered":127,"skipped":0,"pct":96.94},"functions":{"total":16,"covered":15,"skipped":0,"pct":93.75},"statements":{"total":131,"covered":127,"skipped":0,"pct":96.94},"branches":{"total":51,"covered":49,"skipped":0,"pct":96.07}}
,"/mnt/c/Projects/a11y/alfa/packages/alfa-css/src/calculation/numeric/angle.ts": {"lines":{"total":53,"covered":44,"skipped":0,"pct":83.01},"functions":{"total":10,"covered":8,"skipped":0,"pct":80},"statements":{"total":53,"covered":44,"skipped":0,"pct":83.01},"branches":{"total":15,"covered":14,"skipped":0,"pct":93.33}}
,"/mnt/c/Projects/a11y/alfa/packages/alfa-css/src/calculation/numeric/dimension.ts": {"lines":{"total":32,"covered":23,"skipped":0,"pct":71.87},"functions":{"total":6,"covered":4,"skipped":0,"pct":66.66},"statements":{"total":32,"covered":23,"skipped":0,"pct":71.87},"branches":{"total":6,"covered":5,"skipped":0,"pct":83.33}}
,"/mnt/c/Projects/a11y/alfa/packages/alfa-css/src/calculation/numeric/index.ts": {"lines":{"total":7,"covered":7,"skipped":0,"pct":100},"functions":{"total":0,"covered":0,"skipped":0,"pct":100},"statements":{"total":7,"covered":7,"skipped":0,"pct":100},"branches":{"total":0,"covered":0,"skipped":0,"pct":100}}
,"/mnt/c/Projects/a11y/alfa/packages/alfa-css/src/calculation/numeric/integer.ts": {"lines":{"total":37,"covered":23,"skipped":0,"pct":62.16},"functions":{"total":7,"covered":1,"skipped":0,"pct":14.28},"statements":{"total":37,"covered":23,"skipped":0,"pct":62.16},"branches":{"total":3,"covered":2,"skipped":0,"pct":66.66}}
,"/mnt/c/Projects/a11y/alfa/packages/alfa-css/src/calculation/numeric/length.ts": {"lines":{"total":66,"covered":55,"skipped":0,"pct":83.33},"functions":{"total":11,"covered":9,"skipped":0,"pct":81.81},"statements":{"total":66,"covered":55,"skipped":0,"pct":83.33},"branches":{"total":20,"covered":18,"skipped":0,"pct":90}}
,"/mnt/c/Projects/a11y/alfa/packages/alfa-css/src/calculation/numeric/number.ts": {"lines":{"total":36,"covered":34,"skipped":0,"pct":94.44},"functions":{"total":6,"covered":5,"skipped":0,"pct":83.33},"statements":{"total":36,"covered":34,"skipped":0,"pct":94.44},"branches":{"total":9,"covered":8,"skipped":0,"pct":88.88}}
,"/mnt/c/Projects/a11y/alfa/packages/alfa-css/src/calculation/numeric/numeric.ts": {"lines":{"total":38,"covered":30,"skipped":0,"pct":78.94},"functions":{"total":8,"covered":4,"skipped":0,"pct":50},"statements":{"total":38,"covered":30,"skipped":0,"pct":78.94},"branches":{"total":6,"covered":5,"skipped":0,"pct":83.33}}
,"/mnt/c/Projects/a11y/alfa/packages/alfa-css/src/calculation/numeric/percentage.ts": {"lines":{"total":34,"covered":30,"skipped":0,"pct":88.23},"functions":{"total":7,"covered":5,"skipped":0,"pct":71.42},"statements":{"total":34,"covered":30,"skipped":0,"pct":88.23},"branches":{"total":8,"covered":7,"skipped":0,"pct":87.5}}
,"/mnt/c/Projects/a11y/alfa/packages/alfa-css/src/syntax/block.ts": {"lines":{"total":89,"covered":72,"skipped":0,"pct":80.89},"functions":{"total":8,"covered":4,"skipped":0,"pct":50},"statements":{"total":89,"covered":72,"skipped":0,"pct":80.89},"branches":{"total":11,"covered":10,"skipped":0,"pct":90.9}}
,"/mnt/c/Projects/a11y/alfa/packages/alfa-css/src/syntax/comma.ts": {"lines":{"total":11,"covered":11,"skipped":0,"pct":100},"functions":{"total":0,"covered":0,"skipped":0,"pct":100},"statements":{"total":11,"covered":11,"skipped":0,"pct":100},"branches":{"total":1,"covered":1,"skipped":0,"pct":100}}
,"/mnt/c/Projects/a11y/alfa/packages/alfa-css/src/syntax/component.ts": {"lines":{"total":55,"covered":45,"skipped":0,"pct":81.81},"functions":{"total":7,"covered":4,"skipped":0,"pct":57.14},"statements":{"total":55,"covered":45,"skipped":0,"pct":81.81},"branches":{"total":12,"covered":11,"skipped":0,"pct":91.66}}
,"/mnt/c/Projects/a11y/alfa/packages/alfa-css/src/syntax/declaration.ts": {"lines":{"total":153,"covered":87,"skipped":0,"pct":56.86},"functions":{"total":10,"covered":3,"skipped":0,"pct":30},"statements":{"total":153,"covered":87,"skipped":0,"pct":56.86},"branches":{"total":17,"covered":16,"skipped":0,"pct":94.11}}
,"/mnt/c/Projects/a11y/alfa/packages/alfa-css/src/syntax/function.ts": {"lines":{"total":129,"covered":116,"skipped":0,"pct":89.92},"functions":{"total":9,"covered":7,"skipped":0,"pct":77.77},"statements":{"total":129,"covered":116,"skipped":0,"pct":89.92},"branches":{"total":23,"covered":20,"skipped":0,"pct":86.95}}
,"/mnt/c/Projects/a11y/alfa/packages/alfa-css/src/syntax/index.ts": {"lines":{"total":9,"covered":9,"skipped":0,"pct":100},"functions":{"total":0,"covered":0,"skipped":0,"pct":100},"statements":{"total":9,"covered":9,"skipped":0,"pct":100},"branches":{"total":0,"covered":0,"skipped":0,"pct":100}}
,"/mnt/c/Projects/a11y/alfa/packages/alfa-css/src/syntax/lexer.ts": {"lines":{"total":493,"covered":431,"skipped":0,"pct":87.42},"functions":{"total":28,"covered":27,"skipped":0,"pct":96.42},"statements":{"total":493,"covered":431,"skipped":0,"pct":87.42},"branches":{"total":197,"covered":171,"skipped":0,"pct":86.8}}
,"/mnt/c/Projects/a11y/alfa/packages/alfa-css/src/syntax/nth.ts": {"lines":{"total":190,"covered":152,"skipped":0,"pct":80},"functions":{"total":10,"covered":3,"skipped":0,"pct":30},"statements":{"total":190,"covered":152,"skipped":0,"pct":80},"branches":{"total":35,"covered":34,"skipped":0,"pct":97.14}}
,"/mnt/c/Projects/a11y/alfa/packages/alfa-css/src/syntax/parser.ts": {"lines":{"total":0,"covered":0,"skipped":0,"pct":0},"functions":{"total":0,"covered":0,"skipped":0,"pct":0},"statements":{"total":0,"covered":0,"skipped":0,"pct":0},"branches":{"total":0,"covered":0,"skipped":0,"pct":0}}
,"/mnt/c/Projects/a11y/alfa/packages/alfa-css/src/syntax/token.ts": {"lines":{"total":866,"covered":675,"skipped":0,"pct":77.94},"functions":{"total":206,"covered":122,"skipped":0,"pct":59.22},"statements":{"total":866,"covered":675,"skipped":0,"pct":77.94},"branches":{"total":179,"covered":155,"skipped":0,"pct":86.59}}
,"/mnt/c/Projects/a11y/alfa/packages/alfa-css/src/unit/converter.ts": {"lines":{"total":50,"covered":50,"skipped":0,"pct":100},"functions":{"total":2,"covered":2,"skipped":0,"pct":100},"statements":{"total":50,"covered":50,"skipped":0,"pct":100},"branches":{"total":5,"covered":5,"skipped":0,"pct":100}}
,"/mnt/c/Projects/a11y/alfa/packages/alfa-css/src/unit/index.ts": {"lines":{"total":2,"covered":2,"skipped":0,"pct":100},"functions":{"total":0,"covered":0,"skipped":0,"pct":100},"statements":{"total":2,"covered":2,"skipped":0,"pct":100},"branches":{"total":0,"covered":0,"skipped":0,"pct":100}}
,"/mnt/c/Projects/a11y/alfa/packages/alfa-css/src/unit/unit.ts": {"lines":{"total":118,"covered":88,"skipped":0,"pct":74.57},"functions":{"total":14,"covered":8,"skipped":0,"pct":57.14},"statements":{"total":118,"covered":88,"skipped":0,"pct":74.57},"branches":{"total":38,"covered":36,"skipped":0,"pct":94.73}}
,"/mnt/c/Projects/a11y/alfa/packages/alfa-css/src/value/box.ts": {"lines":{"total":33,"covered":33,"skipped":0,"pct":100},"functions":{"total":0,"covered":0,"skipped":0,"pct":100},"statements":{"total":33,"covered":33,"skipped":0,"pct":100},"branches":{"total":1,"covered":1,"skipped":0,"pct":100}}
,"/mnt/c/Projects/a11y/alfa/packages/alfa-css/src/value/contain.ts": {"lines":{"total":109,"covered":0,"skipped":0,"pct":0},"functions":{"total":1,"covered":1,"skipped":0,"pct":100},"statements":{"total":109,"covered":0,"skipped":0,"pct":0},"branches":{"total":1,"covered":1,"skipped":0,"pct":100}}
,"/mnt/c/Projects/a11y/alfa/packages/alfa-css/src/value/index.ts": {"lines":{"total":13,"covered":13,"skipped":0,"pct":100},"functions":{"total":0,"covered":0,"skipped":0,"pct":100},"statements":{"total":13,"covered":13,"skipped":0,"pct":100},"branches":{"total":0,"covered":0,"skipped":0,"pct":100}}
,"/mnt/c/Projects/a11y/alfa/packages/alfa-css/src/value/keyword.ts": {"lines":{"total":42,"covered":0,"skipped":0,"pct":0},"functions":{"total":1,"covered":1,"skipped":0,"pct":100},"statements":{"total":42,"covered":0,"skipped":0,"pct":0},"branches":{"total":1,"covered":1,"skipped":0,"pct":100}}
,"/mnt/c/Projects/a11y/alfa/packages/alfa-css/src/value/resolvable.ts": {"lines":{"total":0,"covered":0,"skipped":0,"pct":0},"functions":{"total":0,"covered":0,"skipped":0,"pct":0},"statements":{"total":0,"covered":0,"skipped":0,"pct":0},"branches":{"total":0,"covered":0,"skipped":0,"pct":0}}
,"/mnt/c/Projects/a11y/alfa/packages/alfa-css/src/value/shadow.ts": {"lines":{"total":186,"covered":152,"skipped":0,"pct":81.72},"functions":{"total":17,"covered":8,"skipped":0,"pct":47.05},"statements":{"total":186,"covered":152,"skipped":0,"pct":81.72},"branches":{"total":38,"covered":37,"skipped":0,"pct":97.36}}
,"/mnt/c/Projects/a11y/alfa/packages/alfa-css/src/value/string.ts": {"lines":{"total":32,"covered":0,"skipped":0,"pct":0},"functions":{"total":1,"covered":1,"skipped":0,"pct":100},"statements":{"total":32,"covered":0,"skipped":0,"pct":0},"branches":{"total":1,"covered":1,"skipped":0,"pct":100}}
,"/mnt/c/Projects/a11y/alfa/packages/alfa-css/src/value/value.ts": {"lines":{"total":35,"covered":27,"skipped":0,"pct":77.14},"functions":{"total":7,"covered":5,"skipped":0,"pct":71.42},"statements":{"total":35,"covered":27,"skipped":0,"pct":77.14},"branches":{"total":8,"covered":7,"skipped":0,"pct":87.5}}
,"/mnt/c/Projects/a11y/alfa/packages/alfa-css/src/value/collection/index.ts": {"lines":{"total":2,"covered":2,"skipped":0,"pct":100},"functions":{"total":0,"covered":0,"skipped":0,"pct":100},"statements":{"total":2,"covered":2,"skipped":0,"pct":100},"branches":{"total":0,"covered":0,"skipped":0,"pct":100}}
,"/mnt/c/Projects/a11y/alfa/packages/alfa-css/src/value/collection/list.ts": {"lines":{"total":117,"covered":92,"skipped":0,"pct":78.63},"functions":{"total":17,"covered":11,"skipped":0,"pct":64.7},"statements":{"total":117,"covered":92,"skipped":0,"pct":78.63},"branches":{"total":21,"covered":20,"skipped":0,"pct":95.23}}
,"/mnt/c/Projects/a11y/alfa/packages/alfa-css/src/value/collection/tuple.ts": {"lines":{"total":59,"covered":34,"skipped":0,"pct":57.62},"functions":{"total":10,"covered":4,"skipped":0,"pct":40},"statements":{"total":59,"covered":34,"skipped":0,"pct":57.62},"branches":{"total":8,"covered":7,"skipped":0,"pct":87.5}}
,"/mnt/c/Projects/a11y/alfa/packages/alfa-css/src/value/color/color.ts": {"lines":{"total":50,"covered":30,"skipped":0,"pct":60},"functions":{"total":6,"covered":1,"skipped":0,"pct":16.66},"statements":{"total":50,"covered":30,"skipped":0,"pct":60},"branches":{"total":2,"covered":2,"skipped":0,"pct":100}}
,"/mnt/c/Projects/a11y/alfa/packages/alfa-css/src/value/color/current.ts": {"lines":{"total":7,"covered":7,"skipped":0,"pct":100},"functions":{"total":0,"covered":0,"skipped":0,"pct":100},"statements":{"total":7,"covered":7,"skipped":0,"pct":100},"branches":{"total":1,"covered":1,"skipped":0,"pct":100}}
,"/mnt/c/Projects/a11y/alfa/packages/alfa-css/src/value/color/format.ts": {"lines":{"total":40,"covered":40,"skipped":0,"pct":100},"functions":{"total":4,"covered":4,"skipped":0,"pct":100},"statements":{"total":40,"covered":40,"skipped":0,"pct":100},"branches":{"total":8,"covered":7,"skipped":0,"pct":87.5}}
,"/mnt/c/Projects/a11y/alfa/packages/alfa-css/src/value/color/hex.ts": {"lines":{"total":92,"covered":81,"skipped":0,"pct":88.04},"functions":{"total":13,"covered":8,"skipped":0,"pct":61.53},"statements":{"total":92,"covered":81,"skipped":0,"pct":88.04},"branches":{"total":21,"covered":19,"skipped":0,"pct":90.47}}
,"/mnt/c/Projects/a11y/alfa/packages/alfa-css/src/value/color/hsl.ts": {"lines":{"total":209,"covered":180,"skipped":0,"pct":86.12},"functions":{"total":19,"covered":12,"skipped":0,"pct":63.15},"statements":{"total":209,"covered":180,"skipped":0,"pct":86.12},"branches":{"total":34,"covered":32,"skipped":0,"pct":94.11}}
,"/mnt/c/Projects/a11y/alfa/packages/alfa-css/src/value/color/index.ts": {"lines":{"total":7,"covered":7,"skipped":0,"pct":100},"functions":{"total":0,"covered":0,"skipped":0,"pct":100},"statements":{"total":7,"covered":7,"skipped":0,"pct":100},"branches":{"total":0,"covered":0,"skipped":0,"pct":100}}
,"/mnt/c/Projects/a11y/alfa/packages/alfa-css/src/value/color/named.ts": {"lines":{"total":218,"covered":210,"skipped":0,"pct":96.33},"functions":{"total":13,"covered":9,"skipped":0,"pct":69.23},"statements":{"total":218,"covered":210,"skipped":0,"pct":96.33},"branches":{"total":14,"covered":12,"skipped":0,"pct":85.71}}
,"/mnt/c/Projects/a11y/alfa/packages/alfa-css/src/value/color/rgb.ts": {"lines":{"total":166,"covered":137,"skipped":0,"pct":82.53},"functions":{"total":16,"covered":8,"skipped":0,"pct":50},"statements":{"total":166,"covered":137,"skipped":0,"pct":82.53},"branches":{"total":20,"covered":19,"skipped":0,"pct":95}}
,"/mnt/c/Projects/a11y/alfa/packages/alfa-css/src/value/color/system.ts": {"lines":{"total":20,"covered":20,"skipped":0,"pct":100},"functions":{"total":0,"covered":0,"skipped":0,"pct":100},"statements":{"total":20,"covered":20,"skipped":0,"pct":100},"branches":{"total":1,"covered":1,"skipped":0,"pct":100}}
,"/mnt/c/Projects/a11y/alfa/packages/alfa-css/src/value/flags/contain.ts": {"lines":{"total":86,"covered":75,"skipped":0,"pct":87.2},"functions":{"total":1,"covered":0,"skipped":0,"pct":0},"statements":{"total":86,"covered":75,"skipped":0,"pct":87.2},"branches":{"total":2,"covered":1,"skipped":0,"pct":50}}
,"/mnt/c/Projects/a11y/alfa/packages/alfa-css/src/value/flags/index.ts": {"lines":{"total":2,"covered":2,"skipped":0,"pct":100},"functions":{"total":0,"covered":0,"skipped":0,"pct":100},"statements":{"total":2,"covered":2,"skipped":0,"pct":100},"branches":{"total":0,"covered":0,"skipped":0,"pct":100}}
,"/mnt/c/Projects/a11y/alfa/packages/alfa-css/src/value/flags/trim.ts": {"lines":{"total":77,"covered":69,"skipped":0,"pct":89.61},"functions":{"total":1,"covered":0,"skipped":0,"pct":0},"statements":{"total":77,"covered":69,"skipped":0,"pct":89.61},"branches":{"total":2,"covered":1,"skipped":0,"pct":50}}
,"/mnt/c/Projects/a11y/alfa/packages/alfa-css/src/value/image/image.ts": {"lines":{"total":59,"covered":38,"skipped":0,"pct":64.4},"functions":{"total":10,"covered":3,"skipped":0,"pct":30},"statements":{"total":59,"covered":38,"skipped":0,"pct":64.4},"branches":{"total":5,"covered":4,"skipped":0,"pct":80}}
,"/mnt/c/Projects/a11y/alfa/packages/alfa-css/src/value/image/index.ts": {"lines":{"total":2,"covered":2,"skipped":0,"pct":100},"functions":{"total":0,"covered":0,"skipped":0,"pct":100},"statements":{"total":2,"covered":2,"skipped":0,"pct":100},"branches":{"total":0,"covered":0,"skipped":0,"pct":100}}
,"/mnt/c/Projects/a11y/alfa/packages/alfa-css/src/value/image/url.ts": {"lines":{"total":32,"covered":0,"skipped":0,"pct":0},"functions":{"total":1,"covered":1,"skipped":0,"pct":100},"statements":{"total":32,"covered":0,"skipped":0,"pct":0},"branches":{"total":1,"covered":1,"skipped":0,"pct":100}}
,"/mnt/c/Projects/a11y/alfa/packages/alfa-css/src/value/image/gradient/gradient.ts": {"lines":{"total":14,"covered":14,"skipped":0,"pct":100},"functions":{"total":0,"covered":0,"skipped":0,"pct":100},"statements":{"total":14,"covered":14,"skipped":0,"pct":100},"branches":{"total":1,"covered":1,"skipped":0,"pct":100}}
,"/mnt/c/Projects/a11y/alfa/packages/alfa-css/src/value/image/gradient/index.ts": {"lines":{"total":1,"covered":1,"skipped":0,"pct":100},"functions":{"total":0,"covered":0,"skipped":0,"pct":100},"statements":{"total":1,"covered":1,"skipped":0,"pct":100},"branches":{"total":0,"covered":0,"skipped":0,"pct":100}}
,"/mnt/c/Projects/a11y/alfa/packages/alfa-css/src/value/image/gradient/item/hint.ts": {"lines":{"total":46,"covered":31,"skipped":0,"pct":67.39},"functions":{"total":9,"covered":3,"skipped":0,"pct":33.33},"statements":{"total":46,"covered":31,"skipped":0,"pct":67.39},"branches":{"total":5,"covered":4,"skipped":0,"pct":80}}
,"/mnt/c/Projects/a11y/alfa/packages/alfa-css/src/value/image/gradient/item/index.ts": {"lines":{"total":1,"covered":1,"skipped":0,"pct":100},"functions":{"total":0,"covered":0,"skipped":0,"pct":100},"statements":{"total":1,"covered":1,"skipped":0,"pct":100},"branches":{"total":0,"covered":0,"skipped":0,"pct":100}}
,"/mnt/c/Projects/a11y/alfa/packages/alfa-css/src/value/image/gradient/item/item.ts": {"lines":{"total":23,"covered":21,"skipped":0,"pct":91.3},"functions":{"total":1,"covered":0,"skipped":0,"pct":0},"statements":{"total":23,"covered":21,"skipped":0,"pct":91.3},"branches":{"total":3,"covered":3,"skipped":0,"pct":100}}
,"/mnt/c/Projects/a11y/alfa/packages/alfa-css/src/value/image/gradient/item/stop.ts": {"lines":{"total":92,"covered":63,"skipped":0,"pct":68.47},"functions":{"total":11,"covered":3,"skipped":0,"pct":27.27},"statements":{"total":92,"covered":63,"skipped":0,"pct":68.47},"branches":{"total":9,"covered":8,"skipped":0,"pct":88.88}}
,"/mnt/c/Projects/a11y/alfa/packages/alfa-css/src/value/image/gradient/linear/corner.ts": {"lines":{"total":76,"covered":60,"skipped":0,"pct":78.94},"functions":{"total":10,"covered":4,"skipped":0,"pct":40},"statements":{"total":76,"covered":60,"skipped":0,"pct":78.94},"branches":{"total":7,"covered":6,"skipped":0,"pct":85.71}}
,"/mnt/c/Projects/a11y/alfa/packages/alfa-css/src/value/image/gradient/linear/direction.ts": {"lines":{"total":16,"covered":16,"skipped":0,"pct":100},"functions":{"total":0,"covered":0,"skipped":0,"pct":100},"statements":{"total":16,"covered":16,"skipped":0,"pct":100},"branches":{"total":1,"covered":1,"skipped":0,"pct":100}}
,"/mnt/c/Projects/a11y/alfa/packages/alfa-css/src/value/image/gradient/linear/index.ts": {"lines":{"total":1,"covered":1,"skipped":0,"pct":100},"functions":{"total":0,"covered":0,"skipped":0,"pct":100},"statements":{"total":1,"covered":1,"skipped":0,"pct":100},"branches":{"total":0,"covered":0,"skipped":0,"pct":100}}
,"/mnt/c/Projects/a11y/alfa/packages/alfa-css/src/value/image/gradient/linear/linear.ts": {"lines":{"total":106,"covered":64,"skipped":0,"pct":60.37},"functions":{"total":13,"covered":3,"skipped":0,"pct":23.07},"statements":{"total":106,"covered":64,"skipped":0,"pct":60.37},"branches":{"total":10,"covered":9,"skipped":0,"pct":90}}
,"/mnt/c/Projects/a11y/alfa/packages/alfa-css/src/value/image/gradient/linear/position.ts": {"lines":{"total":19,"covered":19,"skipped":0,"pct":100},"functions":{"total":0,"covered":0,"skipped":0,"pct":100},"statements":{"total":19,"covered":19,"skipped":0,"pct":100},"branches":{"total":7,"covered":6,"skipped":0,"pct":85.71}}
,"/mnt/c/Projects/a11y/alfa/packages/alfa-css/src/value/image/gradient/linear/side.ts": {"lines":{"total":45,"covered":35,"skipped":0,"pct":77.77},"functions":{"total":8,"covered":3,"skipped":0,"pct":37.5},"statements":{"total":45,"covered":35,"skipped":0,"pct":77.77},"branches":{"total":6,"covered":5,"skipped":0,"pct":83.33}}
,"/mnt/c/Projects/a11y/alfa/packages/alfa-css/src/value/image/gradient/radial/circle.ts": {"lines":{"total":69,"covered":59,"skipped":0,"pct":85.5},"functions":{"total":9,"covered":4,"skipped":0,"pct":44.44},"statements":{"total":69,"covered":59,"skipped":0,"pct":85.5},"branches":{"total":15,"covered":14,"skipped":0,"pct":93.33}}
,"/mnt/c/Projects/a11y/alfa/packages/alfa-css/src/value/image/gradient/radial/ellipse.ts": {"lines":{"total":102,"covered":75,"skipped":0,"pct":73.52},"functions":{"total":12,"covered":4,"skipped":0,"pct":33.33},"statements":{"total":102,"covered":75,"skipped":0,"pct":73.52},"branches":{"total":20,"covered":19,"skipped":0,"pct":95}}
,"/mnt/c/Projects/a11y/alfa/packages/alfa-css/src/value/image/gradient/radial/extent.ts": {"lines":{"total":103,"covered":87,"skipped":0,"pct":84.46},"functions":{"total":10,"covered":4,"skipped":0,"pct":40},"statements":{"total":103,"covered":87,"skipped":0,"pct":84.46},"branches":{"total":20,"covered":19,"skipped":0,"pct":95}}
,"/mnt/c/Projects/a11y/alfa/packages/alfa-css/src/value/image/gradient/radial/index.ts": {"lines":{"total":1,"covered":1,"skipped":0,"pct":100},"functions":{"total":0,"covered":0,"skipped":0,"pct":100},"statements":{"total":1,"covered":1,"skipped":0,"pct":100},"branches":{"total":0,"covered":0,"skipped":0,"pct":100}}
,"/mnt/c/Projects/a11y/alfa/packages/alfa-css/src/value/image/gradient/radial/radial.ts": {"lines":{"total":158,"covered":109,"skipped":0,"pct":68.98},"functions":{"total":14,"covered":3,"skipped":0,"pct":21.42},"statements":{"total":158,"covered":109,"skipped":0,"pct":68.98},"branches":{"total":14,"covered":13,"skipped":0,"pct":92.85}}
,"/mnt/c/Projects/a11y/alfa/packages/alfa-css/src/value/image/gradient/radial/shape.ts": {"lines":{"total":22,"covered":15,"skipped":0,"pct":68.18},"functions":{"total":1,"covered":0,"skipped":0,"pct":0},"statements":{"total":22,"covered":15,"skipped":0,"pct":68.18},"branches":{"total":1,"covered":1,"skipped":0,"pct":100}}
,"/mnt/c/Projects/a11y/alfa/packages/alfa-css/src/value/numeric/angle-percentage.ts": {"lines":{"total":110,"covered":75,"skipped":0,"pct":68.18},"functions":{"total":12,"covered":6,"skipped":0,"pct":50},"statements":{"total":110,"covered":75,"skipped":0,"pct":68.18},"branches":{"total":14,"covered":9,"skipped":0,"pct":64.28}}
,"/mnt/c/Projects/a11y/alfa/packages/alfa-css/src/value/numeric/angle.ts": {"lines":{"total":102,"covered":94,"skipped":0,"pct":92.15},"functions":{"total":18,"covered":14,"skipped":0,"pct":77.77},"statements":{"total":102,"covered":94,"skipped":0,"pct":92.15},"branches":{"total":25,"covered":25,"skipped":0,"pct":100}}
,"/mnt/c/Projects/a11y/alfa/packages/alfa-css/src/value/numeric/dimension.ts": {"lines":{"total":72,"covered":49,"skipped":0,"pct":68.05},"functions":{"total":15,"covered":6,"skipped":0,"pct":40},"statements":{"total":72,"covered":49,"skipped":0,"pct":68.05},"branches":{"total":8,"covered":7,"skipped":0,"pct":87.5}}
,"/mnt/c/Projects/a11y/alfa/packages/alfa-css/src/value/numeric/index.ts": {"lines":{"total":9,"covered":9,"skipped":0,"pct":100},"functions":{"total":0,"covered":0,"skipped":0,"pct":100},"statements":{"total":9,"covered":9,"skipped":0,"pct":100},"branches":{"total":0,"covered":0,"skipped":0,"pct":100}}
,"/mnt/c/Projects/a11y/alfa/packages/alfa-css/src/value/numeric/integer.ts": {"lines":{"total":100,"covered":47,"skipped":0,"pct":47},"functions":{"total":19,"covered":0,"skipped":0,"pct":0},"statements":{"total":100,"covered":47,"skipped":0,"pct":47},"branches":{"total":1,"covered":1,"skipped":0,"pct":100}}
,"/mnt/c/Projects/a11y/alfa/packages/alfa-css/src/value/numeric/length-percentage.ts": {"lines":{"total":120,"covered":91,"skipped":0,"pct":75.83},"functions":{"total":13,"covered":8,"skipped":0,"pct":61.53},"statements":{"total":120,"covered":91,"skipped":0,"pct":75.83},"branches":{"total":21,"covered":16,"skipped":0,"pct":76.19}}
,"/mnt/c/Projects/a11y/alfa/packages/alfa-css/src/value/numeric/length.ts": {"lines":{"total":164,"covered":142,"skipped":0,"pct":86.58},"functions":{"total":25,"covered":18,"skipped":0,"pct":72},"statements":{"total":164,"covered":142,"skipped":0,"pct":86.58},"branches":{"total":47,"covered":40,"skipped":0,"pct":85.1}}
,"/mnt/c/Projects/a11y/alfa/packages/alfa-css/src/value/numeric/number.ts": {"lines":{"total":90,"covered":76,"skipped":0,"pct":84.44},"functions":{"total":18,"covered":11,"skipped":0,"pct":61.11},"statements":{"total":90,"covered":76,"skipped":0,"pct":84.44},"branches":{"total":14,"covered":14,"skipped":0,"pct":100}}
,"/mnt/c/Projects/a11y/alfa/packages/alfa-css/src/value/numeric/numeric.ts": {"lines":{"total":83,"covered":59,"skipped":0,"pct":71.08},"functions":{"total":20,"covered":8,"skipped":0,"pct":40},"statements":{"total":83,"covered":59,"skipped":0,"pct":71.08},"branches":{"total":9,"covered":9,"skipped":0,"pct":100}}
,"/mnt/c/Projects/a11y/alfa/packages/alfa-css/src/value/numeric/percentage.ts": {"lines":{"total":152,"covered":138,"skipped":0,"pct":90.78},"functions":{"total":25,"covered":18,"skipped":0,"pct":72},"statements":{"total":152,"covered":138,"skipped":0,"pct":90.78},"branches":{"total":30,"covered":30,"skipped":0,"pct":100}}
,"/mnt/c/Projects/a11y/alfa/packages/alfa-css/src/value/position/component.ts": {"lines":{"total":33,"covered":33,"skipped":0,"pct":100},"functions":{"total":3,"covered":3,"skipped":0,"pct":100},"statements":{"total":33,"covered":33,"skipped":0,"pct":100},"branches":{"total":9,"covered":7,"skipped":0,"pct":77.77}}
,"/mnt/c/Projects/a11y/alfa/packages/alfa-css/src/value/position/index.ts": {"lines":{"total":1,"covered":1,"skipped":0,"pct":100},"functions":{"total":0,"covered":0,"skipped":0,"pct":100},"statements":{"total":1,"covered":1,"skipped":0,"pct":100},"branches":{"total":0,"covered":0,"skipped":0,"pct":100}}
,"/mnt/c/Projects/a11y/alfa/packages/alfa-css/src/value/position/keywords.ts": {"lines":{"total":10,"covered":10,"skipped":0,"pct":100},"functions":{"total":0,"covered":0,"skipped":0,"pct":100},"statements":{"total":10,"covered":10,"skipped":0,"pct":100},"branches":{"total":1,"covered":1,"skipped":0,"pct":100}}
,"/mnt/c/Projects/a11y/alfa/packages/alfa-css/src/value/position/position.ts": {"lines":{"total":177,"covered":163,"skipped":0,"pct":92.09},"functions":{"total":13,"covered":8,"skipped":0,"pct":61.53},"statements":{"total":177,"covered":163,"skipped":0,"pct":92.09},"branches":{"total":16,"covered":15,"skipped":0,"pct":93.75}}
,"/mnt/c/Projects/a11y/alfa/packages/alfa-css/src/value/position/side.ts": {"lines":{"total":106,"covered":90,"skipped":0,"pct":84.9},"functions":{"total":13,"covered":8,"skipped":0,"pct":61.53},"statements":{"total":106,"covered":90,"skipped":0,"pct":84.9},"branches":{"total":14,"covered":12,"skipped":0,"pct":85.71}}
,"/mnt/c/Projects/a11y/alfa/packages/alfa-css/src/value/shape/basic-shape.ts": {"lines":{"total":18,"covered":16,"skipped":0,"pct":88.88},"functions":{"total":3,"covered":2,"skipped":0,"pct":66.66},"statements":{"total":18,"covered":16,"skipped":0,"pct":88.88},"branches":{"total":2,"covered":2,"skipped":0,"pct":100}}
,"/mnt/c/Projects/a11y/alfa/packages/alfa-css/src/value/shape/circle.ts": {"lines":{"total":90,"covered":63,"skipped":0,"pct":70},"functions":{"total":11,"covered":3,"skipped":0,"pct":27.27},"statements":{"total":90,"covered":63,"skipped":0,"pct":70},"branches":{"total":6,"covered":5,"skipped":0,"pct":83.33}}
,"/mnt/c/Projects/a11y/alfa/packages/alfa-css/src/value/shape/corner.ts": {"lines":{"total":44,"covered":13,"skipped":0,"pct":29.54},"functions":{"total":3,"covered":1,"skipped":0,"pct":33.33},"statements":{"total":44,"covered":13,"skipped":0,"pct":29.54},"branches":{"total":5,"covered":4,"skipped":0,"pct":80}}
,"/mnt/c/Projects/a11y/alfa/packages/alfa-css/src/value/shape/ellipse.ts": {"lines":{"total":114,"covered":79,"skipped":0,"pct":69.29},"functions":{"total":12,"covered":3,"skipped":0,"pct":25},"statements":{"total":114,"covered":79,"skipped":0,"pct":69.29},"branches":{"total":6,"covered":5,"skipped":0,"pct":83.33}}
,"/mnt/c/Projects/a11y/alfa/packages/alfa-css/src/value/shape/index.ts": {"lines":{"total":7,"covered":7,"skipped":0,"pct":100},"functions":{"total":0,"covered":0,"skipped":0,"pct":100},"statements":{"total":7,"covered":7,"skipped":0,"pct":100},"branches":{"total":0,"covered":0,"skipped":0,"pct":100}}
,"/mnt/c/Projects/a11y/alfa/packages/alfa-css/src/value/shape/inset.ts": {"lines":{"total":202,"covered":120,"skipped":0,"pct":59.4},"functions":{"total":19,"covered":3,"skipped":0,"pct":15.78},"statements":{"total":202,"covered":120,"skipped":0,"pct":59.4},"branches":{"total":14,"covered":13,"skipped":0,"pct":92.85}}
,"/mnt/c/Projects/a11y/alfa/packages/alfa-css/src/value/shape/polygon.ts": {"lines":{"total":107,"covered":65,"skipped":0,"pct":60.74},"functions":{"total":11,"covered":3,"skipped":0,"pct":27.27},"statements":{"total":107,"covered":65,"skipped":0,"pct":60.74},"branches":{"total":8,"covered":7,"skipped":0,"pct":87.5}}
,"/mnt/c/Projects/a11y/alfa/packages/alfa-css/src/value/shape/radius.ts": {"lines":{"total":87,"covered":47,"skipped":0,"pct":54.02},"functions":{"total":10,"covered":3,"skipped":0,"pct":30},"statements":{"total":87,"covered":47,"skipped":0,"pct":54.02},"branches":{"total":9,"covered":8,"skipped":0,"pct":88.88}}
,"/mnt/c/Projects/a11y/alfa/packages/alfa-css/src/value/shape/rectangle.ts": {"lines":{"total":93,"covered":60,"skipped":0,"pct":64.51},"functions":{"total":12,"covered":3,"skipped":0,"pct":25},"statements":{"total":93,"covered":60,"skipped":0,"pct":64.51},"branches":{"total":6,"covered":5,"skipped":0,"pct":83.33}}
,"/mnt/c/Projects/a11y/alfa/packages/alfa-css/src/value/shape/shape.ts": {"lines":{"total":115,"covered":86,"skipped":0,"pct":74.78},"functions":{"total":13,"covered":5,"skipped":0,"pct":38.46},"statements":{"total":115,"covered":86,"skipped":0,"pct":74.78},"branches":{"total":18,"covered":17,"skipped":0,"pct":94.44}}
,"/mnt/c/Projects/a11y/alfa/packages/alfa-css/src/value/textual/custom-ident.ts": {"lines":{"total":36,"covered":18,"skipped":0,"pct":50},"functions":{"total":5,"covered":0,"skipped":0,"pct":0},"statements":{"total":36,"covered":18,"skipped":0,"pct":50},"branches":{"total":2,"covered":1,"skipped":0,"pct":50}}
,"/mnt/c/Projects/a11y/alfa/packages/alfa-css/src/value/textual/ident.ts": {"lines":{"total":39,"covered":29,"skipped":0,"pct":74.35},"functions":{"total":9,"covered":4,"skipped":0,"pct":44.44},"statements":{"total":39,"covered":29,"skipped":0,"pct":74.35},"branches":{"total":6,"covered":5,"skipped":0,"pct":83.33}}
,"/mnt/c/Projects/a11y/alfa/packages/alfa-css/src/value/textual/index.ts": {"lines":{"total":5,"covered":5,"skipped":0,"pct":100},"functions":{"total":0,"covered":0,"skipped":0,"pct":100},"statements":{"total":5,"covered":5,"skipped":0,"pct":100},"branches":{"total":0,"covered":0,"skipped":0,"pct":100}}
,"/mnt/c/Projects/a11y/alfa/packages/alfa-css/src/value/textual/keyword.ts": {"lines":{"total":40,"covered":38,"skipped":0,"pct":95},"functions":{"total":5,"covered":4,"skipped":0,"pct":80},"statements":{"total":40,"covered":38,"skipped":0,"pct":95},"branches":{"total":8,"covered":7,"skipped":0,"pct":87.5}}
,"/mnt/c/Projects/a11y/alfa/packages/alfa-css/src/value/textual/string.ts": {"lines":{"total":45,"covered":43,"skipped":0,"pct":95.55},"functions":{"total":1,"covered":0,"skipped":0,"pct":0},"statements":{"total":45,"covered":43,"skipped":0,"pct":95.55},"branches":{"total":2,"covered":1,"skipped":0,"pct":50}}
,"/mnt/c/Projects/a11y/alfa/packages/alfa-css/src/value/textual/url.ts": {"lines":{"total":49,"covered":37,"skipped":0,"pct":75.51},"functions":{"total":9,"covered":3,"skipped":0,"pct":33.33},"statements":{"total":49,"covered":37,"skipped":0,"pct":75.51},"branches":{"total":7,"covered":6,"skipped":0,"pct":85.71}}
,"/mnt/c/Projects/a11y/alfa/packages/alfa-css/src/value/transform/function.ts": {"lines":{"total":18,"covered":16,"skipped":0,"pct":88.88},"functions":{"total":3,"covered":2,"skipped":0,"pct":66.66},"statements":{"total":18,"covered":16,"skipped":0,"pct":88.88},"branches":{"total":2,"covered":2,"skipped":0,"pct":100}}
,"/mnt/c/Projects/a11y/alfa/packages/alfa-css/src/value/transform/index.ts": {"lines":{"total":7,"covered":7,"skipped":0,"pct":100},"functions":{"total":0,"covered":0,"skipped":0,"pct":100},"statements":{"total":7,"covered":7,"skipped":0,"pct":100},"branches":{"total":0,"covered":0,"skipped":0,"pct":100}}
,"/mnt/c/Projects/a11y/alfa/packages/alfa-css/src/value/transform/matrix.ts": {"lines":{"total":111,"covered":72,"skipped":0,"pct":64.86},"functions":{"total":10,"covered":4,"skipped":0,"pct":40},"statements":{"total":111,"covered":72,"skipped":0,"pct":64.86},"branches":{"total":13,"covered":12,"skipped":0,"pct":92.3}}
,"/mnt/c/Projects/a11y/alfa/packages/alfa-css/src/value/transform/perspective.ts": {"lines":{"total":58,"covered":47,"skipped":0,"pct":81.03},"functions":{"total":9,"covered":4,"skipped":0,"pct":44.44},"statements":{"total":58,"covered":47,"skipped":0,"pct":81.03},"branches":{"total":9,"covered":8,"skipped":0,"pct":88.88}}
,"/mnt/c/Projects/a11y/alfa/packages/alfa-css/src/value/transform/rotate.ts": {"lines":{"total":134,"covered":103,"skipped":0,"pct":76.86},"functions":{"total":13,"covered":4,"skipped":0,"pct":30.76},"statements":{"total":134,"covered":103,"skipped":0,"pct":76.86},"branches":{"total":13,"covered":12,"skipped":0,"pct":92.3}}
,"/mnt/c/Projects/a11y/alfa/packages/alfa-css/src/value/transform/scale.ts": {"lines":{"total":130,"covered":95,"skipped":0,"pct":73.07},"functions":{"total":12,"covered":3,"skipped":0,"pct":25},"statements":{"total":130,"covered":95,"skipped":0,"pct":73.07},"branches":{"total":18,"covered":17,"skipped":0,"pct":94.44}}
,"/mnt/c/Projects/a11y/alfa/packages/alfa-css/src/value/transform/skew.ts": {"lines":{"total":87,"covered":63,"skipped":0,"pct":72.41},"functions":{"total":10,"covered":3,"skipped":0,"pct":30},"statements":{"total":87,"covered":63,"skipped":0,"pct":72.41},"branches":{"total":10,"covered":9,"skipped":0,"pct":90}}
,"/mnt/c/Projects/a11y/alfa/packages/alfa-css/src/value/transform/transform.ts": {"lines":{"total":56,"covered":31,"skipped":0,"pct":55.35},"functions":{"total":8,"covered":0,"skipped":0,"pct":0},"statements":{"total":56,"covered":31,"skipped":0,"pct":55.35},"branches":{"total":1,"covered":1,"skipped":0,"pct":100}}
,"/mnt/c/Projects/a11y/alfa/packages/alfa-css/src/value/transform/translate.ts": {"lines":{"total":155,"covered":121,"skipped":0,"pct":78.06},"functions":{"total":12,"covered":4,"skipped":0,"pct":33.33},"statements":{"total":155,"covered":121,"skipped":0,"pct":78.06},"branches":{"total":21,"covered":20,"skipped":0,"pct":95.23}}
}
