{"total": {"lines":{"total":11,"covered":10,"skipped":0,"pct":90.9},"statements":{"total":14,"covered":13,"skipped":0,"pct":92.85},"functions":{"total":10,"covered":4,"skipped":0,"pct":40},"branches":{"total":4,"covered":0,"skipped":0,"pct":0},"branchesTrue":{"total":0,"covered":0,"skipped":0,"pct":"Unknown"}}
,"/home/runner/work/alfa/alfa/packages/alfa-fnv/src/fnv.ts": {"lines":{"total":11,"covered":10,"skipped":0,"pct":90.9},"functions":{"total":10,"covered":4,"skipped":0,"pct":40},"statements":{"total":14,"covered":13,"skipped":0,"pct":92.85},"branches":{"total":4,"covered":0,"skipped":0,"pct":0}}
,"/home/runner/work/alfa/alfa/packages/alfa-fnv/src/index.ts": {"lines":{"total":0,"covered":0,"skipped":0,"pct":0},"functions":{"total":0,"covered":0,"skipped":0,"pct":0},"statements":{"total":0,"covered":0,"skipped":0,"pct":0},"branches":{"total":0,"covered":0,"skipped":0,"pct":0}}
}
