{"total": {"lines":{"total":506,"covered":96,"skipped":0,"pct":18.97},"statements":{"total":728,"covered":120,"skipped":0,"pct":16.48},"functions":{"total":261,"covered":69,"skipped":0,"pct":26.43},"branches":{"total":340,"covered":68,"skipped":0,"pct":20},"branchesTrue":{"total":0,"covered":0,"skipped":0,"pct":100}}
,"/home/runner/work/alfa/alfa/packages/alfa-toolchain/package.json": {"lines":{"total":0,"covered":0,"skipped":0,"pct":0},"functions":{"total":0,"covered":0,"skipped":0,"pct":0},"statements":{"total":0,"covered":0,"skipped":0,"pct":0},"branches":{"total":0,"covered":0,"skipped":0,"pct":0}}
,"/home/runner/work/alfa/alfa/packages/alfa-toolchain/tsconfig.json": {"lines":{"total":0,"covered":0,"skipped":0,"pct":0},"functions":{"total":0,"covered":0,"skipped":0,"pct":0},"statements":{"total":0,"covered":0,"skipped":0,"pct":0},"branches":{"total":0,"covered":0,"skipped":0,"pct":0}}
,"/home/runner/work/alfa/alfa/packages/alfa-toolchain/src/common.ts": {"lines":{"total":1,"covered":0,"skipped":0,"pct":0},"functions":{"total":2,"covered":0,"skipped":0,"pct":0},"statements":{"total":1,"covered":0,"skipped":0,"pct":0},"branches":{"total":0,"covered":0,"skipped":0,"pct":100}}
,"/home/runner/work/alfa/alfa/packages/alfa-toolchain/src/create-alfa-package.ts": {"lines":{"total":55,"covered":0,"skipped":0,"pct":0},"functions":{"total":12,"covered":0,"skipped":0,"pct":0},"statements":{"total":70,"covered":0,"skipped":0,"pct":0},"branches":{"total":20,"covered":0,"skipped":0,"pct":0}}
,"/home/runner/work/alfa/alfa/packages/alfa-toolchain/src/index.ts": {"lines":{"total":0,"covered":0,"skipped":0,"pct":0},"functions":{"total":0,"covered":0,"skipped":0,"pct":0},"statements":{"total":0,"covered":0,"skipped":0,"pct":0},"branches":{"total":0,"covered":0,"skipped":0,"pct":0}}
,"/home/runner/work/alfa/alfa/packages/alfa-toolchain/src/tsconfig.json": {"lines":{"total":0,"covered":0,"skipped":0,"pct":0},"functions":{"total":0,"covered":0,"skipped":0,"pct":0},"statements":{"total":0,"covered":0,"skipped":0,"pct":0},"branches":{"total":0,"covered":0,"skipped":0,"pct":0}}
,"/home/runner/work/alfa/alfa/packages/alfa-toolchain/src/changeset/build-changelog.ts": {"lines":{"total":44,"covered":21,"skipped":0,"pct":47.72},"functions":{"total":40,"covered":24,"skipped":0,"pct":60},"statements":{"total":65,"covered":28,"skipped":0,"pct":43.07},"branches":{"total":30,"covered":10,"skipped":0,"pct":33.33}}
,"/home/runner/work/alfa/alfa/packages/alfa-toolchain/src/changeset/changelog-global.ts": {"lines":{"total":32,"covered":0,"skipped":0,"pct":0},"functions":{"total":9,"covered":0,"skipped":0,"pct":0},"statements":{"total":49,"covered":0,"skipped":0,"pct":0},"branches":{"total":12,"covered":0,"skipped":0,"pct":0}}
,"/home/runner/work/alfa/alfa/packages/alfa-toolchain/src/changeset/changelog-individual.cts": {"lines":{"total":4,"covered":0,"skipped":0,"pct":0},"functions":{"total":1,"covered":0,"skipped":0,"pct":0},"statements":{"total":4,"covered":0,"skipped":0,"pct":0},"branches":{"total":0,"covered":0,"skipped":0,"pct":100}}
,"/home/runner/work/alfa/alfa/packages/alfa-toolchain/src/changeset/get-changeset-details.ts": {"lines":{"total":12,"covered":12,"skipped":0,"pct":100},"functions":{"total":8,"covered":6,"skipped":0,"pct":75},"statements":{"total":17,"covered":15,"skipped":0,"pct":88.23},"branches":{"total":12,"covered":12,"skipped":0,"pct":100}}
,"/home/runner/work/alfa/alfa/packages/alfa-toolchain/src/changeset/helpers.ts": {"lines":{"total":28,"covered":6,"skipped":0,"pct":21.42},"functions":{"total":8,"covered":1,"skipped":0,"pct":12.5},"statements":{"total":33,"covered":6,"skipped":0,"pct":18.18},"branches":{"total":14,"covered":4,"skipped":0,"pct":28.57}}
,"/home/runner/work/alfa/alfa/packages/alfa-toolchain/src/coverage/generate-unit-test-coverage-report.ts": {"lines":{"total":11,"covered":0,"skipped":0,"pct":0},"functions":{"total":4,"covered":0,"skipped":0,"pct":0},"statements":{"total":16,"covered":0,"skipped":0,"pct":0},"branches":{"total":6,"covered":0,"skipped":0,"pct":0}}
,"/home/runner/work/alfa/alfa/packages/alfa-toolchain/src/coverage/transform-unit-test-coverage-data.ts": {"lines":{"total":20,"covered":17,"skipped":0,"pct":85},"functions":{"total":17,"covered":9,"skipped":0,"pct":52.94},"statements":{"total":38,"covered":26,"skipped":0,"pct":68.42},"branches":{"total":8,"covered":4,"skipped":0,"pct":50}}
,"/home/runner/work/alfa/alfa/packages/alfa-toolchain/src/coverage/upload-coverage-report.ts": {"lines":{"total":20,"covered":0,"skipped":0,"pct":0},"functions":{"total":2,"covered":0,"skipped":0,"pct":0},"statements":{"total":30,"covered":0,"skipped":0,"pct":0},"branches":{"total":18,"covered":0,"skipped":0,"pct":0}}
,"/home/runner/work/alfa/alfa/packages/alfa-toolchain/src/dependency-graph/dependency-graph.ts": {"lines":{"total":99,"covered":8,"skipped":0,"pct":8.08},"functions":{"total":51,"covered":3,"skipped":0,"pct":5.88},"statements":{"total":135,"covered":8,"skipped":0,"pct":5.92},"branches":{"total":56,"covered":6,"skipped":0,"pct":10.71}}
,"/home/runner/work/alfa/alfa/packages/alfa-toolchain/src/dependency-graph/generate-graphs.ts": {"lines":{"total":30,"covered":0,"skipped":0,"pct":0},"functions":{"total":10,"covered":0,"skipped":0,"pct":0},"statements":{"total":37,"covered":0,"skipped":0,"pct":0},"branches":{"total":26,"covered":0,"skipped":0,"pct":0}}
,"/home/runner/work/alfa/alfa/packages/alfa-toolchain/src/dependency-graph/helpers.ts": {"lines":{"total":51,"covered":30,"skipped":0,"pct":58.82},"functions":{"total":47,"covered":22,"skipped":0,"pct":46.8},"statements":{"total":96,"covered":35,"skipped":0,"pct":36.45},"branches":{"total":32,"covered":28,"skipped":0,"pct":87.5}}
,"/home/runner/work/alfa/alfa/packages/alfa-toolchain/src/dependency-graph/index.ts": {"lines":{"total":0,"covered":0,"skipped":0,"pct":0},"functions":{"total":0,"covered":0,"skipped":0,"pct":0},"statements":{"total":0,"covered":0,"skipped":0,"pct":0},"branches":{"total":0,"covered":0,"skipped":0,"pct":0}}
,"/home/runner/work/alfa/alfa/packages/alfa-toolchain/src/dependency-graph/rainbow.ts": {"lines":{"total":11,"covered":2,"skipped":0,"pct":18.18},"functions":{"total":12,"covered":4,"skipped":0,"pct":33.33},"statements":{"total":19,"covered":2,"skipped":0,"pct":10.52},"branches":{"total":6,"covered":4,"skipped":0,"pct":66.66}}
,"/home/runner/work/alfa/alfa/packages/alfa-toolchain/src/validation/has-extractor-config.ts": {"lines":{"total":8,"covered":0,"skipped":0,"pct":0},"functions":{"total":2,"covered":0,"skipped":0,"pct":0},"statements":{"total":11,"covered":0,"skipped":0,"pct":0},"branches":{"total":4,"covered":0,"skipped":0,"pct":0}}
,"/home/runner/work/alfa/alfa/packages/alfa-toolchain/src/validation/index.ts": {"lines":{"total":0,"covered":0,"skipped":0,"pct":0},"functions":{"total":0,"covered":0,"skipped":0,"pct":0},"statements":{"total":0,"covered":0,"skipped":0,"pct":0},"branches":{"total":0,"covered":0,"skipped":0,"pct":0}}
,"/home/runner/work/alfa/alfa/packages/alfa-toolchain/src/validation/is-in-clusters.ts": {"lines":{"total":7,"covered":0,"skipped":0,"pct":0},"functions":{"total":6,"covered":0,"skipped":0,"pct":0},"statements":{"total":9,"covered":0,"skipped":0,"pct":0},"branches":{"total":4,"covered":0,"skipped":0,"pct":0}}
,"/home/runner/work/alfa/alfa/packages/alfa-toolchain/src/validation/validate-all.ts": {"lines":{"total":24,"covered":0,"skipped":0,"pct":0},"functions":{"total":3,"covered":0,"skipped":0,"pct":0},"statements":{"total":30,"covered":0,"skipped":0,"pct":0},"branches":{"total":30,"covered":0,"skipped":0,"pct":0}}
,"/home/runner/work/alfa/alfa/packages/alfa-toolchain/src/validation/validate-changesets.ts": {"lines":{"total":9,"covered":0,"skipped":0,"pct":0},"functions":{"total":8,"covered":0,"skipped":0,"pct":0},"statements":{"total":13,"covered":0,"skipped":0,"pct":0},"branches":{"total":8,"covered":0,"skipped":0,"pct":0}}
,"/home/runner/work/alfa/alfa/packages/alfa-toolchain/src/validation/validate-package-json.ts": {"lines":{"total":19,"covered":0,"skipped":0,"pct":0},"functions":{"total":2,"covered":0,"skipped":0,"pct":0},"statements":{"total":22,"covered":0,"skipped":0,"pct":0},"branches":{"total":38,"covered":0,"skipped":0,"pct":0}}
,"/home/runner/work/alfa/alfa/packages/alfa-toolchain/src/validation/validate-workspace-tsconfig.ts": {"lines":{"total":21,"covered":0,"skipped":0,"pct":0},"functions":{"total":17,"covered":0,"skipped":0,"pct":0},"statements":{"total":33,"covered":0,"skipped":0,"pct":0},"branches":{"total":16,"covered":0,"skipped":0,"pct":0}}
,"/home/runner/work/alfa/alfa/packages/alfa-toolchain/test/tsconfig.json": {"lines":{"total":0,"covered":0,"skipped":0,"pct":0},"functions":{"total":0,"covered":0,"skipped":0,"pct":0},"statements":{"total":0,"covered":0,"skipped":0,"pct":0},"branches":{"total":0,"covered":0,"skipped":0,"pct":0}}
}
