{"total": {"lines":{"total":647,"covered":533,"skipped":0,"pct":82.38},"statements":{"total":647,"covered":533,"skipped":0,"pct":82.38},"functions":{"total":101,"covered":71,"skipped":0,"pct":70.29},"branches":{"total":158,"covered":154,"skipped":0,"pct":97.46},"branchesTrue":{"total":0,"covered":0,"skipped":0,"pct":"Unknown"}}
,"/home/runner/work/alfa/alfa/packages/alfa-map/src/index.ts": {"lines":{"total":2,"covered":0,"skipped":0,"pct":0},"functions":{"total":1,"covered":0,"skipped":0,"pct":0},"statements":{"total":2,"covered":0,"skipped":0,"pct":0},"branches":{"total":1,"covered":0,"skipped":0,"pct":0}}
,"/home/runner/work/alfa/alfa/packages/alfa-map/src/map.ts": {"lines":{"total":235,"covered":155,"skipped":0,"pct":65.95},"functions":{"total":44,"covered":22,"skipped":0,"pct":50},"statements":{"total":235,"covered":155,"skipped":0,"pct":65.95},"branches":{"total":45,"covered":42,"skipped":0,"pct":93.33}}
,"/home/runner/work/alfa/alfa/packages/alfa-map/src/node.ts": {"lines":{"total":351,"covered":319,"skipped":0,"pct":90.88},"functions":{"total":42,"covered":35,"skipped":0,"pct":83.33},"statements":{"total":351,"covered":319,"skipped":0,"pct":90.88},"branches":{"total":97,"covered":97,"skipped":0,"pct":100}}
,"/home/runner/work/alfa/alfa/packages/alfa-map/src/status.ts": {"lines":{"total":59,"covered":59,"skipped":0,"pct":100},"functions":{"total":14,"covered":14,"skipped":0,"pct":100},"statements":{"total":59,"covered":59,"skipped":0,"pct":100},"branches":{"total":15,"covered":15,"skipped":0,"pct":100}}
}
