{"total": {"lines":{"total":238,"covered":192,"skipped":0,"pct":80.67},"statements":{"total":335,"covered":257,"skipped":0,"pct":76.71},"functions":{"total":254,"covered":111,"skipped":0,"pct":43.7},"branches":{"total":121,"covered":78,"skipped":0,"pct":64.46},"branchesTrue":{"total":0,"covered":0,"skipped":0,"pct":"Unknown"}}
,"/home/runner/work/alfa/alfa/packages/alfa-map/src/index.ts": {"lines":{"total":0,"covered":0,"skipped":0,"pct":0},"functions":{"total":0,"covered":0,"skipped":0,"pct":0},"statements":{"total":0,"covered":0,"skipped":0,"pct":0},"branches":{"total":0,"covered":0,"skipped":0,"pct":0}}
,"/home/runner/work/alfa/alfa/packages/alfa-map/src/map.ts": {"lines":{"total":86,"covered":52,"skipped":0,"pct":60.46},"functions":{"total":128,"covered":43,"skipped":0,"pct":33.59},"statements":{"total":123,"covered":68,"skipped":0,"pct":55.28},"branches":{"total":32,"covered":14,"skipped":0,"pct":43.75}}
,"/home/runner/work/alfa/alfa/packages/alfa-map/src/node.ts": {"lines":{"total":129,"covered":117,"skipped":0,"pct":90.69},"functions":{"total":96,"covered":39,"skipped":0,"pct":40.62},"statements":{"total":180,"covered":162,"skipped":0,"pct":90},"branches":{"total":85,"covered":60,"skipped":0,"pct":70.58}}
,"/home/runner/work/alfa/alfa/packages/alfa-map/src/status.ts": {"lines":{"total":23,"covered":23,"skipped":0,"pct":100},"functions":{"total":30,"covered":29,"skipped":0,"pct":96.66},"statements":{"total":32,"covered":27,"skipped":0,"pct":84.37},"branches":{"total":4,"covered":4,"skipped":0,"pct":100}}
}
