{"total": {"lines":{"total":88,"covered":28,"skipped":0,"pct":31.81},"statements":{"total":89,"covered":28,"skipped":0,"pct":31.46},"functions":{"total":76,"covered":15,"skipped":0,"pct":19.73},"branches":{"total":25,"covered":9,"skipped":0,"pct":36},"branchesTrue":{"total":0,"covered":0,"skipped":0,"pct":100}}
,"/home/runner/work/alfa/alfa/packages/alfa-option/package.json": {"lines":{"total":0,"covered":0,"skipped":0,"pct":0},"functions":{"total":0,"covered":0,"skipped":0,"pct":0},"statements":{"total":0,"covered":0,"skipped":0,"pct":0},"branches":{"total":0,"covered":0,"skipped":0,"pct":0}}
,"/home/runner/work/alfa/alfa/packages/alfa-option/tsconfig.json": {"lines":{"total":0,"covered":0,"skipped":0,"pct":0},"functions":{"total":0,"covered":0,"skipped":0,"pct":0},"statements":{"total":0,"covered":0,"skipped":0,"pct":0},"branches":{"total":0,"covered":0,"skipped":0,"pct":0}}
,"/home/runner/work/alfa/alfa/packages/alfa-option/src/index.ts": {"lines":{"total":0,"covered":0,"skipped":0,"pct":0},"functions":{"total":0,"covered":0,"skipped":0,"pct":0},"statements":{"total":0,"covered":0,"skipped":0,"pct":0},"branches":{"total":0,"covered":0,"skipped":0,"pct":0}}
,"/home/runner/work/alfa/alfa/packages/alfa-option/src/maybe.ts": {"lines":{"total":3,"covered":3,"skipped":0,"pct":100},"functions":{"total":2,"covered":2,"skipped":0,"pct":100},"statements":{"total":3,"covered":3,"skipped":0,"pct":100},"branches":{"total":4,"covered":4,"skipped":0,"pct":100}}
,"/home/runner/work/alfa/alfa/packages/alfa-option/src/none.ts": {"lines":{"total":31,"covered":3,"skipped":0,"pct":9.67},"functions":{"total":30,"covered":1,"skipped":0,"pct":3.33},"statements":{"total":31,"covered":3,"skipped":0,"pct":9.67},"branches":{"total":3,"covered":0,"skipped":0,"pct":0}}
,"/home/runner/work/alfa/alfa/packages/alfa-option/src/option.ts": {"lines":{"total":15,"covered":12,"skipped":0,"pct":80},"functions":{"total":8,"covered":5,"skipped":0,"pct":62.5},"statements":{"total":15,"covered":12,"skipped":0,"pct":80},"branches":{"total":10,"covered":4,"skipped":0,"pct":40}}
,"/home/runner/work/alfa/alfa/packages/alfa-option/src/some.ts": {"lines":{"total":39,"covered":10,"skipped":0,"pct":25.64},"functions":{"total":36,"covered":7,"skipped":0,"pct":19.44},"statements":{"total":40,"covered":10,"skipped":0,"pct":25},"branches":{"total":8,"covered":1,"skipped":0,"pct":12.5}}
,"/home/runner/work/alfa/alfa/packages/alfa-option/src/tsconfig.json": {"lines":{"total":0,"covered":0,"skipped":0,"pct":0},"functions":{"total":0,"covered":0,"skipped":0,"pct":0},"statements":{"total":0,"covered":0,"skipped":0,"pct":0},"branches":{"total":0,"covered":0,"skipped":0,"pct":0}}
,"/home/runner/work/alfa/alfa/packages/alfa-option/test/tsconfig.json": {"lines":{"total":0,"covered":0,"skipped":0,"pct":0},"functions":{"total":0,"covered":0,"skipped":0,"pct":0},"statements":{"total":0,"covered":0,"skipped":0,"pct":0},"branches":{"total":0,"covered":0,"skipped":0,"pct":0}}
}
