{"total": {"lines":{"total":73,"covered":47,"skipped":0,"pct":64.38},"statements":{"total":73,"covered":47,"skipped":0,"pct":64.38},"functions":{"total":12,"covered":4,"skipped":0,"pct":33.33},"branches":{"total":16,"covered":15,"skipped":0,"pct":93.75},"branchesTrue":{"total":0,"covered":0,"skipped":0,"pct":"Unknown"}}
,"/home/runner/work/alfa/alfa/packages/alfa-predicate/src/index.ts": {"lines":{"total":1,"covered":0,"skipped":0,"pct":0},"functions":{"total":1,"covered":0,"skipped":0,"pct":0},"statements":{"total":1,"covered":0,"skipped":0,"pct":0},"branches":{"total":1,"covered":0,"skipped":0,"pct":0}}
,"/home/runner/work/alfa/alfa/packages/alfa-predicate/src/predicate.ts": {"lines":{"total":72,"covered":47,"skipped":0,"pct":65.27},"functions":{"total":11,"covered":4,"skipped":0,"pct":36.36},"statements":{"total":72,"covered":47,"skipped":0,"pct":65.27},"branches":{"total":15,"covered":15,"skipped":0,"pct":100}}
}
