{"total": {"lines":{"total":841,"covered":593,"skipped":0,"pct":70.51},"statements":{"total":868,"covered":608,"skipped":0,"pct":70.04},"functions":{"total":446,"covered":293,"skipped":0,"pct":65.69},"branches":{"total":371,"covered":240,"skipped":0,"pct":64.69},"branchesTrue":{"total":0,"covered":0,"skipped":0,"pct":100}}
,"/home/runner/work/alfa/alfa/packages/alfa-aria/package.json": {"lines":{"total":0,"covered":0,"skipped":0,"pct":0},"functions":{"total":0,"covered":0,"skipped":0,"pct":0},"statements":{"total":0,"covered":0,"skipped":0,"pct":0},"branches":{"total":0,"covered":0,"skipped":0,"pct":0}}
,"/home/runner/work/alfa/alfa/packages/alfa-aria/tsconfig.json": {"lines":{"total":0,"covered":0,"skipped":0,"pct":0},"functions":{"total":0,"covered":0,"skipped":0,"pct":0},"statements":{"total":0,"covered":0,"skipped":0,"pct":0},"branches":{"total":0,"covered":0,"skipped":0,"pct":0}}
,"/home/runner/work/alfa/alfa/packages/alfa-aria/src/attribute.ts": {"lines":{"total":21,"covered":11,"skipped":0,"pct":52.38},"functions":{"total":13,"covered":9,"skipped":0,"pct":69.23},"statements":{"total":21,"covered":11,"skipped":0,"pct":52.38},"branches":{"total":9,"covered":4,"skipped":0,"pct":44.44}}
,"/home/runner/work/alfa/alfa/packages/alfa-aria/src/feature.ts": {"lines":{"total":224,"covered":140,"skipped":0,"pct":62.5},"functions":{"total":111,"covered":80,"skipped":0,"pct":72.07},"statements":{"total":228,"covered":144,"skipped":0,"pct":63.15},"branches":{"total":87,"covered":53,"skipped":0,"pct":60.91}}
,"/home/runner/work/alfa/alfa/packages/alfa-aria/src/index.ts": {"lines":{"total":2,"covered":2,"skipped":0,"pct":100},"functions":{"total":1,"covered":1,"skipped":0,"pct":100},"statements":{"total":2,"covered":2,"skipped":0,"pct":100},"branches":{"total":2,"covered":2,"skipped":0,"pct":100}}
,"/home/runner/work/alfa/alfa/packages/alfa-aria/src/node.ts": {"lines":{"total":136,"covered":120,"skipped":0,"pct":88.23},"functions":{"total":47,"covered":37,"skipped":0,"pct":78.72},"statements":{"total":139,"covered":122,"skipped":0,"pct":87.76},"branches":{"total":78,"covered":64,"skipped":0,"pct":82.05}}
,"/home/runner/work/alfa/alfa/packages/alfa-aria/src/role.ts": {"lines":{"total":88,"covered":69,"skipped":0,"pct":78.4},"functions":{"total":53,"covered":39,"skipped":0,"pct":73.58},"statements":{"total":89,"covered":70,"skipped":0,"pct":78.65},"branches":{"total":29,"covered":18,"skipped":0,"pct":62.06}}
,"/home/runner/work/alfa/alfa/packages/alfa-aria/src/tsconfig.json": {"lines":{"total":0,"covered":0,"skipped":0,"pct":0},"functions":{"total":0,"covered":0,"skipped":0,"pct":0},"statements":{"total":0,"covered":0,"skipped":0,"pct":0},"branches":{"total":0,"covered":0,"skipped":0,"pct":0}}
,"/home/runner/work/alfa/alfa/packages/alfa-aria/src/attribute/data.ts": {"lines":{"total":1,"covered":1,"skipped":0,"pct":100},"functions":{"total":0,"covered":0,"skipped":0,"pct":100},"statements":{"total":1,"covered":1,"skipped":0,"pct":100},"branches":{"total":0,"covered":0,"skipped":0,"pct":100}}
,"/home/runner/work/alfa/alfa/packages/alfa-aria/src/dom/dom.ts": {"lines":{"total":0,"covered":0,"skipped":0,"pct":0},"functions":{"total":0,"covered":0,"skipped":0,"pct":0},"statements":{"total":0,"covered":0,"skipped":0,"pct":0},"branches":{"total":0,"covered":0,"skipped":0,"pct":0}}
,"/home/runner/work/alfa/alfa/packages/alfa-aria/src/dom/predicate/has-accessible-name.ts": {"lines":{"total":4,"covered":4,"skipped":0,"pct":100},"functions":{"total":3,"covered":3,"skipped":0,"pct":100},"statements":{"total":5,"covered":5,"skipped":0,"pct":100},"branches":{"total":3,"covered":2,"skipped":0,"pct":66.66}}
,"/home/runner/work/alfa/alfa/packages/alfa-aria/src/dom/predicate/has-explicit-role.ts": {"lines":{"total":6,"covered":5,"skipped":0,"pct":83.33},"functions":{"total":3,"covered":3,"skipped":0,"pct":100},"statements":{"total":7,"covered":6,"skipped":0,"pct":85.71},"branches":{"total":3,"covered":2,"skipped":0,"pct":66.66}}
,"/home/runner/work/alfa/alfa/packages/alfa-aria/src/dom/predicate/has-heading-level.ts": {"lines":{"total":4,"covered":0,"skipped":0,"pct":0},"functions":{"total":4,"covered":0,"skipped":0,"pct":0},"statements":{"total":4,"covered":0,"skipped":0,"pct":0},"branches":{"total":1,"covered":0,"skipped":0,"pct":0}}
,"/home/runner/work/alfa/alfa/packages/alfa-aria/src/dom/predicate/has-implicit-role.ts": {"lines":{"total":5,"covered":1,"skipped":0,"pct":20},"functions":{"total":2,"covered":0,"skipped":0,"pct":0},"statements":{"total":6,"covered":1,"skipped":0,"pct":16.66},"branches":{"total":2,"covered":0,"skipped":0,"pct":0}}
,"/home/runner/work/alfa/alfa/packages/alfa-aria/src/dom/predicate/has-incorrect-role-without-name.ts": {"lines":{"total":4,"covered":4,"skipped":0,"pct":100},"functions":{"total":1,"covered":1,"skipped":0,"pct":100},"statements":{"total":4,"covered":4,"skipped":0,"pct":100},"branches":{"total":0,"covered":0,"skipped":0,"pct":100}}
,"/home/runner/work/alfa/alfa/packages/alfa-aria/src/dom/predicate/has-non-default-role.ts": {"lines":{"total":4,"covered":1,"skipped":0,"pct":25},"functions":{"total":3,"covered":0,"skipped":0,"pct":0},"statements":{"total":4,"covered":1,"skipped":0,"pct":25},"branches":{"total":0,"covered":0,"skipped":0,"pct":100}}
,"/home/runner/work/alfa/alfa/packages/alfa-aria/src/dom/predicate/has-non-empty-accessible-name.ts": {"lines":{"total":2,"covered":0,"skipped":0,"pct":0},"functions":{"total":2,"covered":0,"skipped":0,"pct":0},"statements":{"total":2,"covered":0,"skipped":0,"pct":0},"branches":{"total":0,"covered":0,"skipped":0,"pct":100}}
,"/home/runner/work/alfa/alfa/packages/alfa-aria/src/dom/predicate/has-role.ts": {"lines":{"total":5,"covered":3,"skipped":0,"pct":60},"functions":{"total":3,"covered":2,"skipped":0,"pct":66.66},"statements":{"total":6,"covered":4,"skipped":0,"pct":66.66},"branches":{"total":3,"covered":1,"skipped":0,"pct":33.33}}
,"/home/runner/work/alfa/alfa/packages/alfa-aria/src/dom/predicate/is-included-accessibility-tree.ts": {"lines":{"total":2,"covered":0,"skipped":0,"pct":0},"functions":{"total":4,"covered":0,"skipped":0,"pct":0},"statements":{"total":4,"covered":0,"skipped":0,"pct":0},"branches":{"total":0,"covered":0,"skipped":0,"pct":100}}
,"/home/runner/work/alfa/alfa/packages/alfa-aria/src/dom/predicate/is-marked-decorative.ts": {"lines":{"total":10,"covered":1,"skipped":0,"pct":10},"functions":{"total":5,"covered":0,"skipped":0,"pct":0},"statements":{"total":11,"covered":1,"skipped":0,"pct":9.09},"branches":{"total":6,"covered":0,"skipped":0,"pct":0}}
,"/home/runner/work/alfa/alfa/packages/alfa-aria/src/dom/predicate/is-perceivable.ts": {"lines":{"total":4,"covered":2,"skipped":0,"pct":50},"functions":{"total":2,"covered":0,"skipped":0,"pct":0},"statements":{"total":4,"covered":2,"skipped":0,"pct":50},"branches":{"total":0,"covered":0,"skipped":0,"pct":100}}
,"/home/runner/work/alfa/alfa/packages/alfa-aria/src/dom/predicate/is-programmatically-hidden.ts": {"lines":{"total":9,"covered":9,"skipped":0,"pct":100},"functions":{"total":4,"covered":4,"skipped":0,"pct":100},"statements":{"total":9,"covered":9,"skipped":0,"pct":100},"branches":{"total":1,"covered":1,"skipped":0,"pct":100}}
,"/home/runner/work/alfa/alfa/packages/alfa-aria/src/dom/predicate/is-semantically-disabled.ts": {"lines":{"total":2,"covered":2,"skipped":0,"pct":100},"functions":{"total":0,"covered":0,"skipped":0,"pct":100},"statements":{"total":2,"covered":2,"skipped":0,"pct":100},"branches":{"total":0,"covered":0,"skipped":0,"pct":100}}
,"/home/runner/work/alfa/alfa/packages/alfa-aria/src/name/index.ts": {"lines":{"total":0,"covered":0,"skipped":0,"pct":0},"functions":{"total":0,"covered":0,"skipped":0,"pct":0},"statements":{"total":0,"covered":0,"skipped":0,"pct":0},"branches":{"total":0,"covered":0,"skipped":0,"pct":0}}
,"/home/runner/work/alfa/alfa/packages/alfa-aria/src/name/name.ts": {"lines":{"total":127,"covered":120,"skipped":0,"pct":94.48},"functions":{"total":58,"covered":54,"skipped":0,"pct":93.1},"statements":{"total":130,"covered":123,"skipped":0,"pct":94.61},"branches":{"total":83,"covered":74,"skipped":0,"pct":89.15}}
,"/home/runner/work/alfa/alfa/packages/alfa-aria/src/name/source.ts": {"lines":{"total":60,"covered":34,"skipped":0,"pct":56.66},"functions":{"total":44,"covered":21,"skipped":0,"pct":47.72},"statements":{"total":60,"covered":34,"skipped":0,"pct":56.66},"branches":{"total":14,"covered":2,"skipped":0,"pct":14.28}}
,"/home/runner/work/alfa/alfa/packages/alfa-aria/src/name/state.ts": {"lines":{"total":31,"covered":23,"skipped":0,"pct":74.19},"functions":{"total":18,"covered":11,"skipped":0,"pct":61.11},"statements":{"total":31,"covered":23,"skipped":0,"pct":74.19},"branches":{"total":16,"covered":8,"skipped":0,"pct":50}}
,"/home/runner/work/alfa/alfa/packages/alfa-aria/src/name/predicate/has-value.ts": {"lines":{"total":5,"covered":1,"skipped":0,"pct":20},"functions":{"total":2,"covered":0,"skipped":0,"pct":0},"statements":{"total":6,"covered":1,"skipped":0,"pct":16.66},"branches":{"total":2,"covered":0,"skipped":0,"pct":0}}
,"/home/runner/work/alfa/alfa/packages/alfa-aria/src/name/predicate/index.ts": {"lines":{"total":0,"covered":0,"skipped":0,"pct":0},"functions":{"total":0,"covered":0,"skipped":0,"pct":0},"statements":{"total":0,"covered":0,"skipped":0,"pct":0},"branches":{"total":0,"covered":0,"skipped":0,"pct":0}}
,"/home/runner/work/alfa/alfa/packages/alfa-aria/src/node/container.ts": {"lines":{"total":11,"covered":6,"skipped":0,"pct":54.54},"functions":{"total":10,"covered":5,"skipped":0,"pct":50},"statements":{"total":11,"covered":6,"skipped":0,"pct":54.54},"branches":{"total":3,"covered":2,"skipped":0,"pct":66.66}}
,"/home/runner/work/alfa/alfa/packages/alfa-aria/src/node/element.ts": {"lines":{"total":34,"covered":14,"skipped":0,"pct":41.17},"functions":{"total":26,"covered":12,"skipped":0,"pct":46.15},"statements":{"total":36,"covered":14,"skipped":0,"pct":38.88},"branches":{"total":18,"covered":5,"skipped":0,"pct":27.77}}
,"/home/runner/work/alfa/alfa/packages/alfa-aria/src/node/inert.ts": {"lines":{"total":8,"covered":5,"skipped":0,"pct":62.5},"functions":{"total":6,"covered":3,"skipped":0,"pct":50},"statements":{"total":8,"covered":5,"skipped":0,"pct":62.5},"branches":{"total":0,"covered":0,"skipped":0,"pct":100}}
,"/home/runner/work/alfa/alfa/packages/alfa-aria/src/node/predicate.ts": {"lines":{"total":0,"covered":0,"skipped":0,"pct":0},"functions":{"total":0,"covered":0,"skipped":0,"pct":0},"statements":{"total":0,"covered":0,"skipped":0,"pct":0},"branches":{"total":0,"covered":0,"skipped":0,"pct":0}}
,"/home/runner/work/alfa/alfa/packages/alfa-aria/src/node/text.ts": {"lines":{"total":11,"covered":7,"skipped":0,"pct":63.63},"functions":{"total":9,"covered":4,"skipped":0,"pct":44.44},"statements":{"total":12,"covered":7,"skipped":0,"pct":58.33},"branches":{"total":0,"covered":0,"skipped":0,"pct":100}}
,"/home/runner/work/alfa/alfa/packages/alfa-aria/src/node/predicate/has-attribute.ts": {"lines":{"total":7,"covered":1,"skipped":0,"pct":14.28},"functions":{"total":4,"covered":0,"skipped":0,"pct":0},"statements":{"total":9,"covered":1,"skipped":0,"pct":11.11},"branches":{"total":3,"covered":0,"skipped":0,"pct":0}}
,"/home/runner/work/alfa/alfa/packages/alfa-aria/src/node/predicate/has-name.ts": {"lines":{"total":3,"covered":2,"skipped":0,"pct":66.66},"functions":{"total":3,"covered":2,"skipped":0,"pct":66.66},"statements":{"total":4,"covered":3,"skipped":0,"pct":75},"branches":{"total":3,"covered":1,"skipped":0,"pct":33.33}}
,"/home/runner/work/alfa/alfa/packages/alfa-aria/src/node/predicate/has-role.ts": {"lines":{"total":5,"covered":0,"skipped":0,"pct":0},"functions":{"total":3,"covered":0,"skipped":0,"pct":0},"statements":{"total":6,"covered":0,"skipped":0,"pct":0},"branches":{"total":3,"covered":0,"skipped":0,"pct":0}}
,"/home/runner/work/alfa/alfa/packages/alfa-aria/src/role/data.ts": {"lines":{"total":1,"covered":1,"skipped":0,"pct":100},"functions":{"total":0,"covered":0,"skipped":0,"pct":100},"statements":{"total":1,"covered":1,"skipped":0,"pct":100},"branches":{"total":0,"covered":0,"skipped":0,"pct":100}}
,"/home/runner/work/alfa/alfa/packages/alfa-aria/src/role/predicate.ts": {"lines":{"total":0,"covered":0,"skipped":0,"pct":0},"functions":{"total":0,"covered":0,"skipped":0,"pct":0},"statements":{"total":0,"covered":0,"skipped":0,"pct":0},"branches":{"total":0,"covered":0,"skipped":0,"pct":0}}
,"/home/runner/work/alfa/alfa/packages/alfa-aria/src/role/predicate/has-name.ts": {"lines":{"total":5,"covered":4,"skipped":0,"pct":80},"functions":{"total":2,"covered":2,"skipped":0,"pct":100},"statements":{"total":6,"covered":5,"skipped":0,"pct":83.33},"branches":{"total":2,"covered":1,"skipped":0,"pct":50}}
,"/home/runner/work/alfa/alfa/packages/alfa-aria/test/tsconfig.json": {"lines":{"total":0,"covered":0,"skipped":0,"pct":0},"functions":{"total":0,"covered":0,"skipped":0,"pct":0},"statements":{"total":0,"covered":0,"skipped":0,"pct":0},"branches":{"total":0,"covered":0,"skipped":0,"pct":0}}
}
