{"total": {"lines":{"total":319,"covered":230,"skipped":0,"pct":72.1},"statements":{"total":319,"covered":230,"skipped":0,"pct":72.1},"functions":{"total":24,"covered":8,"skipped":0,"pct":33.33},"branches":{"total":38,"covered":27,"skipped":0,"pct":71.05},"branchesTrue":{"total":0,"covered":0,"skipped":0,"pct":"Unknown"}}
,"/home/runner/work/alfa/alfa/packages/alfa-url/src/builtin.ts": {"lines":{"total":5,"covered":5,"skipped":0,"pct":100},"functions":{"total":0,"covered":0,"skipped":0,"pct":100},"statements":{"total":5,"covered":5,"skipped":0,"pct":100},"branches":{"total":0,"covered":0,"skipped":0,"pct":100}}
,"/home/runner/work/alfa/alfa/packages/alfa-url/src/index.ts": {"lines":{"total":1,"covered":0,"skipped":0,"pct":0},"functions":{"total":1,"covered":0,"skipped":0,"pct":0},"statements":{"total":1,"covered":0,"skipped":0,"pct":0},"branches":{"total":1,"covered":0,"skipped":0,"pct":0}}
,"/home/runner/work/alfa/alfa/packages/alfa-url/src/url.ts": {"lines":{"total":313,"covered":225,"skipped":0,"pct":71.88},"functions":{"total":23,"covered":8,"skipped":0,"pct":34.78},"statements":{"total":313,"covered":225,"skipped":0,"pct":71.88},"branches":{"total":37,"covered":27,"skipped":0,"pct":72.97}}
}
